0.235735	1855.00	ffrfl
0.246977	1859.00	ffr
0.315616	1974.00	fffff
0.315758	1971.00	ffffrfl
0.326469	1825.00	ffffffr
0.355731	1895.00	ffffr
0.365718	1855.00	ffffrflf
0.477019	1895.00	f
0.47713	1935.00	ff
0.505849	2011.00	ffff
0.53568	1780.00	fff
0.636455	1871.00	ffffff
0.72588	1971.00	ffrfr
0.735784	1737.00	ffrf
0.995631	1825.00	ffffrf
1.235871	1855.00	ffrfl
1.245788	1859.00	ffr
1.315739	1974.00	fffff
1.315879	1971.00	ffffrfl
1.325746	1825.00	ffffffr
1.355658	1895.00	ffffr
1.365662	1855.00	ffffrflf
1.47574	1895.00	f
1.475851	1935.00	ff
1.505691	1939.00	ffff
1.536777	1780.00	fff
1.635837	1825.00	ffffff
1.725781	1967.00	ffrfr
1.735775	1698.00	ffrf
1.995885	1600.00	ffffrf
2.235699	961.00	ffrfl
2.245748	1825.00	ffr
2.315787	1698.00	fffff
2.315932	1903.00	ffffrfl
2.325687	1825.00	ffffffr
2.356631	1650.00	ffffr
2.37575	1650.00	ffffrflf
2.475702	1825.00	f
2.485714	1666.00	ff
2.506969	1825.00	ffff
2.535844	982.00	fff
2.635777	1453.00	ffffff
2.725744	1923.00	ffrfr
2.736279	1698.00	ffrf
2.995768	1375.00	ffffrf
3.23564	389.00	ffrfl
3.246595	1585.00	ffr
3.31566	1698.00	fffff
3.315805	1791.00	ffffrfl
3.326427	1825.00	ffffffr
3.35584	970.00	ffffr
3.375682	1519.00	ffffrflf
3.475677	1453.00	f
3.485993	1214.00	ff
3.505827	1600.00	ffff
3.535683	982.00	fff
3.636345	757.00	ffffff
3.725885	1825.00	ffrfr
3.735732	1698.00	ffrf
3.995778	914.00	ffffrf
4.236104	70.00	ffrfl
4.245843	493.00	ffr
4.316274	1698.00	fffff
4.325775	1625.00	ffffrfl
4.325934	1655.00	ffffffr
4.355799	580.00	ffffr
4.375666	1003.00	ffffrflf
4.476089	70.00	f
4.485825	720.00	ff
4.50572	1600.00	ffff
4.545731	982.00	fff
4.635771	389.00	ffffff
4.725607	1262.00	ffrfr
4.736238	1698.00	ffrf
4.99572	496.00	ffffrf
5.235694	70.00	ffrfl
5.245771	247.00	ffr
5.315754	1671.00	fffff
5.325676	576.00	ffffrfl
5.325821	1239.00	ffffffr
5.355801	487.00	ffffr
5.375725	985.00	ffffrflf
5.485642	70.00	f
5.485791	498.00	ff
5.506548	780.00	ffff
5.54571	389.00	fff
5.635674	247.00	ffffff
5.725734	979.00	ffrfr
5.736786	1698.00	ffrf
5.995756	410.00	ffffrf
6.245725	70.00	ffrfl
6.255765	70.00	ffr
6.31572	1009.00	fffff
6.325765	495.00	ffffrfl
6.325913	389.00	ffffffr
6.355883	487.00	ffffr
6.375962	70.00	ffffrflf
6.485698	70.00	f
6.48584	410.00	ff
6.506809	410.00	ffff
6.545794	389.00	fff
6.635673	247.00	ffffff
6.72563	410.00	ffrfr
6.736659	961.00	ffrf
6.995687	410.00	ffffrf
7.246515	70.00	ffrfl
7.255842	52.00	ffr
7.315604	70.00	fffff
7.326356	401.00	ffffrfl
7.326507	389.00	ffffffr
7.355749	482.00	ffffr
7.375787	70.00	ffffrflf
7.485726	70.00	f
7.485855	70.00	ff
7.506213	150.75	ffff
7.545794	70.00	fff
7.635739	70.00	ffffff
7.726572	410.00	ffrfr
7.745756	70.00	ffrf
7.995704	389.00	ffffrf
8.24588	70.00	ffrfl
8.255741	52.00	ffr
8.325801	70.00	fffff
8.325953	70.00	ffffrfl
8.335811	389.00	ffffffr
8.35579	389.00	ffffr
8.375881	70.00	ffffrflf
8.485745	70.00	f
8.485866	70.00	ff
8.515682	150.75	ffff
8.545705	70.00	fff
8.645849	70.00	ffffff
8.735694	389.00	ffrfr
8.745661	70.00	ffrf
9.00576	389.00	ffffrf
9.245818	70.00	ffrfl
9.255755	52.00	ffr
9.325692	70.00	fffff
9.325855	70.00	ffffrfl
9.335657	389.00	ffffffr
9.366562	389.00	ffffr
9.375908	70.00	ffffrflf
9.485778	70.00	f
9.485896	70.00	ff
9.517145	150.75	ffff
9.545813	70.00	fff
9.645801	70.00	ffffff
9.735642	389.00	ffrfr
9.746734	70.00	ffrf
10.005668	389.00	ffffrf
10.245765	70.00	ffrfl
10.256817	52.00	ffr
10.325751	70.00	fffff
10.336751	31.00	ffffrfl
10.336825	389.00	ffffffr
10.365824	389.00	ffffr
10.375897	70.00	ffffrflf
10.485692	70.00	f
10.485812	70.00	ff
10.515775	150.75	ffff
10.545648	70.00	fff
10.646468	70.00	ffffff
10.735794	389.00	ffrfr
10.745753	70.00	ffrf
11.007108	389.00	ffffrf
11.245874	70.00	ffrfl
11.255797	52.00	ffr
11.325813	70.00	fffff
11.335836	31.00	ffffrfl
11.335907	70.00	ffffffr
11.365763	150.75	ffffr
11.375771	31.00	ffffrflf
11.485727	70.00	f
11.495734	52.00	ff
11.515696	70.00	ffff
11.545598	70.00	fff
11.645786	70.00	ffffff
11.735834	70.00	ffrfr
11.745861	52.00	ffrf
12.005775	31.00	ffffrf
12.245721	70.00	ffrfl
12.255847	31.00	ffr
12.32571	70.00	fffff
12.335754	31.00	ffffrfl
12.335826	70.00	ffffffr
12.365723	150.75	ffffr
12.385766	31.00	ffffrflf
12.485715	70.00	f
12.495844	52.00	ff
12.515633	70.00	ffff
12.545873	70.00	fff
12.645673	70.00	ffffff
12.735748	70.00	ffrfr
12.745815	52.00	ffrf
13.005696	31.00	ffffrf
13.245717	70.00	ffrfl
13.255764	31.00	ffr
13.325733	70.00	fffff
13.335609	31.00	ffffrfl
13.335681	70.00	ffffffr
13.365738	103.00	ffffr
13.385711	31.00	ffffrflf
13.496727	70.00	f
13.49685	31.00	ff
13.515809	70.00	ffff
13.555636	70.00	fff
13.647073	70.00	ffffff
13.736207	70.00	ffrfr
13.745939	52.00	ffrf
14.005718	31.00	ffffrf
14.246947	70.00	ffrfl
14.25615	31.00	ffr
14.326995	70.00	fffff
14.336227	31.00	ffffrfl
14.336297	70.00	ffffffr
14.365818	103.00	ffffr
14.385742	31.00	ffffrflf
14.48674	70.00	f
14.49592	7.00	ff
14.515816	70.00	ffff
14.545734	70.00	fff
14.64893	70.00	ffffff
14.738854	70.00	ffrfr
14.748822	52.00	ffrf
15.008774	31.00	ffffrf
15.250025	70.00	ffrfl
15.259266	31.00	ffr
15.328638	70.00	fffff
15.339148	31.00	ffffrfl
15.33922	70.00	ffffffr
15.368805	103.00	ffffr
15.378798	31.00	ffffrflf
15.488728	70.00	f
15.499148	7.00	ff
15.51882	70.00	ffff
15.548735	70.00	fff
15.648635	70.00	ffffff
15.738895	70.00	ffrfr
15.748855	52.00	ffrf
16.008736	31.00	ffffrf
16.248802	70.00	ffrfl
16.260095	31.00	ffr
16.32876	70.00	fffff
16.340169	31.00	ffffrfl
16.340256	70.00	ffffffr
16.368778	103.00	ffffr
16.388776	31.00	ffffrflf
16.499892	70.00	f
16.500036	7.00	ff
16.518831	70.00	ffff
16.548813	70.00	fff
16.648747	70.00	ffffff
16.739544	70.00	ffrfr
16.748847	52.00	ffrf
17.008652	31.00	ffffrf
17.249888	70.00	ffrfl
17.259028	31.00	ffr
17.329844	70.00	fffff
17.339033	31.00	ffffrfl
17.339102	70.00	ffffffr
17.36876	103.00	ffffr
17.388758	31.00	ffffrflf
17.498668	70.00	f
17.498815	7.00	ff
17.518688	70.00	ffff
17.558682	70.00	fff
17.648778	70.00	ffffff
17.738756	70.00	ffrfr
17.750006	31.00	ffrf
18.008792	31.00	ffffrf
18.258754	70.00	ffrfl
18.268753	31.00	ffr
18.3287	70.00	fffff
18.338831	31.00	ffffrfl
18.348649	70.00	ffffffr
18.368766	103.00	ffffr
18.388792	31.00	ffffrflf
18.498699	70.00	f
18.498815	7.00	ff
18.528802	70.00	ffff
18.558661	70.00	fff
18.648697	70.00	ffffff
18.739793	70.00	ffrfr
18.758772	31.00	ffrf
19.008652	31.00	ffffrf
19.258836	70.00	ffrfl
19.26893	31.00	ffr
19.338885	70.00	fffff
19.339049	31.00	ffffrfl
19.348869	70.00	ffffffr
19.368792	103.00	ffffr
19.388767	31.00	ffffrflf
19.498839	70.00	f
19.498982	7.00	ff
19.528799	70.00	ffff
19.558741	70.00	fff
19.648834	70.00	ffffff
19.738728	70.00	ffrfr
19.758694	31.00	ffrf
20.008602	31.00	ffffrf
20.258838	70.00	ffrfl
20.26892	31.00	ffr
20.338742	70.00	fffff
20.338816	31.00	ffffrfl
20.348821	70.00	ffffffr
20.378768	103.00	ffffr
20.388693	31.00	ffffrflf
20.498735	70.00	f
20.498853	7.00	ff
20.528688	70.00	ffff
20.558897	70.00	fff
20.658789	70.00	ffffff
20.738775	70.00	ffrfr
20.758649	31.00	ffrf
21.018713	31.00	ffffrf
21.258892	31.00	ffrfl
21.268838	7.00	ffr
21.338761	70.00	fffff
21.338834	31.00	ffffrfl
21.348751	70.00	ffffffr
21.378859	31.00	ffffr
21.388957	31.00	ffffrflf
21.498674	7.00	f
21.508682	7.00	ff
21.529856	70.00	ffff
21.559718	7.00	fff
21.659762	70.00	ffffff
21.750302	31.00	ffrfr
21.759848	31.00	ffrf
22.019752	31.00	ffffrf
22.259766	31.00	ffrfl
22.269694	7.00	ffr
22.339646	70.00	fffff
22.339737	31.00	ffffrfl
22.350835	31.00	ffffffr
22.379725	31.00	ffffr
22.389826	31.00	ffffrflf
22.499622	7.00	f
22.611582	7.00	ff
22.611727	70.00	ffff
22.61186	7.00	fff
22.659869	70.00	ffffff
22.749778	31.00	ffrfr
22.759765	31.00	ffrf
23.020254	31.00	ffffrf
23.259782	31.00	ffrfl
23.269863	7.00	ffr
23.339781	70.00	fffff
23.339854	31.00	ffffrfl
23.349925	31.00	ffffffr
23.37978	31.00	ffffr
23.389715	31.00	ffffrflf
23.49977	7.00	f
23.509857	7.00	ff
23.52972	70.00	ffff
23.560262	7.00	fff
23.659722	70.00	ffffff
23.749759	31.00	ffrfr
23.759847	31.00	ffrf
24.019813	31.00	ffffrf
24.259739	31.00	ffrfl
24.269813	7.00	ffr
24.339796	70.00	fffff
24.349744	31.00	ffffrfl
24.349817	31.00	ffffffr
24.380692	31.00	ffffr
24.399803	31.00	ffffrflf
24.499812	7.00	f
24.509789	7.00	ff
24.529603	70.00	ffff
24.559765	7.00	fff
24.659873	70.00	ffffff
24.749731	31.00	ffrfr
24.759862	31.00	ffrf
25.020693	31.00	ffffrf
25.259889	31.00	ffrfl
25.269863	7.00	ffr
25.339827	70.00	fffff
25.349878	31.00	ffffrfl
25.34995	31.00	ffffffr
25.379677	31.00	ffffr
25.399761	31.00	ffffrflf
25.509747	7.00	f
25.509887	7.00	ff
25.529727	70.00	ffff
25.559616	7.00	fff
25.659909	70.00	ffffff
25.749741	31.00	ffrfr
25.759899	31.00	ffrf
26.019736	31.00	ffffrf
26.269885	31.00	ffrfl
26.279778	7.00	ffr
26.339789	70.00	fffff
26.349942	31.00	ffffrfl
26.350011	31.00	ffffffr
26.379815	31.00	ffffr
26.399755	31.00	ffffrflf
26.509836	7.00	f
26.509967	7.00	ff
26.529725	70.00	ffff
26.569655	7.00	fff
26.659773	70.00	ffffff
26.749718	31.00	ffrfr
26.759822	31.00	ffrf
27.020215	31.00	ffffrf
27.269752	31.00	ffrfl
27.279765	7.00	ffr
27.349799	70.00	fffff
27.349943	31.00	ffffrfl
27.350012	31.00	ffffffr
27.379607	31.00	ffffr
27.399923	31.00	ffffrflf
27.509716	7.00	f
27.516519	7.00	ff
27.539844	70.00	ffff
27.569796	7.00	fff
27.659664	70.00	ffffff
27.750344	31.00	ffrfr
27.769792	31.00	ffrf
28.0197	31.00	ffffrf
28.269901	31.00	ffrfl
28.2799	7.00	ffr
28.349795	70.00	fffff
28.349868	31.00	ffffrfl
28.359864	31.00	ffffffr
28.37974	31.00	ffffr
28.399632	31.00	ffffrflf
28.509857	7.00	f
28.509987	7.00	ff
28.53976	70.00	ffff
28.570339	7.00	fff
28.669735	70.00	ffffff
28.749726	31.00	ffrfr
28.769731	31.00	ffrf
29.019882	31.00	ffffrf
29.269835	31.00	ffrfl
29.279755	7.00	ffr
29.349796	70.00	fffff
29.349869	31.00	ffffrfl
29.359743	31.00	ffffffr
29.390429	31.00	ffffr
29.399938	31.00	ffffrflf
29.509788	7.00	f
29.509928	7.00	ff
29.541024	70.00	ffff
29.569719	7.00	fff
29.669785	70.00	ffffff
29.759683	31.00	ffrfr
29.770601	31.00	ffrf
30.029718	31.00	ffffrf
30.269638	31.00	ffrfl
30.27975	7.00	ffr
30.349751	70.00	fffff
30.349823	31.00	ffffrfl
30.359639	31.00	ffffffr
30.389772	31.00	ffffr
30.399859	31.00	ffffrflf
30.509667	7.00	f
30.520713	7.00	ff
30.539801	70.00	ffff
30.569667	7.00	fff
30.670875	70.00	ffffff
30.759818	31.00	ffrfr
30.769935	31.00	ffrf
31.029661	31.00	ffffrf
31.270376	31.00	ffrfl
31.279898	7.00	ffr
31.350357	70.00	fffff
31.350431	31.00	ffffrfl
31.359877	31.00	ffffffr
31.38973	31.00	ffffr
31.399863	31.00	ffffrflf
31.510076	7.00	f
31.519788	7.00	ff
31.539777	7.00	ffff
31.569763	7.00	fff
31.669849	31.00	ffffff
31.759865	31.00	ffrfr
31.769815	7.00	ffrf
32.029773	31.00	ffffrf
32.270076	31.00	ffrfl
32.279862	7.00	ffr
32.350208	70.00	fffff
32.350359	31.00	ffffrfl
32.359872	31.00	ffffffr
32.389812	31.00	ffffr
32.409674	31.00	ffffrflf
32.510033	7.00	f
32.520236	7.00	ff
32.539804	7.00	ffff
32.569736	7.00	fff
32.669853	31.00	ffffff
32.759771	31.00	ffrfr
32.76986	7.00	ffrf
33.029749	31.00	ffffrf
33.26981	31.00	ffrfl
33.279928	7.00	ffr
33.349857	70.00	fffff
33.359743	31.00	ffffrfl
33.359815	31.00	ffffffr
33.389733	31.00	ffffr
33.409752	31.00	ffffrflf
33.509894	7.00	f
33.519877	7.00	ff
33.539728	7.00	ffff
33.569746	7.00	fff
33.669776	31.00	ffffff
33.759797	31.00	ffrfr
33.769873	7.00	ffrf
34.029607	31.00	ffffrf
34.279767	31.00	ffrfl
34.279915	7.00	ffr
34.349804	70.00	fffff
34.359909	31.00	ffffrfl
34.359979	31.00	ffffffr
34.389668	31.00	ffffr
34.409642	31.00	ffffrflf
34.519786	7.00	f
34.519915	7.00	ff
34.539698	7.00	ffff
34.569626	7.00	fff
34.669828	31.00	ffffff
34.759836	31.00	ffrfr
34.769954	7.00	ffrf
35.029669	31.00	ffffrf
35.279653	31.00	ffrfl
35.290554	7.00	ffr
35.349711	70.00	fffff
35.359682	31.00	ffffrfl
35.359754	31.00	ffffffr
35.389847	31.00	ffffr
35.409757	31.00	ffffrflf
35.519657	7.00	f
35.519806	7.00	ff
35.539869	7.00	ffff
35.579769	7.00	fff
35.66969	31.00	ffffff
35.761027	31.00	ffrfr
35.779816	7.00	ffrf
36.029719	31.00	ffffrf
36.279708	31.00	ffrfl
36.290339	7.00	ffr
36.359641	70.00	fffff
36.359794	31.00	ffffrfl
36.370198	31.00	ffffffr
36.389818	31.00	ffffr
36.409785	31.00	ffffrflf
36.521054	7.00	f
36.521196	7.00	ff
36.539839	7.00	ffff
36.579796	7.00	fff
36.669733	31.00	ffffff
36.761014	31.00	ffrfr
36.77988	7.00	ffrf
37.029679	31.00	ffffrf
37.280647	31.00	ffrfl
37.289912	7.00	ffr
37.360801	70.00	fffff
37.360875	31.00	ffffrfl
37.369969	31.00	ffffffr
37.399715	31.00	ffffr
37.409871	31.00	ffffrflf
37.520682	7.00	f
37.737262	7.00	ff
37.737411	7.00	ffff
37.737554	7.00	fff
37.737685	31.00	ffffff
37.769711	31.00	ffrfr
37.779804	7.00	ffrf
38.03983	25.00	ffffrf
38.27983	31.00	ffrfl
38.289783	7.00	ffr
38.359689	70.00	fffff
38.359762	31.00	ffffrfl
38.369871	31.00	ffffffr
38.401039	31.00	ffffr
38.410274	31.00	ffffrflf
38.519664	7.00	f
38.5198	7.00	ff
38.549706	7.00	ffff
38.580276	7.00	fff
38.679686	31.00	ffffff
38.769701	31.00	ffrfr
38.780844	7.00	ffrf
39.039777	16.00	ffffrf
39.27968	31.00	ffrfl
39.291014	7.00	ffr
39.359642	70.00	fffff
39.359713	31.00	ffffrfl
39.371047	31.00	ffffffr
39.399852	31.00	ffffr
39.409826	31.00	ffffrflf
39.51972	7.00	f
39.530936	7.00	ff
39.549798	7.00	ffff
39.579772	7.00	fff
39.679668	31.00	ffffff
39.769621	31.00	ffrfr
39.780069	7.00	ffrf
40.039756	16.00	ffffrf
40.279741	31.00	ffrfl
40.289765	7.00	ffr
40.359666	70.00	fffff
40.369674	31.00	ffffrfl
40.369746	31.00	ffffffr
40.399827	31.00	ffffr
40.419674	31.00	ffffrflf
40.519726	7.00	f
40.530684	7.00	ff
40.549751	7.00	ffff
40.579712	7.00	fff
40.681037	7.00	ffffff
40.769824	31.00	ffrfr
40.779886	7.00	ffrf
41.039719	16.00	ffffrf
41.279732	7.00	ffrfl
41.289827	7.00	ffr
41.359781	7.00	fffff
41.369788	16.00	ffffrfl
41.369858	7.00	ffffffr
41.39976	7.00	ffffr
41.419898	31.00	ffffrflf
41.519798	7.00	f
41.529852	7.00	ff
41.549759	7.00	ffff
41.579862	7.00	fff
41.679713	7.00	ffffff
41.769662	7.00	ffrfr
41.779752	7.00	ffrf
42.039775	7.00	ffffrf
42.279715	7.00	ffrfl
42.289824	7.00	ffr
42.359702	7.00	fffff
42.3698	7.00	ffffrfl
42.369867	7.00	ffffffr
42.399807	7.00	ffffr
42.419757	31.00	ffffrflf
42.529738	7.00	f
42.65197	7.00	ff
42.652115	7.00	ffff
42.652262	7.00	fff
42.68092	7.00	ffffff
42.769825	7.00	ffrfr
42.779939	7.00	ffrf
43.03966	7.00	ffffrf
43.279985	7.00	ffrfl
43.299855	7.00	ffr
43.360007	7.00	fffff
43.369949	7.00	ffffrfl
43.370016	7.00	ffffffr
43.399732	7.00	ffffr
43.419635	31.00	ffffrflf
43.529761	7.00	f
43.529887	7.00	ff
43.549726	7.00	ffff
43.579657	7.00	fff
43.679798	7.00	ffffff
43.769735	7.00	ffrfr
43.779822	7.00	ffrf
44.040612	7.00	ffffrf
44.289819	7.00	ffrfl
44.299757	7.00	ffr
44.369801	7.00	fffff
44.369944	7.00	ffffrfl
44.370011	7.00	ffffffr
44.399688	7.00	ffffr
44.419963	31.00	ffffrflf
44.529741	7.00	f
44.529879	7.00	ff
44.549759	7.00	ffff
44.589841	7.00	fff
44.679748	7.00	ffffff
44.769841	7.00	ffrfr
44.779817	7.00	ffrf
45.039897	7.00	ffffrf
45.289707	7.00	ffrfl
45.299961	7.00	ffr
45.369797	7.00	fffff
45.369868	7.00	ffffrfl
45.370007	7.00	ffffffr
45.409708	7.00	ffffr
45.420509	31.00	ffffrflf
45.529684	7.00	f
45.529816	7.00	ff
45.549759	7.00	ffff
45.589821	7.00	fff
45.689664	7.00	ffffff
45.769702	7.00	ffrfr
45.789642	7.00	ffrf
46.039889	7.00	ffffrf
46.28971	7.00	ffrfl
46.299812	7.00	ffr
46.369704	7.00	fffff
46.369776	7.00	ffffrfl
46.379856	7.00	ffffffr
46.409795	7.00	ffffr
46.419945	31.00	ffffrflf
46.529795	7.00	f
46.529938	7.00	ff
46.56046	7.00	ffff
46.589796	7.00	fff
46.689664	7.00	ffffff
46.769686	7.00	ffrfr
46.789934	7.00	ffrf
47.039723	7.00	ffffrf
47.290103	7.00	ffrfl
47.29992	7.00	ffr
47.370131	7.00	fffff
47.370202	7.00	ffffrfl
47.379935	7.00	ffffffr
47.409737	7.00	ffffr
47.419852	31.00	ffffrflf
47.529797	7.00	f
47.53971	7.00	ff
47.559732	7.00	ffff
47.589867	7.00	fff
47.689812	7.00	ffffff
47.779739	7.00	ffrfr
47.789698	7.00	ffrf
48.049741	7.00	ffffrf
48.289747	7.00	ffrfl
48.30061	7.00	ffr
48.369765	7.00	fffff
48.380213	7.00	ffffrfl
48.380303	7.00	ffffffr
48.409773	7.00	ffffr
48.419927	31.00	ffffrflf
48.530525	7.00	f
48.539941	7.00	ff
48.559793	7.00	ffff
48.589793	7.00	fff
48.689757	7.00	ffffff
48.779749	7.00	ffrfr
48.789874	7.00	ffrf
49.050154	7.00	ffffrf
49.289716	7.00	ffrfl
49.299829	7.00	ffr
49.369751	7.00	fffff
49.379769	7.00	ffffrfl
49.379839	7.00	ffffffr
49.409657	7.00	ffffr
49.429804	31.00	ffffrflf
49.529713	7.00	f
49.539837	7.00	ff
49.559669	7.00	ffff
49.589838	7.00	fff
49.689817	7.00	ffffff
49.779842	7.00	ffrfr
49.789824	7.00	ffrf
50.050315	7.00	ffffrf
50.28979	7.00	ffrfl
50.299894	7.00	ffr
50.369812	7.00	fffff
50.379938	7.00	ffffrfl
50.380005	7.00	ffffffr
50.40974	7.00	ffffr
50.42972	31.00	ffffrflf
50.529856	7.00	f
50.539868	7.00	ff
50.559734	7.00	ffff
50.590873	7.00	fff
50.689852	7.00	ffffff
50.779669	7.00	ffrfr
50.789866	7.00	ffrf
51.049849	7.00	ffffrf
51.289713	7.00	ffrfl
51.309707	7.00	ffr
51.369702	7.00	fffff
51.379836	7.00	ffffrfl
51.379905	7.00	ffffffr
51.40978	7.00	ffffr
51.419903	7.00	ffffrflf
51.539729	7.00	f
51.53986	7.00	ff
51.560197	7.00	ffff
51.589853	7.00	fff
51.689744	7.00	ffffff
51.779628	7.00	ffrfr
51.790789	7.00	ffrf
52.049673	7.00	ffffrf
52.300056	7.00	ffrfl
52.309743	7.00	ffr
52.371068	7.00	fffff
52.380257	7.00	ffffrfl
52.380325	7.00	ffffffr
52.409767	7.00	ffffr
52.429739	7.00	ffffrflf
52.539867	7.00	f
52.542329	7.00	ff
52.559942	7.00	ffff
52.599724	7.00	fff
52.689665	7.00	ffffff
52.78053	7.00	ffrfr
52.789831	7.00	ffrf
53.04966	7.00	ffffrf
53.299766	7.00	ffrfl
53.309773	7.00	ffr
53.369825	7.00	fffff
53.37992	7.00	ffffrfl
53.389851	7.00	ffffffr
53.409704	7.00	ffffr
53.42983	7.00	ffffrflf
53.53976	7.00	f
53.539901	7.00	ff
53.559799	7.00	ffff
53.600078	7.00	fff
53.689726	7.00	ffffff
53.779698	7.00	ffrfr
53.799674	7.00	ffrf
54.049787	7.00	ffffrf
54.299786	7.00	ffrfl
54.309644	7.00	ffr
54.36978	7.00	fffff
54.379844	7.00	ffffrfl
54.389636	7.00	ffffffr
54.409837	7.00	ffffr
54.429787	7.00	ffffrflf
54.539749	7.00	f
54.539891	7.00	ff
54.560167	7.00	ffff
54.599697	7.00	fff
54.689773	7.00	ffffff
54.780767	7.00	ffrfr
54.801193	7.00	ffrf
55.050801	7.00	ffffrf
55.300687	7.00	ffrfl
55.31065	7.00	ffr
55.370688	7.00	fffff
55.38078	7.00	ffffrfl
55.390727	7.00	ffffffr
55.420745	7.00	ffffr
55.430818	7.00	ffffrflf
55.540688	7.00	f
55.540828	7.00	ff
55.570747	7.00	ffff
55.600727	7.00	fff
55.690626	7.00	ffffff
55.780612	7.00	ffrfr
55.800736	7.00	ffrf
56.050779	7.00	ffffrf
56.300803	7.00	ffrfl
56.310929	7.00	ffr
56.380775	7.00	fffff
56.390788	7.00	ffffrfl
56.390859	7.00	ffffffr
56.420644	7.00	ffffr
56.430771	7.00	ffffrflf
56.540772	7.00	f
56.540911	7.00	ff
56.570717	7.00	ffff
56.601519	7.00	fff
56.700743	7.00	ffffff
56.780795	7.00	ffrfr
56.800855	7.00	ffrf
57.050828	7.00	ffffrf
57.300646	7.00	ffrfl
57.310717	7.00	ffr
57.380637	7.00	fffff
57.390625	7.00	ffffrfl
57.390695	7.00	ffffffr
57.420753	7.00	ffffr
57.430923	7.00	ffffrflf
57.540685	7.00	f
57.613952	7.00	ff
57.61411	7.00	ffff
57.614273	7.00	fff
57.700692	7.00	ffffff
57.790707	7.00	ffrfr
57.800791	7.00	ffrf
58.050766	7.00	ffffrf
58.30063	7.00	ffrfl
58.312102	7.00	ffr
58.380739	7.00	fffff
58.392127	7.00	ffffffr
58.392194	7.00	ffffrfl
58.42072	7.00	ffffr
58.430864	7.00	ffffrflf
58.540677	7.00	f
58.551702	7.00	ff
58.570739	7.00	ffff
58.600788	7.00	fff
58.702164	7.00	ffffff
58.790823	7.00	ffrfr
58.80089	7.00	ffrf
59.060646	7.00	ffffrf
59.300983	7.00	ffrfl
59.310967	7.00	ffr
59.380969	7.00	fffff
59.390885	7.00	ffffrfl
59.390953	7.00	ffffffr
59.420759	7.00	ffffr
59.440754	7.00	ffffrflf
59.540813	7.00	f
59.550903	7.00	ff
59.570684	7.00	ffff
59.600744	7.00	fff
59.700864	7.00	ffffff
59.791204	7.00	ffrfr
59.800907	7.00	ffrf
60.060661	7.00	ffffrf
60.300644	7.00	ffrfl
60.310736	7.00	ffr
60.380662	7.00	fffff
60.390728	7.00	ffffrfl
60.390796	7.00	ffffffr
60.420853	7.00	ffffr
60.440688	7.00	ffffrflf
60.551817	7.00	f
60.551956	7.00	ff
60.570866	7.00	ffff
60.600785	7.00	fff
60.700688	7.00	ffffff
60.790885	7.00	ffrfr
60.80082	7.00	ffrf
61.060746	7.00	ffffrf
61.30138	7.00	ffrfl
61.32082	7.00	ffr
61.38159	7.00	fffff
61.390854	7.00	ffffrfl
61.390921	7.00	ffffffr
61.420703	7.00	ffffr
61.44071	7.00	ffffrflf
61.550862	7.00	f
61.551009	7.00	ff
61.57084	7.00	ffff
61.610738	7.00	fff
61.701665	7.00	ffffff
61.790867	7.00	ffrfr
61.800814	7.00	ffrf
62.060719	7.00	ffffrf
62.300749	7.00	ffrfl
62.320854	7.00	ffr
62.380762	7.00	fffff
62.390817	7.00	ffffrfl
62.400709	7.00	ffffffr
62.430727	7.00	ffffr
62.440802	7.00	ffffrflf
62.550769	7.00	f
62.657322	7.00	ff
62.657452	7.00	ffff
62.657598	7.00	fff
62.700724	7.00	ffffff
62.790693	7.00	ffrfr
62.800817	7.00	ffrf
63.060766	7.00	ffffrf
63.310803	7.00	ffrfl
63.320679	7.00	ffr
63.38079	7.00	fffff
63.390879	7.00	ffffrfl
63.400693	7.00	ffffffr
63.431803	7.00	ffffr
63.441052	7.00	ffffrflf
63.550763	7.00	f
63.550927	7.00	ff
63.580668	7.00	ffff
63.610875	7.00	fff
63.700741	7.00	ffffff
63.790796	7.00	ffrfr
63.810625	7.00	ffrf
64.06084	7.00	ffffrf
64.310688	7.00	ffrfl
64.320797	7.00	ffr
64.390783	7.00	fffff
64.390927	7.00	ffffrfl
64.400713	7.00	ffffffr
64.430784	7.00	ffffr
64.44085	7.00	ffffrflf
64.550712	7.00	f
64.550854	7.00	ff
64.581219	7.00	ffff
64.610827	7.00	fff
64.71078	7.00	ffffff
64.790753	7.00	ffrfr
64.810729	7.00	ffrf
65.060881	7.00	ffffrf
65.310791	7.00	ffrfl
65.320926	7.00	ffr
65.390826	7.00	fffff
65.400791	7.00	ffffrfl
65.400861	7.00	ffffffr
65.430636	7.00	ffffr
65.440758	7.00	ffffrflf
65.550842	7.00	f
65.560692	7.00	ff
65.580726	7.00	ffff
65.611844	7.00	fff
65.710784	7.00	ffffff
65.800717	7.00	ffrfr
65.810779	7.00	ffrf
66.060695	7.00	ffffrf
66.310748	7.00	ffrfl
66.320848	7.00	ffr
66.390794	7.00	fffff
66.400824	7.00	ffffrfl
66.400894	7.00	ffffffr
66.430687	7.00	ffffr
66.440785	7.00	ffffrflf
66.550826	7.00	f
66.560801	7.00	ff
66.580755	7.00	ffff
66.610691	7.00	fff
66.710856	7.00	ffffff
66.79089	7.00	ffrfr
66.810794	7.00	ffrf
67.070725	7.00	ffffrf
67.310913	7.00	ffrfl
67.320839	7.00	ffr
67.391021	7.00	fffff
67.400917	7.00	ffffrfl
67.400986	7.00	ffffffr
67.43078	7.00	ffffr
67.450777	7.00	ffffrflf
67.551206	7.00	f
67.647591	7.00	ff
67.647737	7.00	ffff
67.647881	7.00	fff
67.710846	7.00	ffffff
67.800718	7.00	ffrfr
67.810704	7.00	ffrf
68.072101	7.00	ffffrf
68.31086	7.00	ffrfl
68.320936	7.00	ffr
68.390874	7.00	fffff
68.400816	7.00	ffffrfl
68.400885	7.00	ffffffr
68.430679	7.00	ffffr
68.450711	7.00	ffffrflf
68.551215	7.00	f
68.560846	7.00	ff
68.580733	7.00	ffff
68.610724	7.00	fff
68.710848	7.00	ffffff
68.800862	7.00	ffrfr
68.810826	7.00	ffrf
69.0707	7.00	ffffrf
69.311431	7.00	ffrfl
69.320853	7.00	ffr
69.391558	7.00	fffff
69.400932	7.00	ffffrfl
69.401	7.00	ffffffr
69.440825	7.00	ffffr
69.450715	7.00	ffffrflf
69.56081	7.00	f
69.560951	7.00	ff
69.580818	7.00	ffff
69.620704	7.00	fff
69.710789	7.00	ffffff
69.800987	7.00	ffrfr
69.81103	7.00	ffrf
70.070699	7.00	ffffrf
70.310754	7.00	ffrfl
70.320834	7.00	ffr
70.390766	7.00	fffff
70.400713	7.00	ffffrfl
70.402143	7.00	ffffffr
70.430835	7.00	ffffr
70.450854	7.00	ffffrflf
70.561815	7.00	f
70.561943	7.00	ff
70.580838	7.00	ffff
70.620664	7.00	fff
70.710621	7.00	ffffff
70.801409	7.00	ffrfr
70.81097	7.00	ffrf
71.070868	7.00	ffffrf
71.31071	7.00	ffrfl
71.331966	7.00	ffr
71.390706	7.00	fffff
71.400823	7.00	ffffrfl
71.410736	7.00	ffffffr
71.440795	7.00	ffffr
71.450781	7.00	ffffrflf
71.560605	7.00	f
71.560746	7.00	ff
71.581154	7.00	ffff
71.620699	7.00	fff
71.710777	7.00	ffffff
71.800633	7.00	ffrfr
71.820806	7.00	ffrf
72.070815	7.00	ffffrf
72.320657	7.00	ffrfl
72.330826	7.00	ffr
72.400696	7.00	fffff
72.400879	7.00	ffffrfl
72.410755	7.00	ffffffr
72.440867	7.00	ffffr
72.450834	7.00	ffffrflf
72.560703	7.00	f
72.702881	7.00	ff
72.703033	7.00	ffff
72.703179	7.00	fff
72.72075	7.00	ffffff
72.80069	7.00	ffrfr
72.821265	7.00	ffrf
73.07071	7.00	ffffrf
73.320663	7.00	ffrfl
73.330786	7.00	ffr
73.400766	7.00	fffff
73.410686	7.00	ffffffr
73.410758	7.00	ffffrfl
73.440759	7.00	ffffr
73.450913	7.00	ffffrflf
73.560633	7.00	f
73.560773	7.00	ff
73.590854	7.00	ffff
73.620679	7.00	fff
73.720742	7.00	ffffff
73.800752	7.00	ffrfr
73.821155	7.00	ffrf
74.070855	7.00	ffffrf
74.320771	7.00	ffrfl
74.330718	7.00	ffr
74.40075	7.00	fffff
74.410739	7.00	ffffrfl
74.410809	7.00	ffffffr
74.440809	7.00	ffffr
74.460745	7.00	ffffrflf
74.560724	7.00	f
74.570726	7.00	ff
74.590851	7.00	ffff
74.620804	7.00	fff
74.72076	7.00	ffffff
74.800774	7.00	ffrfr
74.820826	7.00	ffrf
75.08075	7.00	ffffrf
75.320769	7.00	ffrfl
75.330757	7.00	ffr
75.400806	7.00	fffff
75.41077	7.00	ffffrfl
75.410839	7.00	ffffffr
75.440988	7.00	ffffr
75.46087	7.00	ffffrflf
75.56068	7.00	f
75.570726	7.00	ff
75.59143	7.00	ffff
75.620694	7.00	fff
75.720645	7.00	ffffff
75.810605	7.00	ffrfr
75.821318	7.00	ffrf
76.080683	7.00	ffffrf
76.320734	7.00	ffrfl
76.331412	7.00	ffr
76.400632	7.00	fffff
76.411235	7.00	ffffrfl
76.411303	7.00	ffffffr
76.4507	7.00	ffffr
76.460678	7.00	ffffrflf
76.560595	7.00	f
76.570966	7.00	ff
76.590712	7.00	ffff
76.6207	7.00	fff
76.721963	7.00	ffffff
76.810872	7.00	ffrfr
76.820815	7.00	ffrf
77.080712	7.00	ffffrf
77.320808	7.00	ffrfl
77.330872	7.00	ffr
77.400894	7.00	fffff
77.410888	7.00	ffffrfl
77.420813	7.00	ffffffr
77.440668	7.00	ffffr
77.460663	7.00	ffffrflf
77.560784	7.00	f
77.692745	7.00	ff
77.692899	7.00	ffff
77.693044	7.00	fff
77.720828	7.00	ffffff
77.810704	7.00	ffrfr
77.82083	7.00	ffrf
78.08072	7.00	ffffrf
78.320735	7.00	ffrfl
78.340684	7.00	ffr
78.400736	7.00	fffff
78.410767	7.00	ffffrfl
78.410836	7.00	ffffffr
78.450764	7.00	ffffr
78.460894	7.00	ffffrflf
78.570708	7.00	f
78.570854	7.00	ff
78.591029	7.00	ffff
78.630784	7.00	fff
78.720776	7.00	ffffff
78.811794	7.00	ffrfr
78.82102	7.00	ffrf
79.08075	7.00	ffffrf
79.331345	7.00	ffrfl
79.340874	7.00	ffr
79.400718	7.00	fffff
79.411579	7.00	ffffrfl
79.420798	7.00	ffffffr
79.450698	7.00	ffffr
79.460814	7.00	ffffrflf
79.571494	7.00	f
79.571631	7.00	ff
79.590864	7.00	ffff
79.630774	7.00	fff
79.720694	7.00	ffffff
79.81123	7.00	ffrfr
79.831321	7.00	ffrf
80.080761	7.00	ffffrf
80.330799	7.00	ffrfl
80.340684	7.00	ffr
80.41071	7.00	fffff
80.410867	7.00	ffffrfl
80.420788	7.00	ffffffr
80.451908	7.00	ffffr
80.461123	7.00	ffffrflf
80.570802	7.00	f
80.570921	7.00	ff
80.600604	7.00	ffff
80.630801	7.00	fff
80.720676	7.00	ffffff
80.810747	7.00	ffrfr
80.830589	7.00	ffrf
81.080734	7.00	ffffrf
81.3307	7.00	ffrfl
81.340811	7.00	ffr
81.410752	7.00	fffff
81.422084	7.00	ffffffr
81.422155	7.00	ffffrfl
81.450737	7.00	ffffr
81.460864	7.00	ffffrflf
81.570728	7.00	f
81.570867	7.00	ff
81.600729	7.00	ffff
81.630738	7.00	fff
81.730734	7.00	ffffff
81.810636	7.00	ffrfr
81.831051	7.00	ffrf
82.080778	7.00	ffffrf
82.330757	7.00	ffrfl
82.340754	7.00	ffr
82.410658	7.00	fffff
82.420642	7.00	ffffrfl
82.420712	7.00	ffffffr
82.450743	7.00	ffffr
82.470748	7.00	ffffrflf
82.57069	7.00	f
82.570851	7.00	ff
82.804683	7.00	ffff
82.804835	7.00	fff
82.804962	7.00	ffffff
82.810748	7.00	ffrfr
82.830725	7.00	ffrf
83.090843	7.00	ffffrf
83.33067	7.00	ffrfl
83.340807	7.00	ffr
83.410701	7.00	fffff
83.42069	7.00	ffffrfl
83.420757	7.00	ffffffr
83.450775	7.00	ffffr
83.470839	7.00	ffffrflf
83.570689	7.00	f
83.582122	7.00	ff
83.600823	7.00	ffff
83.630687	7.00	fff
83.730715	7.00	ffffff
83.821206	7.00	ffrfr
83.830863	7.00	ffrf
84.090766	7.00	ffffrf
84.330607	7.00	ffrfl
84.341306	7.00	ffr
84.410617	7.00	fffff
84.42108	7.00	ffffrfl
84.421147	7.00	ffffffr
84.460674	7.00	ffffr
84.470784	7.00	ffffrflf
84.571629	7.00	f
84.580912	7.00	ff
84.600746	7.00	ffff
84.630769	7.00	fff
84.731139	7.00	ffffff
84.821037	7.00	ffrfr
84.8309	7.00	ffrf
85.090751	7.00	ffffrf
85.331145	7.00	ffrfl
85.340905	7.00	ffr
85.411184	7.00	fffff
85.420947	7.00	ffffrfl
85.430912	7.00	ffffffr
85.450791	7.00	ffffr
85.470668	7.00	ffffrflf
85.571673	7.00	f
85.580992	7.00	ff
85.600839	7.00	ffff
85.630705	7.00	fff
85.731538	7.00	ffffff
85.820894	7.00	ffrfr
85.830868	7.00	ffrf
86.090805	7.00	ffffrf
86.33073	7.00	ffrfl
86.341368	7.00	ffr
86.41062	7.00	fffff
86.421359	7.00	ffffrfl
86.421427	7.00	ffffffr
86.460763	7.00	ffffr
86.47086	7.00	ffffrflf
86.572146	7.00	f
86.581368	7.00	ff
86.6008	7.00	ffff
86.630793	7.00	fff
86.730753	7.00	ffffff
86.820943	7.00	ffrfr
86.830829	7.00	ffrf
87.090731	7.00	ffffrf
87.331328	7.00	ffrfl
87.340885	7.00	ffr
87.411405	7.00	fffff
87.420903	7.00	ffffrfl
87.420971	7.00	ffffffr
87.460783	7.00	ffffr
87.470882	7.00	ffffrflf
87.580803	7.00	f
87.580946	7.00	ff
87.64643	7.00	ffff
87.646581	7.00	fff
87.730703	7.00	ffffff
87.820732	7.00	ffrfr
87.831528	7.00	ffrf
88.090834	7.00	ffffrf
88.340788	7.00	ffrfl
88.350622	7.00	ffr
88.420659	7.00	fffff
88.420826	7.00	ffffrfl
88.430657	7.00	ffffffr
88.46079	7.00	ffffr
88.47093	7.00	ffffrflf
88.580632	7.00	f
88.580771	7.00	ff
88.61086	7.00	ffff
88.640772	7.00	fff
88.730737	7.00	ffffff
88.821607	7.00	ffrfr
88.840841	7.00	ffrf
89.090724	7.00	ffffrf
89.341099	7.00	ffrfl
89.350895	7.00	ffr
89.420979	7.00	fffff
89.421123	7.00	ffffffr
89.430766	7.00	ffffrfl
89.460704	7.00	ffffr
89.470822	7.00	ffffrflf
89.580765	7.00	f
89.580903	7.00	ff
89.610769	7.00	ffff
89.64077	7.00	fff
89.731564	7.00	ffffff
89.820871	7.00	ffrfr
89.840835	7.00	ffrf
90.090767	7.00	ffffrf
90.340733	7.00	ffrfl
90.350714	7.00	ffr
90.420665	7.00	fffff
90.42081	7.00	ffffrfl
90.430689	7.00	ffffffr
90.461001	7.00	ffffr
90.470974	7.00	ffffrflf
90.580786	7.00	f
90.580927	7.00	ff
90.612033	7.00	ffff
90.640832	7.00	fff
90.730772	7.00	ffffff
90.820688	7.00	ffrfr
90.84079	7.00	ffrf
91.100842	7.00	ffffrf
91.340762	7.00	ffrfl
91.350753	7.00	ffr
91.420707	7.00	fffff
91.430646	7.00	ffffrfl
91.430716	7.00	ffffffr
91.460901	7.00	ffffr
91.480827	7.00	ffffrflf
91.580703	7.00	f
91.580842	7.00	ff
91.611874	7.00	ffff
91.640813	7.00	fff
91.740788	7.00	ffffff
91.830691	7.00	ffrfr
91.84065	7.00	ffrf
92.100841	7.00	ffffrf
92.34082	7.00	ffrfl
92.350743	7.00	ffr
92.420789	7.00	fffff
92.430788	7.00	ffffrfl
92.430857	7.00	ffffffr
92.461311	7.00	ffffr
92.480741	7.00	ffffrflf
92.580717	7.00	f
92.590826	7.00	ff
92.627249	7.00	ffff
92.640752	7.00	fff
92.740813	7.00	ffffff
92.830661	7.00	ffrfr
92.840738	7.00	ffrf
93.100798	7.00	ffffrf
93.340767	7.00	ffrfl
93.350853	7.00	ffr
93.420789	7.00	fffff
93.430645	7.00	ffffrfl
93.430715	7.00	ffffffr
93.461039	7.00	ffffr
93.480818	7.00	ffffrflf
93.580712	7.00	f
93.590706	7.00	ff
93.610629	7.00	ffff
93.640824	7.00	fff
93.740747	7.00	ffffff
93.830691	7.00	ffrfr
93.842233	7.00	ffrf
94.100713	7.00	ffffrf
94.340693	7.00	ffrfl
94.350775	7.00	ffr
94.420745	7.00	fffff
94.430832	7.00	ffffrfl
94.430901	7.00	ffffffr
94.470827	7.00	ffffr
94.480932	7.00	ffffrflf
94.580678	7.00	f
94.590803	7.00	ff
94.611668	7.00	ffff
94.640834	7.00	fff
94.740784	7.00	ffffff
94.830663	7.00	ffrfr
94.842034	7.00	ffrf
95.100858	7.00	ffffrf
95.340714	7.00	ffrfl
95.360783	7.00	ffr
95.420718	7.00	fffff
95.430836	7.00	ffffffr
95.430904	7.00	ffffrfl
95.471161	7.00	ffffr
95.480893	7.00	ffffrflf
95.590707	7.00	f
95.590833	7.00	ff
95.610686	7.00	ffff
95.65075	7.00	fff
95.740747	7.00	ffffff
95.830653	7.00	ffrfr
95.840766	7.00	ffrf
96.100827	7.00	ffffrf
96.350795	7.00	ffrfl
96.360657	7.00	ffr
96.42075	7.00	fffff
96.430712	7.00	ffffrfl
96.440685	7.00	ffffffr
96.470894	7.00	ffffr
96.480849	7.00	ffffrflf
96.590631	7.00	f
96.590771	7.00	ff
96.620802	7.00	ffff
96.6507	7.00	fff
96.74065	7.00	ffffff
96.83075	7.00	ffrfr
96.850772	7.00	ffrf
97.100758	7.00	ffffrf
97.350636	7.00	ffrfl
97.361947	7.00	ffr
97.430735	7.00	fffff
97.43089	7.00	ffffffr
97.441525	7.00	ffffrfl
97.470707	7.00	ffffr
97.480831	7.00	ffffrflf
97.590613	7.00	f
97.661266	7.00	ff
97.661412	7.00	ffff
97.662991	7.00	fff
97.740751	7.00	ffffff
97.831096	7.00	ffrfr
97.850836	7.00	ffrf
98.100745	7.00	ffffrf
98.35088	7.00	ffrfl
98.360828	7.00	ffr
98.430838	7.00	fffff
98.430982	7.00	ffffrfl
98.440825	7.00	ffffffr
98.470799	7.00	ffffr
98.48082	7.00	ffffrflf
98.590768	7.00	f
98.590896	7.00	ff
98.620781	7.00	ffff
98.65069	7.00	fff
98.741602	7.00	ffffff
98.830871	7.00	ffrfr
98.850928	7.00	ffrf
99.110679	7.00	ffffrf
99.350939	7.00	ffrfl
99.360862	7.00	ffr
99.430891	7.00	fffff
99.440854	7.00	ffffrfl
99.440924	7.00	ffffffr
99.470735	7.00	ffffr
99.480897	7.00	ffffrflf
99.590786	7.00	f
99.590946	7.00	ff
99.620773	7.00	ffff
99.65064	7.00	fff
99.750841	7.00	ffffff
99.840871	7.00	ffrfr
99.850782	7.00	ffrf
100.110722	7.00	ffffrf
100.350669	7.00	ffrfl
100.360784	7.00	ffr
100.430678	7.00	fffff
100.440729	7.00	ffffrfl
100.440798	7.00	ffffffr
100.470767	7.00	ffffr
100.490806	7.00	ffffrflf
100.590664	7.00	f
100.600705	7.00	ff
100.620777	7.00	ffff
100.650758	7.00	fff
100.750705	7.00	ffffff
100.84062	7.00	ffrfr
100.851245	7.00	ffrf
101.110734	7.00	ffffrf
101.350744	7.00	ffrfl
101.360692	7.00	ffr
101.430682	7.00	fffff
101.440707	7.00	ffffrfl
101.440777	7.00	ffffffr
101.470817	7.00	ffffr
101.490699	7.00	ffffrflf
101.590685	7.00	f
101.600777	7.00	ff
101.620878	7.00	ffff
101.650677	7.00	fff
101.750741	7.00	ffffff
101.841208	7.00	ffrfr
101.850951	7.00	ffrf
102.110804	7.00	ffffrf
102.351901	7.00	ffrfl
102.361119	7.00	ffr
102.431978	7.00	fffff
102.441196	7.00	ffffrfl
102.441263	7.00	ffffffr
102.48084	7.00	ffffr
102.490929	7.00	ffffrflf
102.592075	7.00	f
102.750684	7.00	ff
102.750848	7.00	ffff
102.750992	7.00	fff
102.751122	7.00	ffffff
102.840842	7.00	ffrfr
102.850812	7.00	ffrf
103.110646	7.00	ffffrf
103.351492	7.00	ffrfl
103.360886	7.00	ffr
103.431678	7.00	fffff
103.440983	7.00	ffffffr
103.450775	7.00	ffffrfl
103.480669	7.00	ffffr
103.490653	7.00	ffffrflf
103.600817	7.00	f
103.600965	7.00	ff
103.62071	7.00	ffff
103.660672	7.00	fff
103.750913	7.00	ffffff
103.840788	7.00	ffrfr
103.850815	7.00	ffrf
104.11192	7.00	ffffrf
104.36081	7.00	ffrfl
104.360955	7.00	ffr
104.430806	7.00	fffff
104.440878	7.00	ffffrfl
104.450818	7.00	ffffffr
104.470788	7.00	ffffr
104.491825	7.00	ffffrflf
104.60069	7.00	f
104.600832	7.00	ff
104.620646	7.00	ffff
104.651262	7.00	fff
104.750802	7.00	ffffff
104.840806	7.00	ffrfr
104.860763	7.00	ffrf
105.110795	7.00	ffffrf
105.360809	7.00	ffrfl
105.370758	7.00	ffr
105.440781	7.00	fffff
105.450637	7.00	ffffffr
105.450707	7.00	ffffrfl
105.480763	7.00	ffffr
105.490842	7.00	ffffrflf
105.600752	7.00	f
105.600885	7.00	ff
105.630766	7.00	ffff
105.660668	7.00	fff
105.750649	7.00	ffffff
105.842075	7.00	ffrfr
105.860768	7.00	ffrf
106.110685	7.00	ffffrf
106.360643	7.00	ffrfl
106.371681	7.00	ffr
106.440692	7.00	fffff
106.451581	7.00	ffffrfl
106.451651	7.00	ffffffr
106.480829	7.00	ffffr
106.490928	7.00	ffffrflf
106.600729	7.00	f
106.600869	7.00	ff
106.630839	7.00	ffff
106.660769	7.00	fff
106.750617	7.00	ffffff
106.840997	7.00	ffrfr
106.860769	7.00	ffrf
107.120743	7.00	ffffrf
107.361902	7.00	ffrfl
107.371139	7.00	ffr
107.442015	7.00	fffff
107.451169	7.00	ffffrfl
107.451239	7.00	ffffffr
107.480807	7.00	ffffr
107.490792	7.00	ffffrflf
107.601626	7.00	f
107.762471	7.00	ff
107.762624	7.00	ffff
107.762758	7.00	fff
107.762887	7.00	ffffff
107.851304	7.00	ffrfr
107.860812	7.00	ffrf
108.120741	7.00	ffffrf
108.361767	7.00	ffrfl
108.370979	7.00	ffr
108.441824	7.00	fffff
108.450995	7.00	ffffrfl
108.451065	7.00	ffffffr
108.4807	7.00	ffffr
108.50066	7.00	ffffrflf
108.601924	7.00	f
108.61112	7.00	ff
108.630826	7.00	ffff
108.660709	7.00	fff
108.762004	7.00	ffffff
108.850847	7.00	ffrfr
108.860932	7.00	ffrf
109.12071	7.00	ffffrf
109.361747	7.00	ffrfl
109.370975	7.00	ffr
109.441982	7.00	fffff
109.451146	7.00	ffffrfl
109.451215	7.00	ffffffr
109.480746	7.00	ffffr
109.500703	7.00	ffffrflf
109.600585	7.00	f
109.611216	7.00	ff
109.630844	7.00	ffff
109.660762	7.00	fff
109.761931	7.00	ffffff
109.850846	7.00	ffrfr
109.860928	7.00	ffrf
110.120721	7.00	ffffrf
110.360796	7.00	ffrfl
110.370737	7.00	ffr
110.4408	7.00	fffff
110.450746	7.00	ffffrfl
110.450813	7.00	ffffffr
110.490761	7.00	ffffr
110.500776	7.00	ffffrflf
110.6008	7.00	f
110.610741	7.00	ff
110.630732	7.00	ffff
110.660837	7.00	fff
110.76071	7.00	ffffff
110.850675	7.00	ffrfr
110.860798	7.00	ffrf
111.120777	7.00	ffffrf
111.360691	7.00	ffrfl
111.37082	7.00	ffr
111.440805	7.00	fffff
111.450821	7.00	ffffrfl
111.450889	7.00	ffffffr
111.491201	7.00	ffffr
111.500861	7.00	ffffrflf
111.610728	7.00	f
111.610863	7.00	ff
111.63062	7.00	ffff
111.670741	7.00	fff
111.760698	7.00	ffffff
111.850724	7.00	ffrfr
111.86077	7.00	ffrf
112.120816	7.00	ffffrf
112.360674	7.00	ffrfl
112.370781	7.00	ffr
112.440673	7.00	fffff
112.450772	7.00	ffffrfl
112.460719	7.00	ffffffr
112.490868	7.00	ffffr
112.500812	7.00	ffffrflf
112.61066	7.00	f
112.623668	7.00	ff
112.630717	7.00	ffff
112.670986	7.00	fff
112.760853	7.00	ffffff
112.850697	7.00	ffrfr
112.870746	7.00	ffrf
113.121883	7.00	ffffrf
113.363818	7.00	ffrfl
113.373891	7.00	ffr
113.443797	7.00	fffff
113.45377	7.00	ffffffr
113.463693	7.00	ffffrfl
113.494811	7.00	ffffr
113.504058	7.00	ffffrflf
113.603696	7.00	f
113.613812	7.00	ff
113.633664	7.00	ffff
113.664061	7.00	fff
113.763792	7.00	ffffff
113.853708	7.00	ffrfr
113.863794	7.00	ffrf
114.123862	7.00	ffffrf
114.373779	7.00	ffrfl
114.373925	7.00	ffr
114.443742	7.00	fffff
114.453843	7.00	ffffrfl
114.463738	7.00	ffffffr
114.493836	7.00	ffffr
114.503952	7.00	ffffrflf
114.613729	7.00	f
114.613868	7.00	ff
114.634718	7.00	ffff
114.673716	7.00	fff
114.763699	7.00	ffffff
114.853735	7.00	ffrfr
114.873896	7.00	ffrf
115.123738	7.00	ffffrf
115.374978	7.00	ffrfl
115.38417	7.00	ffr
115.443677	7.00	fffff
115.455007	7.00	ffffrfl
115.464112	7.00	ffffffr
115.493771	7.00	ffffr
115.503887	7.00	ffffrflf
115.614951	7.00	f
115.615096	7.00	ff
115.643855	7.00	ffff
115.673653	7.00	fff
115.763645	7.00	ffffff
115.853782	7.00	ffrfr
115.873711	7.00	ffrf
116.123729	7.00	ffffrf
116.373808	7.00	ffrfl
116.383933	7.00	ffr
116.453799	7.00	fffff
116.453943	7.00	ffffrfl
116.463787	7.00	ffffffr
116.493663	7.00	ffffr
116.503686	7.00	ffffrflf
116.613727	7.00	f
116.613865	7.00	ff
116.643668	7.00	ffff
116.673895	7.00	fff
116.773781	7.00	ffffff
116.853743	7.00	ffrfr
116.873624	7.00	ffrf
117.123815	7.00	ffffrf
117.373787	7.00	ffrfl
117.383617	7.00	ffr
117.453766	7.00	fffff
117.463656	7.00	ffffrfl
117.463725	7.00	ffffffr
117.493821	7.00	ffffr
117.503944	7.00	ffffrflf
117.613736	7.00	f
117.690752	7.00	ff
117.690895	7.00	ffff
117.691042	7.00	fff
117.773829	7.00	ffffff
117.863832	7.00	ffrfr
117.873814	7.00	ffrf
118.123749	7.00	ffffrf
118.373817	7.00	ffrfl
118.383876	7.00	ffr
118.453813	7.00	fffff
118.463844	7.00	ffffrfl
118.463914	7.00	ffffffr
118.493742	7.00	ffffr
118.513701	7.00	ffffrflf
118.613775	7.00	f
118.623743	7.00	ff
118.643792	7.00	ffff
118.673731	7.00	fff
118.773775	7.00	ffffff
118.863743	7.00	ffrfr
118.873821	7.00	ffrf
119.134202	7.00	ffffrf
119.373742	7.00	ffrfl
119.383766	7.00	ffr
119.453722	7.00	fffff
119.46374	7.00	ffffrfl
119.46381	7.00	ffffffr
119.4937	7.00	ffffr
119.514137	7.00	ffffrflf
119.613778	7.00	f
119.62383	7.00	ff
119.64364	7.00	ffff
119.673914	7.00	fff
119.773717	7.00	ffffff
119.863701	7.00	ffrfr
119.873814	7.00	ffrf
120.129892	7.00	ffffrf
120.379665	7.00	ffrfl
120.389668	7.00	ffr
120.449796	7.00	fffff
120.459763	7.00	ffffrfl
120.469728	7.00	ffffffr
120.499804	7.00	ffffr
120.509912	7.00	ffffrflf
120.619691	7.00	f
120.619834	7.00	ff
120.641101	7.00	ffff
120.679772	7.00	fff
120.769671	7.00	ffffff
120.859707	7.00	ffrfr
120.880116	7.00	ffrf
121.129857	7.00	ffffrf
121.379752	7.00	ffrfl
121.390967	7.00	ffr
121.45968	7.00	fffff
121.459823	7.00	ffffffr
121.470533	7.00	ffffrfl
121.499766	7.00	ffffr
121.5099	7.00	ffffrflf
121.619716	7.00	f
121.619858	7.00	ff
121.649757	7.00	ffff
121.669828	7.00	fff
121.769668	7.00	ffffff
121.860133	7.00	ffrfr
121.879796	7.00	ffrf
122.129681	7.00	ffffrf
122.379788	7.00	ffrfl
122.389883	7.00	ffr
122.459881	7.00	fffff
122.469865	7.00	ffffrfl
122.469934	7.00	ffffffr
122.499781	7.00	ffffr
122.50974	7.00	ffffrflf
122.619808	7.00	f
122.679299	7.00	ff
122.679445	7.00	ffff
122.679607	7.00	fff
122.769788	7.00	ffffff
122.859654	7.00	ffrfr
122.879753	7.00	ffrf
123.139762	7.00	ffffrf
123.379636	7.00	ffrfl
123.389756	7.00	ffr
123.459732	7.00	fffff
123.469612	7.00	ffffrfl
123.469682	7.00	ffffffr
123.499814	7.00	ffffr
123.509947	7.00	ffffrflf
123.619725	7.00	f
123.619854	7.00	ff
123.649789	7.00	ffff
123.679717	7.00	fff
123.779689	7.00	ffffff
123.861023	7.00	ffrfr
123.879949	7.00	ffrf
124.129694	7.00	ffffrf
124.380093	7.00	ffrfl
124.389941	7.00	ffr
124.460061	7.00	fffff
124.469846	7.00	ffffrfl
124.469915	7.00	ffffffr
124.499819	7.00	ffffr
124.519755	7.00	ffffrflf
124.619792	7.00	f
124.619933	7.00	ff
124.649762	7.00	ffff
124.679643	7.00	fff
124.779865	7.00	ffffff
124.859813	7.00	ffrfr
124.879862	7.00	ffrf
125.139728	7.00	ffffrf
125.379699	7.00	ffrfl
125.389742	7.00	ffr
125.459687	7.00	fffff
125.471093	7.00	ffffrfl
125.471163	7.00	ffffffr
125.499804	7.00	ffffr
125.519719	7.00	ffffrflf
125.619726	7.00	f
125.62964	7.00	ff
125.649838	7.00	ffff
125.679804	7.00	fff
125.779608	7.00	ffffff
125.87043	7.00	ffrfr
125.879961	7.00	ffrf
126.139735	7.00	ffffrf
126.379608	7.00	ffrfl
126.390201	7.00	ffr
126.460817	7.00	fffff
126.469925	7.00	ffffrfl
126.469992	7.00	ffffffr
126.509745	7.00	ffffr
126.519754	7.00	ffffrflf
126.62039	7.00	f
126.629857	7.00	ff
126.649794	7.00	ffff
126.679688	7.00	fff
126.779772	7.00	ffffff
126.869803	7.00	ffrfr
126.879903	7.00	ffrf
127.139636	7.00	ffffrf
127.379818	7.00	ffrfl
127.389896	7.00	ffr
127.459755	7.00	fffff
127.469922	7.00	ffffrfl
127.46999	7.00	ffffffr
127.499694	7.00	ffffr
127.52092	7.00	ffffrflf
127.61973	7.00	f
127.629943	7.00	ff
127.649702	7.00	ffff
127.679608	7.00	fff
127.779865	7.00	ffffff
127.869739	7.00	ffrfr
127.879865	7.00	ffrf
128.139815	7.00	ffffrf
128.389694	7.00	ffrfl
128.399711	7.00	ffr
128.459703	7.00	fffff
128.469844	7.00	ffffrfl
128.479635	7.00	ffffffr
128.509827	7.00	ffffr
128.519807	7.00	ffffrflf
128.629687	7.00	f
128.629827	7.00	ff
128.650373	7.00	ffff
128.679829	7.00	fff
128.779657	7.00	ffffff
128.870842	7.00	ffrfr
128.880055	7.00	ffrf
129.13975	7.00	ffffrf
129.38991	7.00	ffrfl
129.399802	7.00	ffr
129.469885	7.00	fffff
129.470033	7.00	ffffffr
129.479758	7.00	ffffrfl
129.509717	7.00	ffffr
129.519855	7.00	ffffrflf
129.629844	7.00	f
129.629983	7.00	ff
129.659736	7.00	ffff
129.689664	7.00	fff
129.779977	7.00	ffffff
129.869741	7.00	ffrfr
129.889716	7.00	ffrf
130.139649	7.00	ffffrf
130.38985	7.00	ffrfl
130.399947	7.00	ffr
130.469873	7.00	fffff
130.470018	7.00	ffffrfl
130.479843	7.00	ffffffr
130.509756	7.00	ffffr
130.519877	7.00	ffffrflf
130.629814	7.00	f
130.629955	7.00	ff
130.659748	7.00	ffff
130.689662	7.00	fff
130.789787	7.00	ffffff
130.869815	7.00	ffrfr
130.889761	7.00	ffrf
131.149899	7.00	ffffrf
131.38983	7.00	ffrfl
131.399777	7.00	ffr
131.469727	7.00	fffff
131.469878	7.00	ffffrfl
131.479737	7.00	ffffffr
131.510984	7.00	ffffr
131.520201	7.00	ffffrflf
131.629765	7.00	f
131.629913	7.00	ff
131.659702	7.00	ffff
131.689785	7.00	fff
131.789739	7.00	ffffff
131.869764	7.00	ffrfr
131.889674	7.00	ffrf
132.149843	7.00	ffffrf
132.38975	7.00	ffrfl
132.399683	7.00	ffr
132.469757	7.00	fffff
132.479608	7.00	ffffrfl
132.479678	7.00	ffffffr
132.509736	7.00	ffffr
132.529713	7.00	ffffrflf
132.629743	7.00	f
132.636525	7.00	ff
132.659827	7.00	ffff
132.689688	7.00	fff
132.789823	7.00	ffffff
132.879784	7.00	ffrfr
132.889784	7.00	ffrf
133.149789	7.00	ffffrf
133.38979	7.00	ffrfl
133.39984	7.00	ffr
133.469713	7.00	fffff
133.479731	7.00	ffffrfl
133.4798	7.00	ffffffr
133.509632	7.00	ffffr
133.529775	7.00	ffffrflf
133.629777	7.00	f
133.639748	7.00	ff
133.659656	7.00	ffff
133.689763	7.00	fff
133.789705	7.00	ffffff
133.879686	7.00	ffrfr
133.889754	7.00	ffrf
134.149757	7.00	ffffrf
134.389785	7.00	ffrfl
134.399699	7.00	ffr
134.469664	7.00	fffff
134.479764	7.00	ffffrfl
134.479831	7.00	ffffffr
134.519759	7.00	ffffr
134.529748	7.00	ffffrflf
134.629615	7.00	f
134.641009	7.00	ff
134.659871	7.00	ffff
134.6897	7.00	fff
134.789623	7.00	ffffff
134.879826	7.00	ffrfr
134.889925	7.00	ffrf
135.149841	7.00	ffffrf
135.389767	7.00	ffrfl
135.399735	7.00	ffr
135.469717	7.00	fffff
135.479756	7.00	ffffffr
135.479824	7.00	ffffrfl
135.509776	7.00	ffffr
135.529939	7.00	ffffrflf
135.629741	7.00	f
135.639648	7.00	ff
135.659857	7.00	ffff
135.689732	7.00	fff
135.789637	7.00	ffffff
135.880988	7.00	ffrfr
135.890181	7.00	ffrf
136.14978	7.00	ffffrf
136.399682	7.00	ffrfl
136.399835	7.00	ffr
136.479698	7.00	fffff
136.479845	7.00	ffffffr
136.490304	7.00	ffffrfl
136.519792	7.00	ffffr
136.529766	7.00	ffffrflf
136.640767	7.00	f
136.640907	7.00	ff
136.659746	7.00	ffff
136.699778	7.00	fff
136.789636	7.00	ffffff
136.879818	7.00	ffrfr
136.899824	7.00	ffrf
137.149733	7.00	ffffrf
137.399806	7.00	ffrfl
137.409829	7.00	ffr
137.479754	7.00	fffff
137.489756	7.00	ffffffr
137.489845	7.00	ffffrfl
137.519706	7.00	ffffr
137.529836	7.00	ffffrflf
137.639868	7.00	f
137.761071	7.00	ff
137.761218	7.00	ffff
137.76135	7.00	fff
137.789772	7.00	ffffff
137.879719	7.00	ffrfr
137.899634	7.00	ffrf
138.149783	7.00	ffffrf
138.399713	7.00	ffrfl
138.409727	7.00	ffr
138.469687	7.00	fffff
138.479807	7.00	ffffrfl
138.489633	7.00	ffffffr
138.519823	7.00	ffffr
138.529825	7.00	ffffrflf
138.639734	7.00	f
138.639864	7.00	ff
138.660179	7.00	ffff
138.69977	7.00	fff
138.789696	7.00	ffffff
138.879676	7.00	ffrfr
138.899822	7.00	ffrf
139.149766	7.00	ffffrf
139.399636	7.00	ffrfl
139.410234	7.00	ffr
139.479613	7.00	fffff
139.479774	7.00	ffffrfl
139.490111	7.00	ffffffr
139.519762	7.00	ffffr
139.5397	7.00	ffffrflf
139.641002	7.00	f
139.641152	7.00	ff
139.669854	7.00	ffff
139.699796	7.00	fff
139.800941	7.00	ffffff
139.8806	7.00	ffrfr
139.899849	7.00	ffrf
140.159888	7.00	ffffrf
140.399699	7.00	ffrfl
140.409855	7.00	ffr
140.479709	7.00	fffff
140.48974	7.00	ffffrfl
140.48981	7.00	ffffffr
140.519685	7.00	ffffr
140.539845	7.00	ffffrflf
140.639707	7.00	f
140.639851	7.00	ff
140.669751	7.00	ffff
140.6999	7.00	fff
140.799822	7.00	ffffff
140.879829	7.00	ffrfr
140.89967	7.00	ffrf
141.149912	7.00	ffffrf
141.39973	7.00	ffrfl
141.409794	7.00	ffr
141.479678	7.00	fffff
141.489781	7.00	ffffffr
141.48985	7.00	ffffrfl
141.519788	7.00	ffffr
141.539763	7.00	ffffrflf
141.639718	7.00	f
141.649706	7.00	ff
141.669805	7.00	ffff
141.699792	7.00	fff
141.799645	7.00	ffffff
141.890053	7.00	ffrfr
141.899883	7.00	ffrf
142.159804	7.00	ffffrf
142.400256	7.00	ffrfl
142.40992	7.00	ffr
142.480166	7.00	fffff
142.489838	7.00	ffffffr
142.489908	7.00	ffffrfl
142.519806	7.00	ffffr
142.539646	7.00	ffffrflf
142.63995	7.00	f
142.765278	7.00	ff
142.765423	7.00	ffff
142.765567	7.00	fff
142.801015	7.00	ffffff
142.889814	7.00	ffrfr
142.89993	7.00	ffrf
143.159717	7.00	ffffrf
143.4006	7.00	ffrfl
143.409983	7.00	ffr
143.480682	7.00	fffff
143.489963	7.00	ffffrfl
143.49003	7.00	ffffffr
143.519763	7.00	ffffr
143.539868	7.00	ffffrflf
143.640626	7.00	f
143.649827	7.00	ff
143.669771	7.00	ffff
143.699686	7.00	fff
143.800427	7.00	ffffff
143.889761	7.00	ffrfr
143.899863	7.00	ffrf
144.159765	7.00	ffffrf
144.399934	7.00	ffrfl
144.409939	7.00	ffr
144.47987	7.00	fffff
144.489925	7.00	ffffffr
144.489994	7.00	ffffrfl
144.519671	7.00	ffffr
144.539667	7.00	ffffrflf
144.63989	7.00	f
144.649955	7.00	ff
144.669714	7.00	ffff
144.699759	7.00	fff
144.799819	7.00	ffffff
144.889716	7.00	ffrfr
144.899815	7.00	ffrf
145.159686	7.00	ffffrf
145.400796	7.00	ffrfl
145.409986	7.00	ffr
145.480884	7.00	fffff
145.490085	7.00	ffffrfl
145.49979	7.00	ffffffr
145.529698	7.00	ffffr
145.53982	7.00	ffffrflf
145.649823	7.00	f
145.649964	7.00	ff
145.669833	7.00	ffff
145.699676	7.00	fff
145.800419	7.00	ffffff
145.889883	7.00	ffrfr
145.899827	7.00	ffrf
146.159731	7.00	ffffrf
146.409852	7.00	ffrfl
146.419806	7.00	ffr
146.47988	7.00	fffff
146.489869	7.00	ffffrfl
146.499803	7.00	ffffffr
146.52967	7.00	ffffr
146.539788	7.00	ffffrflf
146.649851	7.00	f
146.649991	7.00	ff
146.669697	7.00	ffff
146.710316	7.00	fff
146.799781	7.00	ffffff
146.889703	7.00	ffrfr
146.909696	7.00	ffrf
147.160486	7.00	ffffrf
147.409773	7.00	ffrfl
147.41977	7.00	ffr
147.489742	7.00	fffff
147.489886	7.00	ffffrfl
147.499761	7.00	ffffffr
147.529648	7.00	ffffr
147.54094	7.00	ffffrflf
147.649752	7.00	f
147.91272	7.00	ff
147.912872	7.00	ffff
147.913018	7.00	fff
147.913146	7.00	ffffff
147.913302	7.00	ffrfr
147.913445	7.00	ffrf
148.15978	7.00	ffffrf
148.409709	7.00	ffrfl
148.419752	7.00	ffr
148.489698	7.00	fffff
148.499733	7.00	ffffrfl
148.499802	7.00	ffffffr
148.529774	7.00	ffffr
148.5498	7.00	ffffrflf
148.649757	7.00	f
148.649878	7.00	ff
148.679761	7.00	ffff
148.709699	7.00	fff
148.809712	7.00	ffffff
148.889616	7.00	ffrfr
148.909817	7.00	ffrf
149.159725	7.00	ffffrf
149.410814	7.00	ffrfl
149.42003	7.00	ffr
149.490873	7.00	fffff
149.500034	7.00	ffffffr
149.500104	7.00	ffffrfl
149.529815	7.00	ffffr
149.549703	7.00	ffffrflf
149.650529	7.00	f
149.659772	7.00	ff
149.679781	7.00	ffff
149.709672	7.00	fff
149.809912	7.00	ffffff
149.899796	7.00	ffrfr
149.909905	7.00	ffrf
150.16367	7.00	ffffrf
150.413947	7.00	ffrfl
150.423876	7.00	ffr
150.483687	7.00	fffff
150.494167	7.00	ffffffr
150.503818	7.00	ffffrfl
150.53372	7.00	ffffr
150.543865	7.00	ffffrflf
150.65421	7.00	f
150.654351	7.00	ff
150.673794	7.00	ffff
150.713687	7.00	fff
150.803602	7.00	ffffff
150.894071	7.00	ffrfr
150.913771	7.00	ffrf
151.163653	7.00	ffffrf
151.413911	7.00	ffrfl
151.423841	7.00	ffr
151.493773	7.00	fffff
151.493917	7.00	ffffrfl
151.503741	7.00	ffffffr
151.533777	7.00	ffffr
151.543829	7.00	ffffrflf
151.653825	7.00	f
151.653961	7.00	ff
151.683709	7.00	ffff
151.713706	7.00	fff
151.813835	7.00	ffffff
151.893823	7.00	ffrfr
151.913877	7.00	ffrf
152.163614	7.00	ffffrf
152.413827	7.00	ffrfl
152.423855	7.00	ffr
152.493747	7.00	fffff
152.503718	7.00	ffffffr
152.503787	7.00	ffffrfl
152.53377	7.00	ffffr
152.554715	7.00	ffffrflf
152.653732	7.00	f
152.653873	7.00	ff
152.781792	7.00	ffff
152.781942	7.00	fff
152.814947	7.00	ffffff
152.903865	7.00	ffrfr
152.913928	7.00	ffrf
153.163789	7.00	ffffrf
153.415003	7.00	ffrfl
153.424227	7.00	ffr
153.495032	7.00	fffff
153.504197	7.00	ffffffr
153.504267	7.00	ffffrfl
153.533799	7.00	ffffr
153.553778	7.00	ffffrflf
153.654888	7.00	f
153.65503	7.00	ff
153.683764	7.00	ffff
153.713641	7.00	fff
153.814731	7.00	ffffff
153.903828	7.00	ffrfr
153.913946	7.00	ffrf
154.163799	7.00	ffffrf
154.415047	7.00	ffrfl
154.424272	7.00	ffr
154.495112	7.00	fffff
154.504333	7.00	ffffrfl
154.504401	7.00	ffffffr
154.533826	7.00	ffffr
154.553786	7.00	ffffrflf
154.655079	7.00	f
154.664274	7.00	ff
154.68379	7.00	ffff
154.71374	7.00	fff
154.814851	7.00	ffffff
154.903903	7.00	ffrfr
154.913971	7.00	ffrf
155.173832	7.00	ffffrf
155.413814	7.00	ffrfl
155.423833	7.00	ffr
155.493754	7.00	fffff
155.503784	7.00	ffffrfl
155.503852	7.00	ffffffr
155.533632	7.00	ffffr
155.553968	7.00	ffffrflf
155.65377	7.00	f
155.66388	7.00	ff
155.683611	7.00	ffff
155.713829	7.00	fff
155.81378	7.00	ffffff
155.903611	7.00	ffrfr
155.914892	7.00	ffrf
156.173762	7.00	ffffrf
156.423681	7.00	ffrfl
156.434472	7.00	ffr
156.493656	7.00	fffff
156.505163	7.00	ffffrfl
156.50523	7.00	ffffffr
156.543833	7.00	ffffr
156.553841	7.00	ffffrflf
156.664805	7.00	f
156.664944	7.00	ff
156.68385	7.00	ffff
156.71378	7.00	fff
156.813732	7.00	ffffff
156.90385	7.00	ffrfr
156.913936	7.00	ffrf
157.17382	7.00	ffffrf
157.41374	7.00	ffrfl
157.434001	7.00	ffr
157.493703	7.00	fffff
157.504471	7.00	ffffffr
157.513757	7.00	ffffrfl
157.543829	7.00	ffffr
157.553802	7.00	ffffrflf
157.663907	7.00	f
157.698516	7.00	ff
157.698659	7.00	ffff
157.723691	7.00	fff
157.813843	7.00	ffffff
157.90384	7.00	ffrfr
157.913816	7.00	ffrf
158.17459	7.00	ffffrf
158.423843	7.00	ffrfl
158.433689	7.00	ffr
158.493735	7.00	fffff
158.503816	7.00	ffffffr
158.51378	7.00	ffffrfl
158.544994	7.00	ffffr
158.554233	7.00	ffffrflf
158.663797	7.00	f
158.663925	7.00	ff
158.683754	7.00	ffff
158.723714	7.00	fff
158.813748	7.00	ffffff
158.903641	7.00	ffrfr
158.924821	7.00	ffrf
159.173729	7.00	ffffrf
159.423658	7.00	ffrfl
159.433702	7.00	ffr
159.503645	7.00	fffff
159.513719	7.00	ffffffr
159.513788	7.00	ffffrfl
159.543744	7.00	ffffr
159.553843	7.00	ffffrflf
159.663689	7.00	f
159.663816	7.00	ff
159.693742	7.00	ffff
159.723754	7.00	fff
159.823759	7.00	ffffff
159.905069	7.00	ffrfr
159.92389	7.00	ffrf
160.173765	7.00	ffffrf
160.423807	7.00	ffrfl
160.433836	7.00	ffr
160.503665	7.00	fffff
160.503811	7.00	ffffffr
160.513697	7.00	ffffrfl
160.543845	7.00	ffffr
160.563811	7.00	ffffrflf
160.663735	7.00	f
160.663875	7.00	ff
160.694335	7.00	ffff
160.723795	7.00	fff
160.823758	7.00	ffffff
160.903623	7.00	ffrfr
160.924152	7.00	ffrf
161.173841	7.00	ffffrf
161.423708	7.00	ffrfl
161.434964	7.00	ffr
161.50375	7.00	fffff
161.514844	7.00	ffffffr
161.514915	7.00	ffffrfl
161.543831	7.00	ffffr
161.56382	7.00	ffffrflf
161.663719	7.00	f
161.66386	7.00	ff
161.693856	7.00	ffff
161.723769	7.00	fff
161.824946	7.00	ffffff
161.904505	7.00	ffrfr
161.923871	7.00	ffrf
162.173817	7.00	ffffrf
162.423736	7.00	ffrfl
162.434492	7.00	ffr
162.505107	7.00	fffff
162.514251	7.00	ffffrfl
162.514321	7.00	ffffffr
162.543814	7.00	ffffr
162.563791	7.00	ffffrflf
162.664937	7.00	f
162.674114	7.00	ff
162.693824	7.00	ffff
162.72373	7.00	fff
162.824802	7.00	ffffff
162.913755	7.00	ffrfr
162.923906	7.00	ffrf
163.183777	7.00	ffffrf
163.424452	7.00	ffrfl
163.433922	7.00	ffr
163.50455	7.00	fffff
163.51389	7.00	ffffrfl
163.513958	7.00	ffffffr
163.543732	7.00	ffffr
163.56378	7.00	ffffrflf
163.664133	7.00	f
163.673903	7.00	ff
163.693816	7.00	ffff
163.723654	7.00	fff
163.823843	7.00	ffffff
163.913856	7.00	ffrfr
163.923843	7.00	ffrf
164.183666	7.00	ffffrf
164.423988	7.00	ffrfl
164.433921	7.00	ffr
164.504096	7.00	fffff
164.51392	7.00	ffffffr
164.513988	7.00	ffffrfl
164.553675	7.00	ffffr
164.563866	7.00	ffffrflf
164.663846	7.00	f
164.67392	7.00	ff
164.693777	7.00	ffff
164.72369	7.00	fff
164.823836	7.00	ffffff
164.913852	7.00	ffrfr
164.923933	7.00	ffrf
165.183787	7.00	ffffrf
165.423761	7.00	ffrfl
165.433727	7.00	ffr
165.503733	7.00	fffff
165.513757	7.00	ffffffr
165.524559	7.00	ffffrfl
165.553836	7.00	ffffr
165.563825	7.00	ffffrflf
165.663634	7.00	f
165.675162	7.00	ff
165.693874	7.00	ffff
165.723772	7.00	fff
165.823651	7.00	ffffff
165.914416	7.00	ffrfr
165.923983	7.00	ffrf
166.18377	7.00	ffffrf
166.423618	7.00	ffrfl
166.443901	7.00	ffr
166.503629	7.00	fffff
166.514714	7.00	ffffffr
166.523904	7.00	ffffrfl
166.553793	7.00	ffffr
166.563904	7.00	ffffrflf
166.674106	7.00	f
166.674245	7.00	ff
166.693854	7.00	ffff
166.733724	7.00	fff
166.833811	7.00	ffffff
166.913801	7.00	ffrfr
166.923914	7.00	ffrf
167.184645	7.00	ffffrf
167.424816	7.00	ffrfl
167.444789	7.00	ffr
167.514824	7.00	fffff
167.514968	7.00	ffffffr
167.524806	7.00	ffffrfl
167.554675	7.00	ffffr
167.564785	7.00	ffffrflf
167.674777	7.00	f
167.734034	7.00	ff
167.734178	7.00	ffff
167.734629	7.00	fff
167.834677	7.00	ffffff
167.914697	7.00	ffrfr
167.934918	7.00	ffrf
168.184745	7.00	ffffrf
168.434721	7.00	ffrfl
168.445396	7.00	ffr
168.504717	7.00	fffff
168.516163	7.00	ffffffr
168.52525	7.00	ffffrfl
168.554832	7.00	ffffr
168.574658	7.00	ffffrflf
168.675779	7.00	f
168.675904	7.00	ff
168.704829	7.00	ffff
168.734701	7.00	fff
168.824801	7.00	ffffff
168.914842	7.00	ffrfr
168.934798	7.00	ffrf
169.184656	7.00	ffffrf
169.434885	7.00	ffrfl
169.444851	7.00	ffr
169.514855	7.00	fffff
169.524874	7.00	ffffffr
169.524944	7.00	ffffrfl
169.554733	7.00	ffffr
169.574619	7.00	ffffrflf
169.67478	7.00	f
169.674907	7.00	ff
169.704735	7.00	ffff
169.734641	7.00	fff
169.834799	7.00	ffffff
169.914719	7.00	ffrfr
169.934707	7.00	ffrf
170.184781	7.00	ffffrf
170.434622	7.00	ffrfl
170.445529	7.00	ffr
170.514651	7.00	fffff
170.52536	7.00	ffffrfl
170.525428	7.00	ffffffr
170.55471	7.00	ffffr
170.564845	7.00	ffffrflf
170.675886	7.00	f
170.676028	7.00	ff
170.704746	7.00	ffff
170.734742	7.00	fff
170.835314	7.00	ffffff
170.915	7.00	ffrfr
170.934833	7.00	ffrf
171.194643	7.00	ffffrf
171.43476	7.00	ffrfl
171.444879	7.00	ffr
171.514799	7.00	fffff
171.524801	7.00	ffffrfl
171.524871	7.00	ffffffr
171.554733	7.00	ffffr
171.574694	7.00	ffffrflf
171.6748	7.00	f
171.684782	7.00	ff
171.704714	7.00	ffff
171.734699	7.00	fff
171.834713	7.00	ffffff
171.924772	7.00	ffrfr
171.93486	7.00	ffrf
172.194841	7.00	ffffrf
172.434788	7.00	ffrfl
172.444854	7.00	ffr
172.514819	7.00	fffff
172.524674	7.00	ffffrfl
172.524745	7.00	ffffffr
172.554692	7.00	ffffr
172.574927	7.00	ffffrflf
172.674738	7.00	f
172.684784	7.00	ff
172.793073	7.00	ffff
172.793225	7.00	fff
172.834802	7.00	ffffff
172.924751	7.00	ffrfr
172.934848	7.00	ffrf
173.195251	7.00	ffffrf
173.434823	7.00	ffrfl
173.444788	7.00	ffr
173.514758	7.00	fffff
173.524903	7.00	ffffffr
173.524971	7.00	ffffrfl
173.554728	7.00	ffffr
173.575067	7.00	ffffrflf
173.674787	7.00	f
173.684774	7.00	ff
173.704678	7.00	ffff
173.734849	7.00	fff
173.834765	7.00	ffffff
173.92469	7.00	ffrfr
173.934788	7.00	ffrf
174.194825	7.00	ffffrf
174.43467	7.00	ffrfl
174.444824	7.00	ffr
174.514685	7.00	fffff
174.524799	7.00	ffffffr
174.534695	7.00	ffffrfl
174.564827	7.00	ffffr
174.57479	7.00	ffffrflf
174.674663	7.00	f
174.684723	7.00	ff
174.705194	7.00	ffff
174.734745	7.00	fff
174.844705	7.00	ffffff
174.924644	7.00	ffrfr
174.935082	7.00	ffrf
175.194864	7.00	ffffrf
175.434809	7.00	ffrfl
175.45472	7.00	ffr
175.52474	7.00	fffff
175.524885	7.00	ffffffr
175.534782	7.00	ffffrfl
175.565779	7.00	ffffr
175.584767	7.00	ffffrflf
175.684823	7.00	f
175.684973	7.00	ff
175.704631	7.00	ffff
175.734896	7.00	fff
175.834774	7.00	ffffff
175.924729	7.00	ffrfr
175.946076	7.00	ffrf
176.19488	7.00	ffffrf
176.444775	7.00	ffrfl
176.454636	7.00	ffr
176.524768	7.00	fffff
176.524913	7.00	ffffffr
176.53478	7.00	ffffrfl
176.564897	7.00	ffffr
176.574841	7.00	ffffrflf
176.684707	7.00	f
176.68484	7.00	ff
176.715348	7.00	ffff
176.744755	7.00	fff
176.834681	7.00	ffffff
176.924635	7.00	ffrfr
176.945237	7.00	ffrf
177.194788	7.00	ffffrf
177.444634	7.00	ffrfl
177.454821	7.00	ffr
177.524665	7.00	fffff
177.53581	7.00	ffffrfl
177.53588	7.00	ffffffr
177.564841	7.00	ffffr
177.584696	7.00	ffffrflf
177.68468	7.00	f
177.800898	7.00	ff
177.801043	7.00	ffff
177.801186	7.00	fff
177.844736	7.00	ffffff
177.924706	7.00	ffrfr
177.944839	7.00	ffrf
178.194693	7.00	ffffrf
178.444638	7.00	ffrfl
178.455917	7.00	ffr
178.524736	7.00	fffff
178.53545	7.00	ffffrfl
178.535521	7.00	ffffffr
178.564736	7.00	ffffr
178.584726	7.00	ffffrflf
178.684706	7.00	f
178.684847	7.00	ff
178.714735	7.00	ffff
178.744747	7.00	fff
178.845711	7.00	ffffff
178.925467	7.00	ffrfr
178.94489	7.00	ffrf
179.204702	7.00	ffffrf
179.445824	7.00	ffrfl
179.455057	7.00	ffr
179.52592	7.00	fffff
179.535113	7.00	ffffrfl
179.535184	7.00	ffffffr
179.564749	7.00	ffffr
179.584725	7.00	ffffrflf
179.685938	7.00	f
179.686079	7.00	ff
179.71475	7.00	ffff
179.744683	7.00	fff
179.8454	7.00	ffffff
179.934814	7.00	ffrfr
179.944781	7.00	ffrf
180.204809	7.00	ffffrf
180.444677	7.00	ffrfl
180.454787	7.00	ffr
180.524759	7.00	fffff
180.534658	7.00	ffffffr
180.534728	7.00	ffffrfl
180.564815	7.00	ffffr
180.584781	7.00	ffffrflf
180.68473	7.00	f
180.694742	7.00	ff
180.715139	7.00	ffff
180.744761	7.00	fff
180.844763	7.00	ffffff
180.935802	7.00	ffrfr
180.944984	7.00	ffrf
181.204824	7.00	ffffrf
181.444693	7.00	ffrfl
181.455556	7.00	ffr
181.524621	7.00	fffff
181.535334	7.00	ffffffr
181.5354	7.00	ffffrfl
181.564804	7.00	ffffr
181.584738	7.00	ffffrflf
181.684637	7.00	f
181.695021	7.00	ff
181.714768	7.00	ffff
181.744676	7.00	fff
181.845305	7.00	ffffff
181.934788	7.00	ffrfr
181.94492	7.00	ffrf
182.204702	7.00	ffffrf
182.444869	7.00	ffrfl
182.454909	7.00	ffr
182.524825	7.00	fffff
182.534854	7.00	ffffffr
182.534922	7.00	ffffrfl
182.57469	7.00	ffffr
182.584692	7.00	ffffrflf
182.684873	7.00	f
182.907908	7.00	ff
182.908053	7.00	ffff
182.908188	7.00	fff
182.908316	7.00	ffffff
182.934818	7.00	ffrfr
182.944806	7.00	ffrf
183.20463	7.00	ffffrf
183.444905	7.00	ffrfl
183.4648	7.00	ffr
183.534717	7.00	fffff
183.534887	7.00	ffffffr
183.544771	7.00	ffffrfl
183.574656	7.00	ffffr
183.584765	7.00	ffffrflf
183.684821	7.00	f
183.694922	7.00	ff
183.714715	7.00	ffff
183.746003	7.00	fff
183.854716	7.00	ffffff
183.934739	7.00	ffrfr
183.944758	7.00	ffrf
184.204919	7.00	ffffrf
184.454673	7.00	ffrfl
184.464694	7.00	ffr
184.534705	7.00	fffff
184.53485	7.00	ffffffr
184.544686	7.00	ffffrfl
184.574836	7.00	ffffr
184.584817	7.00	ffffrflf
184.694655	7.00	f
184.694795	7.00	ff
184.716006	7.00	ffff
184.754757	7.00	fff
184.844662	7.00	ffffff
184.934682	7.00	ffrfr
184.95486	7.00	ffrf
185.205789	7.00	ffffrf
185.455791	7.00	ffrfl
185.465658	7.00	ffr
185.535705	7.00	fffff
185.545723	7.00	ffffffr
185.545793	7.00	ffffrfl
185.576313	7.00	ffffr
185.595839	7.00	ffffrflf
185.695658	7.00	f
185.695785	7.00	ff
185.727097	7.00	ffff
185.75584	7.00	fff
185.855747	7.00	ffffff
185.935771	7.00	ffrfr
185.956657	7.00	ffrf
186.205812	7.00	ffffrf
186.455768	7.00	ffrfl
186.465738	7.00	ffr
186.535723	7.00	fffff
186.54683	7.00	ffffrfl
186.5469	7.00	ffffffr
186.57577	7.00	ffffr
186.595706	7.00	ffffrflf
186.695744	7.00	f
186.695889	7.00	ff
186.715756	7.00	ffff
186.755654	7.00	fff
186.857067	7.00	ffffff
186.936919	7.00	ffrfr
186.955783	7.00	ffrf
187.215736	7.00	ffffrf
187.455605	7.00	ffrfl
187.466377	7.00	ffr
187.535637	7.00	fffff
187.546348	7.00	ffffrfl
187.546418	7.00	ffffffr
187.575829	7.00	ffffr
187.595811	7.00	ffffrflf
187.695645	7.00	f
187.795281	7.00	ff
187.795426	7.00	ffff
187.79557	7.00	fff
187.855677	7.00	ffffff
187.935656	7.00	ffrfr
187.956235	7.00	ffrf
188.215794	7.00	ffffrf
188.455705	7.00	ffrfl
188.466711	7.00	ffr
188.535671	7.00	fffff
188.54661	7.00	ffffffr
188.54668	7.00	ffffrfl
188.575794	7.00	ffffr
188.595816	7.00	ffffrflf
188.695643	7.00	f
188.706064	7.00	ff
188.725705	7.00	ffff
188.755717	7.00	fff
188.856247	7.00	ffffff
188.945778	7.00	ffrfr
188.95572	7.00	ffrf
189.215633	7.00	ffffrf
189.455912	7.00	ffrfl
189.465935	7.00	ffr
189.535838	7.00	fffff
189.545958	7.00	ffffffr
189.546026	7.00	ffffrfl
189.575674	7.00	ffffr
189.59564	7.00	ffffrflf
189.695959	7.00	f
189.705839	7.00	ff
189.725767	7.00	ffff
189.75571	7.00	fff
189.855885	7.00	ffffff
189.945798	7.00	ffrfr
189.955895	7.00	ffrf
190.215713	7.00	ffffrf
190.455725	7.00	ffrfl
190.466921	7.00	ffr
190.535731	7.00	fffff
190.547138	7.00	ffffffr
190.547206	7.00	ffffrfl
190.575873	7.00	ffffr
190.595781	7.00	ffffrflf
190.695732	7.00	f
190.705649	7.00	ff
190.725757	7.00	ffff
190.755741	7.00	fff
190.855729	7.00	ffffff
190.946237	7.00	ffrfr
190.955984	7.00	ffrf
191.21579	7.00	ffffrf
191.455603	7.00	ffrfl
191.475748	7.00	ffr
191.545922	7.00	fffff
191.546068	7.00	ffffffr
191.555769	7.00	ffffrfl
191.575693	7.00	ffffr
191.595694	7.00	ffffrflf
191.696683	7.00	f
191.705814	7.00	ff
191.725846	7.00	ffff
191.755744	7.00	fff
191.856362	7.00	ffffff
191.945815	7.00	ffrfr
191.955918	7.00	ffrf
192.21572	7.00	ffffrf
192.455907	7.00	ffrfl
192.465824	7.00	ffr
192.545749	7.00	fffff
192.545895	7.00	ffffffr
192.55577	7.00	ffffrfl
192.58577	7.00	ffffr
192.596338	7.00	ffffrflf
192.705739	7.00	f
192.739506	7.00	ff
192.73965	7.00	ffff
192.765739	7.00	fff
192.855737	7.00	ffffff
192.945724	7.00	ffrfr
192.965653	7.00	ffrf
193.21573	7.00	ffffrf
193.465758	7.00	ffrfl
193.465902	7.00	ffr
193.545656	7.00	fffff
193.545817	7.00	ffffffr
193.557035	7.00	ffffrfl
193.585762	7.00	ffffr
193.605804	7.00	ffffrflf
193.705669	7.00	f
193.705808	7.00	ff
193.735738	7.00	ffff
193.765705	7.00	fff
193.865659	7.00	ffffff
193.946759	7.00	ffrfr
193.965861	7.00	ffrf
194.215764	7.00	ffffrf
194.466183	7.00	ffrfl
194.475873	7.00	ffr
194.535644	7.00	fffff
194.555875	7.00	ffffrfl
194.555945	7.00	ffffffr
194.585744	7.00	ffffr
194.605753	7.00	ffffrflf
194.705946	7.00	f
194.706086	7.00	ff
194.725819	7.00	ffff
194.765631	7.00	fff
194.865873	7.00	ffffff
194.945859	7.00	ffrfr
194.965805	7.00	ffrf
195.225813	7.00	ffffrf
195.465645	7.00	ffrfl
195.475821	7.00	ffr
195.545738	7.00	fffff
195.55572	7.00	ffffffr
195.555788	7.00	ffffrfl
195.585843	7.00	ffffr
195.605701	7.00	ffffrflf
195.705699	7.00	f
195.705838	7.00	ff
195.735875	7.00	ffff
195.765796	7.00	fff
195.865733	7.00	ffffff
195.946994	7.00	ffrfr
195.965869	7.00	ffrf
196.215677	7.00	ffffrf
196.466163	7.00	ffrfl
196.475985	7.00	ffr
196.54596	7.00	fffff
196.555864	7.00	ffffffr
196.555932	7.00	ffffrfl
196.585798	7.00	ffffr
196.605637	7.00	ffffrflf
196.705878	7.00	f
196.706005	7.00	ff
196.735821	7.00	ffff
196.765714	7.00	fff
196.865759	7.00	ffffff
196.945819	7.00	ffrfr
196.965785	7.00	ffrf
197.215724	7.00	ffffrf
197.465848	7.00	ffrfl
197.47593	7.00	ffr
197.545879	7.00	fffff
197.555764	7.00	ffffffr
197.555832	7.00	ffffrfl
197.585771	7.00	ffffr
197.606501	7.00	ffffrflf
197.705752	7.00	f
197.715734	7.00	ff
197.735637	7.00	ffff
197.765766	7.00	fff
197.86581	7.00	ffffff
197.955723	7.00	ffrfr
197.965719	7.00	ffrf
198.225833	7.00	ffffrf
198.465752	7.00	ffrfl
198.475741	7.00	ffr
198.545776	7.00	fffff
198.555667	7.00	ffffffr
198.555737	7.00	ffffrfl
198.585751	7.00	ffffr
198.60581	7.00	ffffrflf
198.705649	7.00	f
198.715697	7.00	ff
198.73588	7.00	ffff
198.765681	7.00	fff
198.865635	7.00	ffffff
198.956314	7.00	ffrfr
198.965949	7.00	ffrf
199.225743	7.00	ffffrf
199.467155	7.00	ffrfl
199.476353	7.00	ffr
199.545596	7.00	fffff
199.556136	7.00	ffffffr
199.556203	7.00	ffffrfl
199.585835	7.00	ffffr
199.605691	7.00	ffffrflf
199.706883	7.00	f
199.716012	7.00	ff
199.735736	7.00	ffff
199.765754	7.00	fff
199.866236	7.00	ffffff
199.955871	7.00	ffrfr
199.965793	7.00	ffrf
200.225668	7.00	ffffrf
200.465636	7.00	ffrfl
200.475768	7.00	ffr
200.545723	7.00	fffff
200.557016	7.00	ffffffr
200.557083	7.00	ffffrfl
200.585857	7.00	ffffr
200.605788	7.00	ffffrflf
200.705715	7.00	f
200.71677	7.00	ff
200.735759	7.00	ffff
200.765808	7.00	fff
200.865698	7.00	ffffff
200.955775	7.00	ffrfr
200.965845	7.00	ffrf
201.225732	7.00	ffffrf
201.466305	7.00	ffrfl
201.475903	7.00	ffr
201.546528	7.00	fffff
201.555961	7.00	ffffffr
201.565865	7.00	ffffrfl
201.595673	7.00	ffffr
201.615632	7.00	ffffrflf
201.715894	7.00	f
201.716035	7.00	ff
201.735853	7.00	ffff
201.765779	7.00	fff
201.86643	7.00	ffffff
201.955773	7.00	ffrfr
201.965863	7.00	ffrf
202.225669	7.00	ffffrf
202.475883	7.00	ffrfl
202.485826	7.00	ffr
202.545781	7.00	fffff
202.555915	7.00	ffffrfl
202.565726	7.00	ffffffr
202.595659	7.00	ffffr
202.617001	7.00	ffffrflf
202.715749	7.00	f
202.758686	7.00	ff
202.75883	7.00	ffff
202.775753	7.00	fff
202.875754	7.00	ffffff
202.955743	7.00	ffrfr
202.975619	7.00	ffrf
203.225772	7.00	ffffrf
203.475731	7.00	ffrfl
203.485709	7.00	ffr
203.555709	7.00	fffff
203.565724	7.00	ffffffr
203.565793	7.00	ffffrfl
203.595902	7.00	ffffr
203.615759	7.00	ffffrflf
203.715706	7.00	f
203.715845	7.00	ff
203.745821	7.00	ffff
203.775696	7.00	fff
203.875637	7.00	ffffff
203.955701	7.00	ffrfr
203.97588	7.00	ffrf
204.225815	7.00	ffffrf
204.477123	7.00	ffrfl
204.486347	7.00	ffr
204.555699	7.00	fffff
204.56605	7.00	ffffffr
204.566118	7.00	ffffrfl
204.595724	7.00	ffffr
204.615661	7.00	ffffrflf
204.716935	7.00	f
204.717072	7.00	ff
204.745824	7.00	ffff
204.775772	7.00	fff
204.876339	7.00	ffffff
204.955807	7.00	ffrfr
204.975731	7.00	ffrf
205.225832	7.00	ffffrf
205.475738	7.00	ffrfl
205.4857	7.00	ffr
205.555744	7.00	fffff
205.565643	7.00	ffffffr
205.565713	7.00	ffffrfl
205.595772	7.00	ffffr
205.615835	7.00	ffffrflf
205.715728	7.00	f
205.715868	7.00	ff
205.745899	7.00	ffff
205.77581	7.00	fff
205.875716	7.00	ffffff
205.966431	7.00	ffrfr
205.975836	7.00	ffrf
206.225821	7.00	ffffrf
206.4756	7.00	ffrfl
206.486238	7.00	ffr
206.557035	7.00	fffff
206.566276	7.00	ffffffr
206.566343	7.00	ffffrfl
206.595818	7.00	ffffr
206.615805	7.00	ffffrflf
206.716877	7.00	f
206.726065	7.00	ff
206.745717	7.00	ffff
206.775759	7.00	fff
206.876311	7.00	ffffff
206.96582	7.00	ffrfr
206.975943	7.00	ffrf
207.23568	7.00	ffffrf
207.47586	7.00	ffrfl
207.485851	7.00	ffr
207.555782	7.00	fffff
207.565897	7.00	ffffffr
207.565965	7.00	ffffrfl
207.595786	7.00	ffffr
207.615639	7.00	ffffrflf
207.71581	7.00	f
207.760966	7.00	ff
207.761111	7.00	ffff
207.775701	7.00	fff
207.875835	7.00	ffffff
207.965847	7.00	ffrfr
207.975787	7.00	ffrf
208.236225	7.00	ffffrf
208.475748	7.00	ffrfl
208.485804	7.00	ffr
208.555821	7.00	fffff
208.565778	7.00	ffffffr
208.565846	7.00	ffffrfl
208.595628	7.00	ffffr
208.616367	7.00	ffffrflf
208.715815	7.00	f
208.725763	7.00	ff
208.745708	7.00	ffff
208.776127	7.00	fff
208.875714	7.00	ffffff
208.965749	7.00	ffrfr
208.975836	7.00	ffrf
209.235844	7.00	ffffrf
209.475814	7.00	ffrfl
209.485735	7.00	ffr
209.555679	7.00	fffff
209.565804	7.00	ffffffr
209.575713	7.00	ffffrfl
209.605874	7.00	ffffr
209.615835	7.00	ffffrflf
209.715771	7.00	f
209.725746	7.00	ff
209.746257	7.00	ffff
209.775777	7.00	fff
209.875756	7.00	ffffff
209.965617	7.00	ffrfr
209.976363	7.00	ffrf
210.235877	7.00	ffffrf
210.485735	7.00	ffrfl
210.495752	7.00	ffr
210.555728	7.00	fffff
210.565886	7.00	ffffffr
210.575688	7.00	ffffrfl
210.605619	7.00	ffffr
210.625862	7.00	ffffrflf
210.725769	7.00	f
210.72591	7.00	ff
210.745701	7.00	ffff
210.785755	7.00	fff
210.885784	7.00	ffffff
210.965667	7.00	ffrfr
210.985719	7.00	ffrf
211.235786	7.00	ffffrf
211.485773	7.00	ffrfl
211.495838	7.00	ffr
211.565748	7.00	fffff
211.575735	7.00	ffffffr
211.575804	7.00	ffffrfl
211.605809	7.00	ffffr
211.625788	7.00	ffffrflf
211.725736	7.00	f
211.725898	7.00	ff
211.755808	7.00	ffff
211.78569	7.00	fff
211.885761	7.00	ffffff
211.965698	7.00	ffrfr
211.9859	7.00	ffrf
212.23579	7.00	ffffrf
212.485701	7.00	ffrfl
212.496081	7.00	ffr
212.566908	7.00	fffff
212.576104	7.00	ffffffr
212.576173	7.00	ffffrfl
212.605707	7.00	ffffr
212.625671	7.00	ffffrflf
212.725599	7.00	f
212.859612	7.00	ff
212.85977	7.00	ffff
212.859915	7.00	fff
212.886484	7.00	ffffff
212.966202	7.00	ffrfr
212.985805	7.00	ffrf
213.235689	7.00	ffffrf
213.486184	7.00	ffrfl
213.495926	7.00	ffr
213.566305	7.00	fffff
213.57586	7.00	ffffffr
213.57593	7.00	ffffrfl
213.605807	7.00	ffffr
213.625691	7.00	ffffrflf
213.726646	7.00	f
213.726779	7.00	ff
213.755772	7.00	ffff
213.785728	7.00	fff
213.886235	7.00	ffffff
213.975765	7.00	ffrfr
213.985885	7.00	ffrf
214.235778	7.00	ffffrf
214.486214	7.00	ffrfl
214.495879	7.00	ffr
214.566256	7.00	fffff
214.57576	7.00	ffffffr
214.575829	7.00	ffffrfl
214.605817	7.00	ffffr
214.625694	7.00	ffffrflf
214.726682	0.00	f
214.735832	7.00	ff
214.755734	7.00	ffff
214.78567	7.00	fff
214.886522	7.00	ffffff
214.975824	7.00	ffrfr
214.985925	7.00	ffrf
