This is pdfeTeX, Version 3.141592-1.21a-2.2 (Web2C 7.5.4) (format=pdflatex 2009.5.8)  13 DEC 2009 11:36
entering extended mode
**\input s.100_g.2_best.tex
(./s.100_g.2_best.tex)
! Emergency stop.
<*> \input s.100_g.2_best.tex
                             
*** (job aborted, no legal \end found)

 
Here is how much of TeX's memory you used:
 21 strings out of 94500
 331 string characters out of 1176115
 48348 words of memory out of 1500000
 3289 multiletter control sequences out of 10000+50000
 3640 words of font info for 14 fonts, out of 1200000 for 2000
 580 hyphenation exceptions out of 8191
 8i,1n,7p,139b,70s stack positions out of 5000i,500n,6000p,200000b,5000s
PDF statistics:
 0 PDF objects out of 65536
 0 named destinations out of 20000
 1 words of extra memory for PDF output out of 65536
No pages of output.
