0.318211	136788501.70	frf
0.349128	468.99	frffff
0.349272	16758.16	frfff
0.349405	16408.86	frff
0.349545	1248374207.72	flf
0.349686	12603.06	frffffff
0.349762	20419.87	flffff
0.358338	15988.28	flfff
0.368212	17645.49	flffffff
0.378162	12667.56	flff
0.538158	326781.54	fr
0.568114	17310.78	fl
0.748287	18308.60	f
1.128344	33156864.17	frff
1.138328	1156.33	frfffff
1.148258	468.99	frffff
1.158203	16758.16	frfff
1.178158	27270.23	flfffff
1.188131	20419.87	flffff
1.198055	15988.28	flfff
1.19813	14183.05	flff
1.338156	12995.90	frf
1.369316	545235.93	flf
1.55027	326781.54	fr
1.570149	17310.78	fl
1.7516	18308.60	f
1.930305	8599446.82	frfff
1.93045	1050.16	frffffff
1.940237	1156.33	frfffff
1.950266	468.99	frffff
1.980134	292768498.19	flfff
1.980273	17645.49	flffffff
1.990245	27270.23	flfffff
2.010243	20419.87	flffff
2.130173	30637.48	frff
2.950373	489210814.55	f
2.960345	12995.90	frf
2.960475	14183.05	flff
2.960617	545235.93	flf
2.980225	326781.54	fr
3.000143	105485.96	frffff
3.010205	1050.16	frffffff
3.010272	17310.78	fl
3.010497	1156.33	frfffff
3.02159	277122.70	frfff
3.02167	9189021.55	flffff
3.021812	17645.49	flffffff
3.030932	27270.23	flfffff
3.770162	1270706.33	fl
3.77025	482129612.21	fr
3.770431	30637.48	frff
3.770504	20697.87	flfff
3.780154	14183.05	flff
3.790132	12995.90	frf
3.790207	545235.93	flf
3.800149	37025368.88	frfffff
3.80024	1082528009.73	flfffff
3.800451	1050.16	frffffff
3.810096	17645.49	flffffff
3.810248	14069.50	frffff
3.970108	22291.27	f
4.550211	261625695.98	frf
4.560249	277122.70	frfff
4.570151	443116089.42	flf
4.580069	11752.64	flffff
4.580214	30637.48	frff
4.580288	20697.87	flfff
4.590205	55056429.53	frffffff
4.590365	37025368.88	frfffff
4.590436	14183.05	flff
4.601687	153995915.23	flffffff
4.770354	284320.59	fl
4.790158	15622.17	fr
4.980177	22291.27	f
5.360212	350702.16	frff
5.370122	14069.50	frffff
5.390125	277122.70	frfff
5.390268	22383.53	frffffff
5.410166	5240857.77	flff
5.411729	16759.60	flfffff
5.4303	11752.64	flffff
5.430447	20697.87	flfff
5.580325	15381.55	frf
5.590291	51374.65	flf
5.820198	284320.59	fl
5.830303	15622.17	fr
5.980306	22291.27	f
6.170112	15057975.59	frfff
6.180229	37025368.88	frfffff
6.200955	3214842.51	flfff
6.201034	14069.50	frffff
6.210331	153995915.23	flffffff
6.210489	16759.60	flfffff
6.230185	11752.64	flffff
6.370805	17304.03	frff
6.420153	19046.87	flff
6.590237	15381.55	frf
6.600251	51374.65	flf
6.810327	15622.17	fr
6.810454	284320.59	fl
6.980157	22291.27	f
7.000257	23689125.68	frffff
7.0004	22383.53	frffffff
7.010177	1178453243.26	flffff
7.010399	153995915.23	flffffff
7.020208	37025368.88	frfffff
7.041351	16759.60	flfffff
7.200906	15057975.59	frfff
7.220199	138773.46	flfff
7.380289	17304.03	frff
7.430156	19046.87	flff
7.591577	15381.55	frf
7.600818	51374.65	flf
7.820105	284320.59	fl
7.83071	1735799095.74	frfffff
7.830839	15622.17	fr
7.830973	284027806.76	flfffff
7.840251	22383.53	frffffff
7.840403	153995915.23	flffffff
8.000209	22291.27	f
8.010198	21593.94	flffff
8.020277	18188.67	frffff
8.200151	15057975.59	frfff
8.221241	138773.46	flfff
8.381154	17304.03	frff
8.430144	19046.87	flff
8.590134	15381.55	frf
8.610172	51374.65	flf
8.61026	1397615.94	frffffff
8.630317	736017362.99	flffffff
8.810176	284320.59	fl
8.810304	15622.17	fr
8.820211	13043.79	frfffff
8.840118	14946.12	flfffff
9.000115	22291.27	f
9.011387	18188.67	frffff
9.020589	21593.94	flffff
9.220129	1320506.70	frfff
9.230138	138773.46	flfff
9.380212	17304.03	frff
9.430286	19046.87	flff
9.590166	15381.55	frf
9.61013	51374.65	flf
9.630184	1397615.94	frffffff
9.650354	21400.71	flffffff
9.810303	15622.17	fr
9.810428	284320.59	fl
9.82016	13043.79	frfffff
9.840143	14946.12	flfffff
10.000147	22291.27	f
10.060209	21593.94	flffff
10.060354	18188.67	frffff
10.210265	1320506.70	frfff
10.230129	138773.46	flfff
10.390221	17304.03	frff
10.44026	19046.87	flff
10.610185	15381.55	frf
10.620204	51374.65	flf
10.640117	1397615.94	frffffff
10.661473	21400.71	flffffff
10.820624	15622.17	fr
10.840168	284320.59	fl
10.840356	13043.79	frfffff
10.840494	14946.12	flfffff
11.010204	22291.27	f
11.020189	18188.67	frffff
11.020336	21593.94	flffff
11.200133	1320506.70	frfff
11.230186	138773.46	flfff
11.390273	17304.03	frff
11.450501	19046.87	flff
11.60021	15381.55	frf
11.62007	51374.65	flf
11.640294	1397615.94	frffffff
11.680118	21400.71	flffffff
11.810252	284320.59	fl
11.820219	15622.17	fr
11.820353	13043.79	frfffff
11.850181	14946.12	flfffff
12.020139	22291.27	f
12.020421	18188.67	frffff
12.030188	21593.94	flffff
12.21026	1320506.70	frfff
12.230272	138773.46	flfff
12.390199	17304.03	frff
12.450195	19046.87	flff
12.610183	15381.55	frf
12.630164	51374.65	flf
12.650134	1397615.94	frffffff
12.670135	21400.71	flffffff
12.830998	284320.59	fl
12.840365	15622.17	fr
12.840498	13043.79	frfffff
12.860208	14946.12	flfffff
13.020142	18188.67	frffff
13.030315	22291.27	f
13.040179	21593.94	flffff
13.210118	1320506.70	frfff
13.250297	138773.46	flfff
13.400195	17304.03	frff
13.450173	19046.87	flff
13.6101	15381.55	frf
13.620496	51374.65	flf
13.650283	1397615.94	frffffff
13.670169	21400.71	flffffff
13.810166	284320.59	fl
13.820159	15622.17	fr
13.830143	13043.79	frfffff
13.850099	14946.12	flfffff
14.030291	18188.67	frffff
14.030374	21593.94	flffff
14.030504	22291.27	f
14.220146	1320506.70	frfff
14.240066	138773.46	flfff
14.410241	17304.03	frff
14.450145	19046.87	flff
14.620134	15381.55	frf
14.620274	51374.65	flf
14.660212	84189.71	frffffff
14.68019	21400.71	flffffff
14.810254	284320.59	fl
14.820251	15622.17	fr
14.830252	13043.79	frfffff
14.850204	14946.12	flfffff
15.040208	22291.27	f
15.040489	18188.67	frffff
15.040631	21593.94	flffff
15.210174	1320506.70	frfff
15.240193	138773.46	flfff
15.411332	17304.03	frff
15.460224	19046.87	flff
15.620117	15381.55	frf
15.630147	51374.65	flf
15.660325	84189.71	frffffff
15.690141	21400.71	flffffff
15.820285	284320.59	fl
15.820413	15622.17	fr
15.840136	13043.79	frfffff
15.860147	14946.12	flfffff
16.020173	18188.67	frffff
16.040361	21593.94	flffff
16.050313	22291.27	f
16.230194	1320506.70	frfff
16.250065	138773.46	flfff
16.42013	17304.03	frff
16.470265	19046.87	flff
16.620353	15381.55	frf
16.64026	51374.65	flf
16.67016	84189.71	frffffff
16.701316	21400.71	flffffff
16.820136	284320.59	fl
16.830127	15622.17	fr
16.840122	13043.79	frfffff
16.86012	14946.12	flfffff
17.030289	18188.67	frffff
17.04026	21593.94	flffff
17.060149	22291.27	f
17.230163	1320506.70	frfff
17.250108	138773.46	flfff
17.41151	17304.03	frff
17.470138	19046.87	flff
17.63017	51374.65	flf
17.630246	15381.55	frf
17.670226	84189.71	frffffff
17.700138	21400.71	flffffff
17.820366	284320.59	fl
17.830329	15622.17	fr
17.860166	13043.79	frfffff
17.860312	14946.12	flfffff
18.041384	18188.67	frffff
18.041533	21593.94	flffff
18.060312	22291.27	f
18.230192	1320506.70	frfff
18.250147	138773.46	flfff
18.420182	17304.03	frff
18.470228	19046.87	flff
18.630181	15381.55	frf
18.640157	51374.65	flf
18.670171	84189.71	frffffff
18.710202	21400.71	flffffff
18.841009	15622.17	fr
18.841134	284320.59	fl
18.870177	13043.79	frfffff
18.88015	14946.12	flfffff
19.04016	18188.67	frffff
19.050167	21593.94	flffff
19.060141	22291.27	f
19.240687	1320506.70	frfff
19.260282	138773.46	flfff
19.420235	17304.03	frff
19.48024	19046.87	flff
19.630855	51374.65	flf
19.640308	15381.55	frf
19.690172	84189.71	frffffff
19.720273	21400.71	flffffff
19.840163	15622.17	fr
19.840289	284320.59	fl
19.860111	13043.79	frfffff
19.870759	14946.12	flfffff
20.040317	18188.67	frffff
20.050336	21593.94	flffff
20.060282	22291.27	f
20.260644	1320506.70	frfff
20.270226	138773.46	flfff
20.430286	17304.03	frff
20.480063	19046.87	flff
20.641047	51374.65	flf
20.660236	15381.55	frf
20.700225	84189.71	frffffff
20.740204	21400.71	flffffff
20.840155	15622.17	fr
20.840281	284320.59	fl
20.880686	14946.12	flfffff
20.880769	13043.79	frfffff
21.040308	18188.67	frffff
21.080202	21593.94	flffff
21.080272	22291.27	f
21.250046	1320506.70	frfff
21.260912	138773.46	flfff
21.430235	17304.03	frff
21.49007	19046.87	flff
21.640214	51374.65	flf
21.640372	15381.55	frf
21.690056	84189.71	frffffff
21.730166	21400.71	flffffff
21.850108	15622.17	fr
21.860064	284320.59	fl
21.870745	13043.79	frfffff
21.880339	14946.12	flfffff
22.060163	18188.67	frffff
22.080185	22291.27	f
22.090088	21593.94	flffff
22.260171	1320506.70	frfff
22.271399	138773.46	flfff
22.440234	17304.03	frff
22.490084	19046.87	flff
22.650069	15381.55	frf
22.650144	51374.65	flf
22.700247	84189.71	frffffff
22.7901	21400.71	flffffff
22.840146	284320.59	fl
22.850144	15622.17	fr
22.880129	13043.79	frfffff
22.891492	14946.12	flfffff
23.05091	18188.67	frffff
23.080279	21593.94	flffff
23.100101	22291.27	f
23.260223	1320506.70	frfff
23.260307	138773.46	flfff
23.441235	17304.03	frff
23.490205	19046.87	flff
23.64017	51374.65	flf
23.650276	15381.55	frf
23.690246	35182.13	frffffff
23.750117	21400.71	flffffff
23.850179	15622.17	fr
23.850306	284320.59	fl
23.890169	13043.79	frfffff
23.890314	14946.12	flfffff
24.0501	18188.67	frffff
24.070838	21593.94	flffff
24.100213	22291.27	f
24.270186	1320506.70	frfff
24.28023	138773.46	flfff
24.440168	17304.03	frff
24.500107	19046.87	flff
24.650231	51374.65	flf
24.650307	15381.55	frf
24.710236	35182.13	frffffff
24.760134	21400.71	flffffff
24.850267	15622.17	fr
24.850392	284320.59	fl
24.890152	13043.79	frfffff
24.890254	14946.12	flfffff
25.060102	18188.67	frffff
25.080982	21593.94	flffff
25.10018	22291.27	f
25.270211	138773.46	flfff
25.280248	1320506.70	frfff
25.460066	17304.03	frff
25.510185	19046.87	flff
25.650248	51374.65	flf
25.650322	15381.55	frf
25.710278	35182.13	frffffff
25.79026	21400.71	flffffff
25.850184	15622.17	fr
25.860183	284320.59	fl
25.890185	13043.79	frfffff
25.911426	14946.12	flfffff
26.070746	18188.67	frffff
26.090297	21593.94	flffff
26.110252	22291.27	f
26.270246	138773.46	flfff
26.290105	1320506.70	frfff
26.450158	17304.03	frff
26.510162	19046.87	flff
26.650977	15381.55	frf
26.670356	51374.65	flf
26.740277	35182.13	frffffff
26.840278	21400.71	flffffff
26.850141	15622.17	fr
26.870176	284320.59	fl
26.890183	13043.79	frfffff
26.890266	14946.12	flfffff
27.060673	18188.67	frffff
27.090267	21593.94	flffff
27.120086	22291.27	f
27.280205	138773.46	flfff
27.29139	1320506.70	frfff
27.460295	17304.03	frff
27.510189	19046.87	flff
27.660213	15381.55	frf
27.670184	51374.65	flf
27.730151	35182.13	frffffff
27.820087	21400.71	flffffff
27.860302	15622.17	fr
27.880226	284320.59	fl
27.920821	13043.79	frfffff
27.920966	14946.12	flfffff
28.080246	18188.67	frffff
28.090237	21593.94	flffff
28.13019	22291.27	f
28.280169	138773.46	flfff
28.290137	1320506.70	frfff
28.450128	17304.03	frff
28.530108	19046.87	flff
28.66024	15381.55	frf
28.670201	51374.65	flf
28.73017	35182.13	frffffff
28.810165	21400.71	flffffff
28.860327	15622.17	fr
28.880262	284320.59	fl
28.910205	14946.12	flfffff
28.910288	13043.79	frfffff
29.070144	18188.67	frffff
29.090241	21593.94	flffff
29.14015	22291.27	f
29.280125	138773.46	flfff
29.290137	1320506.70	frfff
29.460069	17304.03	frff
29.530156	19046.87	flff
29.660253	15381.55	frf
29.670234	51374.65	flf
29.740152	35182.13	frffffff
29.830163	21400.71	flffffff
29.87608	15622.17	fr
29.876205	284320.59	fl
29.896419	14946.12	flfffff
29.916282	13043.79	frfffff
30.096204	18188.67	frffff
30.106168	21593.94	flffff
30.156267	22291.27	f
30.286727	138773.46	flfff
30.30631	1320506.70	frfff
30.476178	17304.03	frff
30.536942	19046.87	flff
30.666142	15381.55	frf
30.696524	51374.65	flf
30.746153	35182.13	frffffff
30.847001	21400.71	flffffff
30.876237	15622.17	fr
30.886247	284320.59	fl
30.906123	14946.12	flfffff
30.916144	13043.79	frfffff
31.086305	18188.67	frffff
31.106277	21593.94	flffff
31.156171	22291.27	f
31.306143	138773.46	flfff
31.336253	1320506.70	frfff
31.477217	17304.03	frff
31.536087	19046.87	flff
31.666234	15381.55	frf
31.686166	51374.65	flf
31.746144	35182.13	frffffff
31.826136	21400.71	flffffff
31.896179	15622.17	fr
31.896307	284320.59	fl
31.916285	14946.12	flfffff
31.926254	13043.79	frfffff
32.086174	18188.67	frffff
32.106911	21593.94	flffff
32.156194	22291.27	f
32.296205	138773.46	flfff
32.32608	1320506.70	frfff
32.466179	17304.03	frff
32.53621	19046.87	flff
32.666176	15381.55	frf
32.696124	51374.65	flf
32.74624	35182.13	frffffff
32.846259	21400.71	flffffff
32.886164	15622.17	fr
32.88629	284320.59	fl
32.916264	13043.79	frfffff
32.916347	14946.12	flfffff
33.096183	18188.67	frffff
33.116198	21593.94	flffff
33.166261	22291.27	f
33.296416	138773.46	flfff
33.326263	1320506.70	frfff
33.476268	17304.03	frff
33.556182	19046.87	flff
33.676043	15381.55	frf
33.696286	51374.65	flf
33.796204	35182.13	frffffff
33.846281	21400.71	flffffff
33.886206	15622.17	fr
33.906146	284320.59	fl
33.916131	14946.12	flfffff
33.936321	13043.79	frfffff
34.09626	18188.67	frffff
34.116196	21593.94	flffff
34.166266	22291.27	f
34.296158	138773.46	flfff
34.326332	1320506.70	frfff
34.476362	17304.03	frff
34.556248	19046.87	flff
34.686149	15381.55	frf
34.70679	51374.65	flf
34.756103	35182.13	frffffff
34.856117	21400.71	flffffff
34.896214	15622.17	fr
34.926198	284320.59	fl
34.946619	14946.12	flfffff
34.94678	13043.79	frfffff
35.106333	18188.67	frffff
35.116313	21593.94	flffff
35.166181	22291.27	f
35.306182	138773.46	flfff
35.326097	1320506.70	frfff
35.476162	17304.03	frff
35.60229	19046.87	flff
35.6962	15381.55	frf
35.716163	51374.65	flf
35.816337	35182.13	frffffff
35.866132	21400.71	flffffff
35.896316	15622.17	fr
35.906173	284320.59	fl
35.926282	14946.12	flfffff
35.946131	13043.79	frfffff
36.106079	18188.67	frffff
36.126903	21593.94	flffff
36.16618	22291.27	f
36.306313	138773.46	flfff
36.336184	1320506.70	frfff
36.476307	17304.03	frff
36.576214	19046.87	flff
36.69625	15381.55	frf
36.716122	51374.65	flf
36.786108	35182.13	frffffff
36.866116	21400.71	flffffff
36.897196	15622.17	fr
36.906436	284320.59	fl
36.926237	14946.12	flfffff
36.946278	13043.79	frfffff
37.106171	18188.67	frffff
37.146595	21593.94	flffff
37.166253	22291.27	f
37.307359	138773.46	flfff
37.336232	1320506.70	frfff
37.486222	17304.03	frff
37.586153	19046.87	flff
37.696158	15381.55	frf
37.736234	51374.65	flf
37.797308	35182.13	frffffff
37.876053	21400.71	flffffff
37.89623	15622.17	fr
37.916163	284320.59	fl
37.946185	14946.12	flfffff
37.976431	13043.79	frfffff
38.116109	18188.67	frffff
38.156221	21593.94	flffff
38.176222	22291.27	f
38.316221	138773.46	flfff
38.336131	1320506.70	frfff
38.486154	17304.03	frff
38.586106	19046.87	flff
38.70624	15381.55	frf
38.726198	51374.65	flf
38.826982	35182.13	frffffff
38.876157	21400.71	flffffff
38.896186	15622.17	fr
38.916257	284320.59	fl
38.936159	14946.12	flfffff
38.966241	13043.79	frfffff
39.126126	18188.67	frffff
39.146626	21593.94	flffff
39.176217	22291.27	f
39.316282	138773.46	flfff
39.346194	1320506.70	frfff
39.486144	17304.03	frff
39.596102	19046.87	flff
39.70621	15381.55	frf
39.7362	51374.65	flf
39.826138	35182.13	frffffff
39.906164	21400.71	flffffff
39.926685	15622.17	fr
39.926809	284320.59	fl
39.946293	14946.12	flfffff
39.956266	13043.79	frfffff
40.116224	18188.67	frffff
40.157331	21593.94	flffff
40.176169	22291.27	f
40.317017	138773.46	flfff
40.376184	1320506.70	frfff
40.49615	17304.03	frff
40.606115	19046.87	flff
40.706802	15381.55	frf
40.756095	51374.65	flf
40.816184	35182.13	frffffff
40.906101	15622.17	fr
40.926122	284320.59	fl
40.946359	21400.71	flffffff
40.966299	14946.12	flfffff
40.986175	13043.79	frfffff
41.116299	18188.67	frffff
41.176955	21593.94	flffff
41.177087	22291.27	f
41.32614	138773.46	flfff
41.396214	1320506.70	frfff
41.496417	17304.03	frff
41.596221	19046.87	flff
41.706136	15381.55	frf
41.746254	51374.65	flf
41.816327	35182.13	frffffff
41.916255	15622.17	fr
41.9164	21400.71	flffffff
41.936214	284320.59	fl
41.946211	14946.12	flfffff
41.986215	13043.79	frfffff
42.136272	18188.67	frffff
42.176175	21593.94	flffff
42.186056	22291.27	f
42.346054	138773.46	flfff
42.376275	1320506.70	frfff
42.516471	17304.03	frff
42.606178	19046.87	flff
43.017703	15381.55	frf
43.017845	51374.65	flf
43.018042	35182.13	frffffff
43.018187	15622.17	fr
43.018317	21400.71	flffffff
43.027181	284320.59	fl
43.027388	14946.12	flfffff
43.027467	13043.79	frfffff
43.137278	18188.67	frffff
43.167131	21593.94	flffff
43.187045	22291.27	f
43.327131	138773.46	flfff
43.387367	1320506.70	frfff
43.507191	17304.03	frff
43.627211	19046.87	flff
43.717242	15381.55	frf
43.757411	51374.65	flf
43.827088	35182.13	frffffff
43.917212	15622.17	fr
43.927241	21400.71	flffffff
43.947119	284320.59	fl
43.97714	13043.79	frfffff
43.977279	14946.12	flfffff
44.137128	18188.67	frffff
44.177206	21593.94	flffff
44.187199	22291.27	f
44.327204	138773.46	flfff
44.407246	1320506.70	frfff
44.507157	17304.03	frff
44.647236	19046.87	flff
44.727178	15381.55	frf
44.817181	51374.65	flf
44.827232	35182.13	frffffff
44.927122	15622.17	fr
44.927258	21400.71	flffffff
44.947343	284320.59	fl
44.957227	14946.12	flfffff
44.977185	13043.79	frfffff
45.137178	18188.67	frffff
45.187377	21593.94	flffff
45.187509	22291.27	f
45.338008	138773.46	flfff
45.418196	1320506.70	frfff
45.517301	17304.03	frff
45.637261	19046.87	flff
45.72719	15381.55	frf
45.817181	51374.65	flf
45.82731	35182.13	frffffff
45.928549	21400.71	flffffff
45.928623	15622.17	fr
45.947342	284320.59	fl
45.967194	14946.12	flfffff
45.977156	13043.79	frfffff
46.147223	18188.67	frffff
46.187182	21593.94	flffff
46.197269	22291.27	f
46.337241	138773.46	flfff
46.427208	1320506.70	frfff
46.517235	17304.03	frff
46.647096	19046.87	flff
46.727169	15381.55	frf
46.82807	51374.65	flf
46.837413	35182.13	frffffff
46.927262	15622.17	fr
46.947329	21400.71	flffffff
46.977095	13043.79	frfffff
46.987134	284320.59	fl
46.998555	14946.12	flfffff
47.137122	18188.67	frffff
47.187247	21593.94	flffff
47.197324	22291.27	f
47.34722	138773.46	flfff
47.437232	1320506.70	frfff
47.517185	17304.03	frff
47.66714	19046.87	flff
47.727205	15381.55	frf
47.817238	51374.65	flf
47.837172	35182.13	frffffff
47.927142	15622.17	fr
47.937271	21400.71	flffffff
47.98724	14946.12	flfffff
47.987383	13043.79	frfffff
47.987453	284320.59	fl
48.157175	18188.67	frffff
48.197052	22291.27	f
48.227316	21593.94	flffff
48.337173	138773.46	flfff
48.447305	1320506.70	frfff
48.517984	17304.03	frff
48.677293	19046.87	flff
48.737154	15381.55	frf
48.827923	51374.65	flf
48.847207	35182.13	frffffff
48.937235	21400.71	flffffff
48.937308	15622.17	fr
48.988183	14946.12	flfffff
48.988315	284320.59	fl
49.007284	13043.79	frfffff
49.148074	18188.67	frffff
49.217115	22291.27	f
49.228419	21593.94	flffff
49.347192	138773.46	flfff
49.477271	1320506.70	frfff
49.517158	17304.03	frff
49.687042	19046.87	flff
49.73713	15381.55	frf
49.817178	51374.65	flf
49.848578	35182.13	frffffff
49.937412	15622.17	fr
49.947347	21400.71	flffffff
49.987161	14946.12	flfffff
50.007133	284320.59	fl
50.017983	13043.79	frfffff
50.167127	18188.67	frffff
50.217146	22291.27	f
50.227286	21593.94	flffff
50.347297	138773.46	flfff
50.467156	1320506.70	frfff
50.527204	17304.03	frff
50.677115	19046.87	flff
50.737133	15381.55	frf
50.838292	51374.65	flf
50.847506	35182.13	frffffff
50.937313	15622.17	fr
50.947334	21400.71	flffffff
50.99706	284320.59	fl
50.997198	13043.79	frfffff
51.008202	14946.12	flfffff
51.1679	18188.67	frffff
51.217201	22291.27	f
51.237152	21593.94	flffff
51.347268	138773.46	flfff
51.467197	1320506.70	frfff
51.527236	17304.03	frff
51.687293	19046.87	flff
51.747076	15381.55	frf
51.83754	51374.65	flf
51.857292	14776.61	frffffff
51.947254	15622.17	fr
51.977093	21400.71	flffffff
51.997771	284320.59	fl
52.017222	14946.12	flfffff
52.017305	13043.79	frfffff
52.187185	18188.67	frffff
52.227115	22291.27	f
52.257218	21593.94	flffff
52.377151	138773.46	flfff
52.487266	1320506.70	frfff
52.537103	17304.03	frff
52.698136	19046.87	flff
52.827121	15381.55	frf
52.837137	51374.65	flf
52.857837	14776.61	frffffff
52.947395	15622.17	fr
52.977176	21400.71	flffffff
53.018059	284320.59	fl
53.037262	13043.79	frfffff
53.037345	14946.12	flfffff
53.207215	18188.67	frffff
53.247113	22291.27	f
53.257893	21593.94	flffff
53.377224	138773.46	flfff
53.487072	1320506.70	frfff
53.537243	17304.03	frff
53.697169	19046.87	flff
53.7971	15381.55	frf
53.847136	51374.65	flf
53.857161	14776.61	frffffff
53.967329	21400.71	flffffff
53.997114	15622.17	fr
54.017098	284320.59	fl
54.027118	14946.12	flfffff
54.05731	13043.79	frfffff
54.217153	18188.67	frffff
54.257188	22291.27	f
54.257466	21593.94	flffff
54.367159	138773.46	flfff
54.497915	1320506.70	frfff
54.547169	17304.03	frff
54.717182	19046.87	flff
54.817182	15381.55	frf
54.857095	51374.65	flf
54.897187	14776.61	frffffff
54.97732	21400.71	flffffff
55.027154	284320.59	fl
55.03703	15622.17	fr
55.037217	14946.12	flfffff
55.057217	13043.79	frfffff
55.217212	18188.67	frffff
55.257149	22291.27	f
55.267196	21593.94	flffff
55.367232	138773.46	flfff
55.497096	1320506.70	frfff
55.577115	17304.03	frff
55.717216	19046.87	flff
55.817101	15381.55	frf
55.857539	51374.65	flf
55.887195	14776.61	frffffff
55.987155	21400.71	flffffff
56.027273	14946.12	flfffff
56.047211	284320.59	fl
56.06723	15622.17	fr
56.087196	13043.79	frfffff
56.227145	18188.67	frffff
56.258096	21514.25	f
56.287194	21593.94	flffff
56.387203	138773.46	flfff
56.49708	1320506.70	frfff
56.587257	17304.03	frff
56.717211	19046.87	flff
56.827119	15381.55	frf
56.857291	51374.65	flf
56.897115	14776.61	frffffff
56.987139	21400.71	flffffff
57.037221	14946.12	flfffff
57.04718	15622.17	fr
57.057218	284320.59	fl
57.067073	13043.79	frfffff
57.23714	18188.67	frffff
57.267277	21282.91	f
57.287166	21593.94	flffff
57.387113	138773.46	flfff
57.498253	1320506.70	frfff
57.587859	17304.03	frff
57.717249	19046.87	flff
57.827049	15381.55	frf
57.877215	51374.65	flf
57.897132	14776.61	frffffff
57.987067	21400.71	flffffff
58.037147	14946.12	flfffff
58.047243	15622.17	fr
58.057155	284320.59	fl
58.067084	13043.79	frfffff
58.248032	18188.67	frffff
58.267212	8559.42	f
58.287262	21593.94	flffff
58.377207	138773.46	flfff
58.507222	1320506.70	frfff
58.597231	17304.03	frff
58.747277	19046.87	flff
58.827182	15381.55	frf
58.877088	51374.65	flf
58.907204	14776.61	frffffff
59.007183	21400.71	flffffff
59.047107	15622.17	fr
59.058563	14946.12	flfffff
59.058692	284320.59	fl
59.067899	13043.79	frfffff
59.267214	18188.67	frffff
59.26735	8559.42	f
59.297188	21593.94	flffff
59.388268	138773.46	flfff
59.517206	1320506.70	frfff
59.607144	17304.03	frff
59.737228	19046.87	flff
59.827175	15381.55	frf
59.877283	51374.65	flf
59.897247	14776.61	frffffff
60.037629	21400.71	flffffff
60.057237	15622.17	fr
60.06722	284320.59	fl
60.077153	14946.12	flfffff
60.077296	13043.79	frfffff
60.278509	8559.42	f
60.287933	18188.67	frffff
60.297264	21593.94	flffff
60.427134	138773.46	flfff
60.517137	1320506.70	frfff
60.60752	17304.03	frff
60.737223	19046.87	flff
60.827307	15381.55	frf
60.897312	51374.65	flf
60.917182	14776.61	frffffff
61.027161	21400.71	flffffff
61.057296	15622.17	fr
61.06718	284320.59	fl
61.087196	14946.12	flfffff
61.097234	13043.79	frfffff
61.278387	18188.67	frffff
61.287588	8559.42	f
61.297313	21593.94	flffff
61.427089	138773.46	flfff
61.52821	1320506.70	frfff
61.617237	17304.03	frff
61.757076	19046.87	flff
61.837129	15381.55	frf
61.897165	51374.65	flf
61.917084	14776.61	frffffff
62.0272	21400.71	flffffff
62.067094	284320.59	fl
62.077124	15622.17	fr
62.077207	14946.12	flfffff
62.087121	13043.79	frfffff
62.277197	18188.67	frffff
62.287182	8559.42	f
62.317206	21593.94	flffff
62.437242	138773.46	flfff
62.527196	1320506.70	frfff
62.637177	17304.03	frff
62.757253	19046.87	flff
62.837149	15381.55	frf
62.907296	51374.65	flf
62.927177	14776.61	frffffff
63.027137	21400.71	flffffff
63.077193	284320.59	fl
63.077321	15622.17	fr
63.077401	14946.12	flfffff
63.097221	13043.79	frfffff
63.287212	18188.67	frffff
63.297231	8559.42	f
63.307305	21593.94	flffff
63.438435	138773.46	flfff
63.52728	1320506.70	frfff
63.647152	17304.03	frff
63.787186	19046.87	flff
63.837498	15381.55	frf
63.917583	51374.65	flf
63.927197	14776.61	frffffff
64.02722	21400.71	flffffff
64.067193	284320.59	fl
64.07787	15622.17	fr
64.087281	14946.12	flfffff
64.097375	13043.79	frfffff
64.287173	18188.67	frffff
64.297075	8559.42	f
64.307092	21593.94	flffff
64.437251	138773.46	flfff
64.577234	1320506.70	frfff
64.637256	17304.03	frff
64.817179	19046.87	flff
64.837162	15381.55	frf
64.917204	51374.65	flf
64.92711	14776.61	frffffff
65.047233	21400.71	flffffff
65.077158	284320.59	fl
65.08712	15622.17	fr
65.087204	14946.12	flfffff
65.097124	13043.79	frfffff
65.297161	8559.42	f
65.30719	18188.67	frffff
65.307334	21593.94	flffff
65.45717	138773.46	flfff
65.537199	1320506.70	frfff
65.637136	17304.03	frff
65.82711	19046.87	flff
65.847729	15381.55	frf
65.927685	51374.65	flf
65.937217	14776.61	frffffff
66.027212	21400.71	flffffff
66.077073	284320.59	fl
66.088225	15622.17	fr
66.117219	13043.79	frfffff
66.117302	14946.12	flfffff
66.307068	8559.42	f
66.307352	18188.67	frffff
66.337217	21593.94	flffff
66.457216	138773.46	flfff
66.547178	1320506.70	frfff
66.647094	17304.03	frff
66.817269	19046.87	flff
66.847195	15381.55	frf
66.927184	14776.61	frffffff
66.927261	51374.65	flf
67.047195	21400.71	flffffff
67.087107	15622.17	fr
67.09719	284320.59	fl
67.108226	14946.12	flfffff
67.108309	13043.79	frfffff
67.307143	18188.67	frffff
67.307282	8559.42	f
67.327136	21593.94	flffff
67.457204	138773.46	flfff
67.537209	33662.87	frfff
67.64708	17304.03	frff
67.827315	19046.87	flff
67.847213	15381.55	frf
67.93718	14776.61	frffffff
67.947221	51374.65	flf
68.047076	21400.71	flffffff
68.087204	15622.17	fr
68.097263	284320.59	fl
68.10727	14946.12	flfffff
68.107414	13043.79	frfffff
68.307305	18188.67	frffff
68.317268	8559.42	f
68.32723	21593.94	flffff
68.477282	138773.46	flfff
68.577178	33662.87	frfff
68.647165	17304.03	frff
68.827154	19046.87	flff
68.858156	15381.55	frf
68.938125	14776.61	frffffff
68.967387	51374.65	flf
69.047236	21400.71	flffffff
69.098079	15622.17	fr
69.098205	284320.59	fl
69.107354	14946.12	flfffff
69.117266	13043.79	frfffff
69.30711	18188.67	frffff
69.317072	8559.42	f
69.337122	21593.94	flffff
69.498023	138773.46	flfff
69.578268	33662.87	frfff
69.658479	6983.98	frff
69.818198	19046.87	flff
69.85717	15381.55	frf
69.937231	14776.61	frffffff
69.977054	51374.65	flf
70.067507	21400.71	flffffff
70.097207	15622.17	fr
70.097334	284320.59	fl
70.117161	13043.79	frfffff
70.127155	14946.12	flfffff
70.31727	18188.67	frffff
70.327153	8557.61	f
70.347146	21593.94	flffff
70.497158	138773.46	flfff
70.587116	33662.87	frfff
70.667095	6983.98	frff
70.827276	19046.87	flff
70.867183	15381.55	frf
70.947269	14776.61	frffffff
70.978307	51374.65	flf
71.057135	21400.71	flffffff
71.107241	15622.17	fr
71.107364	21867.18	fl
71.127098	14946.12	flfffff
71.137138	13043.79	frfffff
71.327275	12680.85	frffff
71.327345	8557.61	f
71.337285	21593.94	flffff
71.497192	138773.46	flfff
71.58715	17504.35	frfff
71.677215	6983.98	frff
71.827246	19046.87	flff
71.867154	15381.55	frf
71.977481	14776.61	frffffff
71.977558	51374.65	flf
72.06733	21400.71	flffffff
72.107152	20870.34	fl
72.117107	15622.17	fr
72.117241	14946.12	flfffff
72.12721	13043.79	frfffff
72.337221	8557.61	f
72.337508	12680.85	frffff
72.33767	21593.94	flffff
72.527157	138773.46	flfff
72.577187	17504.35	frfff
72.677157	6983.98	frff
72.827222	19046.87	flff
72.867209	15381.55	frf
72.987113	14776.61	frffffff
72.987188	51374.65	flf
73.077082	21400.71	flffffff
73.107267	20870.34	fl
73.117241	15622.17	fr
73.127238	13043.79	frfffff
73.137184	14946.12	flfffff
73.317104	12680.85	frffff
73.337764	8557.61	f
73.338039	21593.94	flffff
73.51721	138773.46	flfff
73.587293	17504.35	frfff
73.677216	6983.98	frff
73.827265	6838.64	flff
73.867161	15381.55	frf
73.978501	51374.65	flf
73.987687	14776.61	frffffff
74.097165	21400.71	flffffff
74.107165	20870.34	fl
74.117142	15622.17	fr
74.137113	13043.79	frfffff
74.148005	14946.12	flfffff
74.327244	12680.85	frffff
74.337225	8557.61	f
74.357238	21593.94	flffff
74.517159	108777.43	flfff
74.577162	17504.35	frfff
74.687086	6983.98	frff
74.837146	6838.64	flff
74.867237	15381.55	frf
74.997119	14776.61	frffffff
74.997265	51374.65	flf
75.087149	21400.71	flffffff
75.117234	20870.34	fl
75.117355	15622.17	fr
75.137198	14946.12	flfffff
75.137281	13043.79	frfffff
75.338052	12680.85	frffff
75.34725	8557.61	f
75.357228	21593.94	flffff
75.537134	108777.43	flfff
75.59727	17504.35	frfff
75.687223	6983.98	frff
75.900654	6838.64	flff
75.900796	15381.55	frf
75.978203	14776.61	frffffff
75.98742	51374.65	flf
76.097168	21400.71	flffffff
76.117149	8126.35	fl
76.127172	15622.17	fr
76.147494	13043.79	frfffff
76.147639	14946.12	flfffff
76.34716	12680.85	frffff
76.34723	8557.61	f
76.367257	21593.94	flffff
76.527199	55085.15	flfff
76.587098	17504.35	frfff
76.698275	6983.98	frff
76.837202	6838.64	flff
76.877556	15381.55	frf
76.977311	14776.61	frffffff
76.987192	51374.65	flf
77.117193	21400.71	flffffff
77.117265	8126.35	fl
77.12857	15622.17	fr
77.137901	13043.79	frfffff
77.14737	14946.12	flfffff
77.337188	12680.85	frffff
77.34722	8557.61	f
77.367154	21593.94	flffff
77.52716	21045.66	flfff
77.597162	17504.35	frfff
77.698327	6983.98	frff
77.847131	6838.64	flff
77.877202	15381.55	frf
77.987154	51374.65	flf
77.997153	14776.61	frffffff
78.117243	21400.71	flffffff
78.127268	8126.35	fl
78.127401	15622.17	fr
78.157092	13043.79	frfffff
78.178052	14946.12	flfffff
78.347215	12680.85	frffff
78.347284	8557.61	f
78.377257	21593.94	flffff
78.527147	20815.16	flfff
78.577638	17504.35	frfff
78.717086	6983.98	frff
78.857144	6838.64	flff
78.877121	15381.55	frf
78.997262	51374.65	flf
78.997348	14776.61	frffffff
79.127352	21400.71	flffffff
79.127424	8126.35	fl
79.127553	15622.17	fr
79.147261	13043.79	frfffff
79.15722	14946.12	flfffff
79.347207	12680.85	frffff
79.357076	8557.61	f
79.387165	21593.94	flffff
79.547239	20815.16	flfff
79.587145	17504.35	frfff
79.717154	6983.98	frff
79.857193	6838.64	flff
79.887121	15381.55	frf
80.007289	51374.65	flf
80.027214	14776.61	frffffff
80.127152	21400.71	flffffff
80.127223	8126.35	fl
80.137259	15622.17	fr
80.157986	13043.79	frfffff
80.167262	14946.12	flfffff
80.357198	8557.61	f
80.377169	12680.85	frffff
80.387159	21593.94	flffff
80.537158	19554.33	flfff
80.587223	17504.35	frfff
80.717237	6983.98	frff
80.867258	6838.64	flff
80.877241	15381.55	frf
80.997137	51374.65	flf
81.027325	14776.61	frffffff
81.12716	8124.69	fl
81.137192	8368.41	fr
81.147094	21400.71	flffffff
81.1784	14946.12	flfffff
81.187606	13043.79	frfffff
81.367276	8557.61	f
81.397225	12680.85	frffff
81.397311	21593.94	flffff
81.557237	5887.32	flfff
81.587031	17504.35	frfff
81.737065	6983.98	frff
81.87718	6838.64	flff
81.897117	15381.55	frf
81.997182	51374.65	flf
82.027272	14776.61	frffffff
82.137112	8368.41	fr
82.147198	21400.71	flffffff
82.147267	8124.69	fl
82.167065	14946.12	flfffff
82.207242	13043.79	frfffff
82.36721	8557.61	f
82.377137	12680.85	frffff
82.387313	21593.94	flffff
82.547116	5887.32	flfff
82.58801	17504.35	frfff
82.737186	6983.98	frff
82.887164	15381.55	frf
82.887238	6838.64	flff
83.017172	51374.65	flf
83.027206	14776.61	frffffff
83.147261	8124.69	fl
83.157275	21400.71	flffffff
83.167264	8368.41	fr
83.18722	13043.79	frfffff
83.187303	14946.12	flfffff
83.367146	8557.61	f
83.387354	12680.85	frffff
83.387435	21593.94	flffff
83.54727	5887.32	flfff
83.597093	17504.35	frfff
83.727184	6983.98	frff
83.867196	4261.99	flff
83.887199	15381.55	frf
84.007104	51374.65	flf
84.027211	14776.61	frffffff
84.147186	6148.37	fl
84.157243	8368.40	fr
84.167105	21400.71	flffffff
84.178011	14946.12	flfffff
84.227286	13043.79	frfffff
84.36728	8557.61	f
84.387175	12680.85	frffff
84.41808	21593.94	flffff
84.557095	5887.32	flfff
84.597259	17504.35	frfff
84.737689	6983.98	frff
84.877052	4261.99	flff
84.897449	15381.55	frf
85.027205	14776.61	frffffff
85.047032	51374.65	flf
85.147204	6148.37	fl
85.157261	8368.40	fr
85.167298	21400.71	flffffff
85.177178	14946.12	flfffff
85.187249	13043.79	frfffff
85.368139	8557.61	f
85.397276	12680.85	frffff
85.417172	21593.94	flffff
85.557153	5887.32	flfff
85.607039	17504.35	frfff
85.747066	6983.98	frff
85.877184	4261.99	flff
85.90715	15381.55	frf
86.007576	51374.65	flf
86.027177	14776.61	frffffff
86.157144	6148.37	fl
86.157274	8368.40	fr
86.177229	21400.71	flffffff
86.187237	13043.79	frfffff
86.197238	14946.12	flfffff
86.377253	8557.61	f
86.387122	12680.85	frffff
86.437227	21593.94	flffff
86.607127	5887.32	flfff
86.627112	11959.74	frfff
86.747197	6983.98	frff
86.898012	4261.99	flff
86.907985	15381.55	frf
87.00731	14776.61	frffffff
87.017219	51374.65	flf
87.167248	8368.40	fr
87.177186	6148.37	fl
87.177332	21400.71	flffffff
87.197192	14946.12	flfffff
87.197274	13043.79	frfffff
87.377107	8557.61	f
87.387325	12680.85	frffff
87.417805	21593.94	flffff
87.59725	5887.32	flfff
87.6073	11959.74	frfff
87.787089	6983.98	frff
87.89726	4261.99	flff
87.907377	15381.55	frf
88.017187	51374.65	flf
88.037149	14776.61	frffffff
88.177112	21400.71	flffffff
88.177248	8368.40	fr
88.17738	6148.37	fl
88.18711	14946.12	flfffff
88.1971	13043.79	frfffff
88.387282	12680.85	frffff
88.387351	8557.61	f
88.417145	21593.94	flffff
88.597118	5887.32	flfff
88.61798	11959.74	frfff
88.757104	6983.98	frff
88.897206	4261.99	flff
88.917132	15381.55	frf
89.027291	14776.61	frffffff
89.037224	51374.65	flf
89.17724	8368.40	fr
89.177395	21400.71	flffffff
89.177459	6148.37	fl
89.217182	14946.12	flfffff
89.217266	13043.79	frfffff
89.38714	8557.61	f
89.39719	12680.85	frffff
89.427248	21593.94	flffff
89.597203	5887.32	flfff
89.617214	11901.15	frfff
89.817213	6983.98	frff
89.917221	4261.99	flff
89.927181	15381.55	frf
90.047284	51374.65	flf
90.05726	14776.61	frffffff
90.177156	8368.40	fr
90.177312	21400.71	flffffff
90.187157	6148.37	fl
90.187298	13043.79	frfffff
90.20729	14946.12	flfffff
90.387214	8557.61	f
90.407167	12680.85	frffff
90.438187	21593.94	flffff
90.597818	5887.32	flfff
90.627181	11901.15	frfff
90.817132	6983.98	frff
90.917112	4261.99	flff
90.927095	15381.55	frf
91.028463	14776.61	frffffff
91.028537	51374.65	flf
91.197311	21400.71	flffffff
91.197444	6148.37	fl
91.19757	8368.40	fr
91.207209	13043.79	frfffff
91.267131	14946.12	flfffff
91.387229	8557.61	f
91.40733	12680.85	frffff
91.417178	21593.94	flffff
91.597294	5887.32	flfff
91.637103	11901.15	frfff
91.817043	6983.98	frff
91.917066	4261.99	flff
91.928494	11003.12	frf
92.027271	51374.65	flf
92.027359	14776.61	frffffff
92.187322	8368.40	fr
92.18741	21400.71	flffffff
92.187567	6148.37	fl
92.197285	13043.79	frfffff
92.217128	14946.12	flfffff
92.417139	8557.61	f
92.427952	21593.94	flffff
92.428033	12680.85	frffff
92.607248	5887.32	flfff
92.637231	11901.15	frfff
92.817112	6983.98	frff
92.927261	11003.12	frf
92.927337	4261.99	flff
93.037089	14776.61	frffffff
93.037164	51374.65	flf
93.18718	8368.40	fr
93.197137	6148.37	fl
93.207135	13043.79	frfffff
93.217114	21400.71	flffffff
93.227951	14946.12	flfffff
93.427187	12680.85	frffff
93.427272	21593.94	flffff
93.427335	8557.61	f
93.597124	5887.32	flfff
93.627574	11901.15	frfff
93.817164	6983.98	frff
93.927109	11003.12	frf
93.967193	4261.99	flff
94.027258	14776.61	frffffff
94.037327	51374.65	flf
94.187192	8368.40	fr
94.217165	6148.37	fl
94.217379	13043.79	frfffff
94.217459	21400.71	flffffff
94.23717	14946.12	flfffff
94.427288	8557.61	f
94.437231	12878.22	flffff
94.437311	12680.85	frffff
94.607187	5887.32	flfff
94.647123	11901.15	frfff
94.817869	6983.98	frff
94.947232	11003.12	frf
94.94739	4261.99	flff
95.037096	51374.65	flf
95.057524	14776.61	frffffff
95.18709	8368.40	fr
95.197176	6148.37	fl
95.217338	13043.79	frfffff
95.217423	21400.71	flffffff
95.227406	14946.12	flfffff
95.427154	8209.51	frffff
95.427224	8557.61	f
95.44708	12878.22	flffff
95.62721	5887.32	flfff
95.6472	11901.15	frfff
95.817181	6983.98	frff
95.938298	11003.12	frf
95.987185	4261.99	flff
96.057179	14776.61	frffffff
96.067228	51374.65	flf
96.197198	8368.40	fr
96.207189	6148.37	fl
96.227146	21400.71	flffffff
96.247118	14946.12	flfffff
96.24726	13043.79	frfffff
96.437239	8557.61	f
96.437528	7301.54	frffff
96.46723	12878.22	flffff
96.607186	5887.32	flfff
96.658464	11901.15	frfff
96.82731	6983.98	frff
96.937226	11003.12	frf
96.978331	4261.99	flff
97.047091	51374.65	flf
97.058465	14776.61	frffffff
97.197195	8368.40	fr
97.197266	6148.37	fl
97.227479	21400.71	flffffff
97.237304	11693.26	frfffff
97.257201	14946.12	flfffff
97.437179	8557.61	f
97.457188	7301.54	frffff
97.487224	12878.22	flffff
97.607074	5887.32	flfff
97.657192	11901.15	frfff
97.827239	6983.98	frff
97.938541	11003.12	frf
97.977281	4113.51	flff
98.04721	51374.65	flf
98.087153	14776.61	frffffff
98.207295	6101.17	fl
98.217139	8368.40	fr
98.237145	21400.71	flffffff
98.24721	11693.26	frfffff
98.277593	14946.12	flfffff
98.437516	8557.61	f
98.447347	12878.22	flffff
98.457253	7301.54	frffff
98.627206	5887.32	flfff
98.667184	11901.15	frfff
98.827053	6983.98	frff
98.947203	11003.12	frf
98.988628	4113.51	flff
99.047094	51374.65	flf
99.097181	14776.61	frffffff
99.217177	8368.40	fr
99.217247	6101.17	fl
99.227173	21400.71	flffffff
99.237653	14946.12	flfffff
99.247259	11693.26	frfffff
99.437159	8557.61	f
99.447381	7301.54	frffff
99.467131	10224.28	flffff
99.617135	5887.32	flfff
99.667229	11901.15	frfff
99.847147	6983.98	frff
99.977254	11003.12	frf
99.977329	4078.89	flff
100.057187	51374.65	flf
100.077166	14776.61	frffffff
100.21724	8368.40	fr
100.217311	6101.17	fl
100.24708	21400.71	flffffff
100.257126	14946.12	flfffff
100.2682	11693.26	frfffff
100.447283	8557.61	f
100.467218	7301.54	frffff
100.47719	10224.28	flffff
100.627211	5887.32	flfff
100.667127	11901.15	frfff
100.847266	6983.98	frff
100.977792	11003.12	frf
100.987255	4078.89	flff
101.047137	51374.65	flf
101.087278	14776.61	frffffff
101.217406	8368.40	fr
101.227228	6101.17	fl
101.237267	21400.71	flffffff
101.247281	11693.26	frfffff
101.267128	14946.12	flfffff
101.447092	6607.60	f
101.477271	7301.54	frffff
101.477351	10224.28	flffff
101.627656	5887.32	flfff
101.677232	11901.15	frfff
101.847178	6983.98	frff
101.977241	11003.12	frf
101.977328	4078.89	flff
102.077171	51374.65	flf
102.097134	14776.61	frffffff
102.22728	6101.17	fl
102.227414	8368.40	fr
102.237287	21400.71	flffffff
102.247259	14946.12	flfffff
102.267215	11693.26	frfffff
102.458148	6607.60	f
102.477216	7301.54	frffff
102.48729	10224.28	flffff
102.627865	5887.32	flfff
102.687081	11901.15	frfff
102.857062	6983.98	frff
102.977338	11003.12	frf
102.97748	4078.89	flff
103.05728	51374.65	flf
103.087227	14776.61	frffffff
103.227265	8368.40	fr
103.237128	6101.17	fl
103.25711	21400.71	flffffff
103.26717	11693.26	frfffff
103.26725	5473.42	flfffff
103.457324	6607.60	f
103.477277	7301.54	frffff
103.487196	10224.28	flffff
103.637159	5887.32	flfff
103.677191	11901.15	frfff
103.877176	6983.98	frff
103.967235	11003.12	frf
103.998185	4078.89	flff
104.057169	51374.65	flf
104.087294	14776.61	frffffff
104.227142	8368.40	fr
104.238119	6101.17	fl
104.247333	21400.71	flffffff
104.277184	11693.26	frfffff
104.287201	5473.42	flfffff
104.457214	6607.60	f
104.487418	10224.28	flffff
104.497205	7301.54	frffff
104.637126	5887.32	flfff
104.687214	11901.15	frfff
104.86707	6983.98	frff
104.987215	11003.12	frf
105.007143	4078.89	flff
105.067208	51374.65	flf
105.097077	14776.61	frffffff
105.237198	8368.40	fr
105.23734	6101.17	fl
105.267123	21400.71	flffffff
105.277631	11693.26	frfffff
105.28732	5473.42	flfffff
105.457227	6607.60	f
105.487185	10224.28	flffff
105.497279	7301.54	frffff
105.657192	5887.32	flfff
105.687313	11901.15	frfff
105.877194	6983.98	frff
106.04789	11003.12	frf
106.04803	4078.89	flff
106.067115	51374.65	flf
106.107185	14776.61	frffffff
106.237116	6101.17	fl
106.247637	8368.40	fr
106.267242	21400.71	flffffff
106.277282	5473.42	flfffff
106.28715	11693.26	frfffff
106.46723	6607.60	f
106.497736	7301.54	frffff
106.5073	10224.28	flffff
106.67727	5887.32	flfff
106.687235	11732.99	frfff
106.897268	6983.98	frff
106.977111	11003.12	frf
106.997708	4078.89	flff
107.067124	51374.65	flf
107.097202	14776.61	frffffff
107.247536	6101.17	fl
107.257279	8368.40	fr
107.267314	21400.71	flffffff
107.277267	5473.42	flfffff
107.297219	11693.26	frfffff
107.467161	6607.60	f
107.498276	7301.54	frffff
107.507537	10224.28	flffff
107.657124	5887.32	flfff
107.687293	11732.99	frfff
107.907531	6983.98	frff
107.97704	11003.12	frf
108.007231	3664.22	flff
108.077272	51374.65	flf
108.097224	14776.61	frffffff
108.247166	6101.17	fl
108.267179	21400.71	flffffff
108.267251	8368.40	fr
108.287124	5473.42	flfffff
108.298486	11693.26	frfffff
108.467331	6607.60	f
108.497227	7301.54	frffff
108.507222	10224.28	flffff
108.65722	5887.32	flfff
108.707512	11732.99	frfff
108.917178	6983.98	frff
108.987149	11003.12	frf
109.017431	3664.22	flff
109.077154	51374.65	flf
109.097805	14776.61	frffffff
109.248413	6101.17	fl
109.267251	8368.40	fr
109.287218	21400.71	flffffff
109.307127	7180.47	frfffff
109.307208	5473.42	flfffff
109.467182	6607.60	f
109.497969	7301.54	frffff
109.517223	10224.28	flffff
109.677249	5887.32	flfff
109.697216	11732.99	frfff
109.917216	6983.98	frff
109.978168	11003.12	frf
110.0472	3664.22	flff
110.087209	51374.65	flf
110.107173	14776.61	frffffff
110.257153	6101.17	fl
110.277132	8368.40	fr
110.277289	21400.71	flffffff
110.287116	5473.42	flfffff
110.298435	7180.47	frfffff
110.477241	6607.60	f
110.517104	7301.54	frffff
110.517186	10224.28	flffff
110.677153	5887.32	flfff
110.69807	11732.99	frfff
110.977123	6983.98	frff
111.085951	11003.12	frf
111.086092	3664.22	flff
111.117565	14776.61	frffffff
111.117709	10538.76	flf
111.257043	6101.17	fl
111.277239	8368.40	fr
111.287293	21400.71	flffffff
111.297186	5473.42	flfffff
111.317182	7180.47	frfffff
111.47723	6607.60	f
111.517113	7301.54	frffff
111.517201	10224.28	flffff
111.677082	5887.32	flfff
111.707278	11732.99	frfff
111.937197	6983.98	frff
111.997862	11003.12	frf
112.04725	3664.22	flff
112.097193	10538.76	flf
112.137115	14776.61	frffffff
112.25725	6101.17	fl
112.287162	8368.40	fr
112.317069	21400.71	flffffff
112.327616	7180.47	frfffff
112.327696	5473.42	flfffff
112.487552	6607.60	f
112.527137	7301.54	frffff
112.527219	10224.28	flffff
112.697159	5887.32	flfff
112.70725	11732.99	frfff
112.947073	6983.98	frff
112.997176	11003.12	frf
113.037643	3664.22	flff
113.107162	10538.76	flf
113.137251	14776.61	frffffff
113.257136	6101.17	fl
113.287282	8368.40	fr
113.297356	21400.71	flffffff
113.317232	5473.42	flfffff
113.327183	7180.47	frfffff
113.487079	6607.60	f
113.537212	7301.54	frffff
113.557172	10224.20	flffff
113.697235	5651.19	flfff
113.707309	11732.99	frfff
113.967291	6983.98	frff
114.007225	11003.12	frf
114.04718	3664.22	flff
114.107218	10538.76	flf
114.14711	14776.61	frffffff
114.257169	6101.17	fl
114.287133	8368.40	fr
114.307122	21400.71	flffffff
114.317806	5473.42	flfffff
114.337195	7180.47	frfffff
114.497202	6607.60	f
114.567228	7301.54	frffff
114.587179	10224.20	flffff
114.717709	11732.99	frfff
114.717786	5651.19	flfff
114.977215	6983.98	frff
115.007069	11003.12	frf
115.057201	3664.22	flff
115.117268	7982.95	flf
115.147261	14776.61	frffffff
115.267707	6101.17	fl
115.297162	8368.40	fr
115.337132	5473.42	flfffff
115.337292	21400.71	flffffff
115.387136	7180.47	frfffff
115.497092	6607.60	f
115.587745	10224.20	flffff
115.587896	7301.54	frffff
115.707126	5650.94	flfff
115.737113	11732.99	frfff
115.977876	6983.98	frff
116.093348	11003.12	frf
116.093486	3664.22	flff
116.117118	7982.66	flf
116.147271	14776.61	frffffff
116.267242	6101.17	fl
116.297854	8368.40	fr
116.317267	21400.71	flffffff
116.357082	5473.42	flfffff
116.387849	7180.47	frfffff
116.497209	6448.93	f
116.5772	7301.54	frffff
116.587247	10224.20	flffff
116.707865	5650.94	flfff
116.817185	11732.99	frfff
116.977201	6983.98	frff
117.027198	11003.12	frf
117.057225	3664.22	flff
117.128257	7982.66	flf
117.197093	14776.61	frffffff
117.287117	6101.17	fl
117.298007	8368.40	fr
117.317276	21400.71	flffffff
117.337143	5473.42	flfffff
117.377112	7180.47	frfffff
117.497167	6448.93	f
117.577173	7301.54	frffff
117.597106	10224.20	flffff
117.717634	5650.94	flfff
117.747238	11732.99	frfff
117.987192	6983.98	frff
118.02716	11003.12	frf
118.067207	3664.22	flff
118.127958	7982.66	flf
118.177224	8500.66	frffffff
118.287103	6101.17	fl
118.307211	8368.40	fr
118.327238	21400.71	flffffff
118.337198	5473.42	flfffff
118.397306	7180.47	frfffff
118.507231	6448.93	f
118.587231	7301.54	frffff
118.597134	10224.20	flffff
118.727144	5650.94	flfff
118.757106	11732.99	frfff
118.997153	6983.98	frff
119.027237	11003.12	frf
119.067143	3664.22	flff
119.127146	7982.66	flf
119.157096	8500.66	frffffff
119.287171	6101.17	fl
119.307132	8368.40	fr
119.327124	21400.71	flffffff
119.357241	5473.42	flfffff
119.387158	7180.47	frfffff
119.507315	6448.93	f
119.587342	7301.54	frffff
119.607214	10224.20	flffff
119.727165	5650.94	flfff
119.817109	11732.99	frfff
120.017143	6983.98	frff
120.047075	11003.12	frf
120.087197	3664.22	flff
120.13761	7982.66	flf
120.157243	8500.66	frffffff
120.288396	6101.17	fl
120.307262	8368.40	fr
120.327199	21400.71	flffffff
120.367076	5473.42	flfffff
120.397215	7180.47	frfffff
120.507077	6448.93	f
120.597196	7301.54	frffff
120.597351	10224.20	flffff
120.727202	5650.94	flfff
120.817186	11732.99	frfff
120.997142	6983.98	frff
121.086287	11003.12	frf
121.086424	3664.22	flff
121.147182	7982.66	flf
121.187201	8500.66	frffffff
121.297123	6101.17	fl
121.317953	8368.40	fr
121.327279	21400.71	flffffff
121.357197	5473.42	flfffff
121.408379	7180.47	frfffff
121.517187	6448.93	f
121.587241	7301.54	frffff
121.607254	10224.20	flffff
121.737235	5650.94	flfff
121.827229	11732.99	frfff
122.007253	6983.98	frff
122.037116	11003.12	frf
122.077186	3664.22	flff
122.137285	7982.66	flf
122.207728	8500.66	frffffff
122.307179	6101.17	fl
122.317262	8368.40	fr
122.347113	21400.71	flffffff
122.368228	5473.42	flfffff
122.397291	7180.47	frfffff
122.51715	6448.93	f
122.587067	7301.54	frffff
122.607833	10224.20	flffff
122.737175	5650.94	flfff
122.81723	11706.30	frfff
123.02717	6983.98	frff
123.037181	11003.12	frf
123.077922	3664.11	flff
123.137118	7982.66	flf
123.197191	8500.66	frffffff
123.327231	8368.40	fr
123.32737	6101.17	fl
123.347197	21400.71	flffffff
123.377182	5473.42	flfffff
123.407461	7180.47	frfffff
123.517229	6448.93	f
123.587166	7301.54	frffff
123.607121	10224.20	flffff
123.747236	5650.94	flfff
123.817249	11706.30	frfff
124.007171	6983.98	frff
124.04725	11003.12	frf
124.077206	3664.11	flff
124.147201	7982.66	flf
124.217245	8500.66	frffffff
124.3272	8368.40	fr
124.327342	6101.17	fl
124.367292	21400.71	flffffff
124.387135	5473.42	flfffff
124.417131	7180.47	frfffff
124.518036	6448.93	f
124.587072	7301.54	frffff
124.617256	10224.20	flffff
124.758394	5650.94	flfff
124.817216	11706.30	frfff
125.047111	6983.98	frff
125.067052	11003.12	frf
125.107184	3664.11	flff
125.158007	7982.66	flf
125.207242	8500.66	frffffff
125.327181	8368.40	fr
125.327321	6101.17	fl
125.35714	21400.71	flffffff
125.377092	5473.42	flfffff
125.407418	7180.47	frfffff
125.527114	6448.93	f
125.607183	7301.54	frffff
125.638275	10224.20	flffff
125.787127	5650.94	flfff
125.81723	11706.30	frfff
126.017092	6983.98	frff
126.077082	11003.12	frf
126.097267	3664.11	flff
126.147129	7981.51	flf
126.197171	8500.66	frffffff
126.328155	8368.40	fr
126.337428	6101.17	fl
126.377263	21400.71	flffffff
126.387125	5473.42	flfffff
126.437246	7180.47	frfffff
126.527224	6448.93	f
126.627194	7301.54	frffff
126.627275	10224.20	flffff
126.817117	11706.30	frfff
126.817266	5650.94	flfff
127.017314	6983.98	frff
127.077211	11003.12	frf
127.097099	3664.11	flff
127.157202	7981.51	flf
127.197278	8500.66	frffffff
127.337181	8368.40	fr
127.337324	6101.17	fl
127.387195	21400.71	flffffff
127.427196	5473.42	flfffff
127.427278	7180.47	frfffff
127.527219	6448.93	f
127.617321	7301.54	frffff
127.62731	10224.20	flffff
127.81712	5650.94	flfff
127.817271	11706.30	frfff
128.017222	6983.98	frff
128.077043	11003.12	frf
128.107247	3663.99	flff
128.157106	7981.51	flf
128.217138	8500.66	frffffff
128.357159	6101.17	fl
128.357294	8368.40	fr
128.387221	21400.71	flffffff
128.418459	5473.42	flfffff
128.41856	7180.47	frfffff
128.527148	6448.93	f
128.607287	7301.54	frffff
128.647239	10220.43	flffff
128.817109	5650.90	flfff
128.827097	11706.30	frfff
129.027146	6983.98	frff
129.087236	11003.12	frf
129.097236	3663.99	flff
129.167292	7981.51	flf
129.217124	8500.66	frffffff
129.33713	8368.40	fr
129.347141	6101.17	fl
129.417185	7180.47	frfffff
129.427183	21400.71	flffffff
129.43717	5473.42	flfffff
129.538315	6448.93	f
129.6184	7301.54	frffff
129.657209	10220.43	flffff
129.827129	5650.90	flfff
129.82728	11706.30	frfff
130.037244	6983.98	frff
130.087116	11003.12	frf
130.107272	3663.99	flff
130.167099	7981.51	flf
130.197282	8500.66	frffffff
130.338026	8368.40	fr
130.34726	6101.17	fl
130.418467	21400.71	flffffff
130.427654	7180.47	frfffff
130.437298	5473.42	flfffff
130.53722	6448.93	f
130.627256	7301.54	frffff
130.647128	10220.43	flffff
130.818102	5650.90	flfff
130.82743	11706.30	frfff
131.037206	6983.98	frff
131.097077	11003.12	frf
131.107108	3663.99	flff
131.167093	7981.51	flf
131.217157	8500.66	frffffff
131.337145	8368.40	fr
131.347862	6101.17	fl
131.417198	7180.47	frfffff
131.437764	21400.71	flffffff
131.447365	5473.42	flfffff
131.537144	6448.93	f
131.627252	7301.54	frffff
131.677692	10220.43	flffff
131.817159	5650.90	flfff
131.817307	11706.30	frfff
132.037132	6983.98	frff
132.097159	11003.12	frf
132.107138	3663.99	flff
132.167167	7981.51	flf
132.217093	8500.66	frffffff
132.337183	8368.40	fr
132.357082	6101.17	fl
132.417152	21400.71	flffffff
132.42722	5473.42	flfffff
132.447141	7180.47	frfffff
132.538485	6448.93	f
132.62766	7301.54	frffff
132.687123	10220.43	flffff
132.817135	5650.90	flfff
132.817215	11706.30	frfff
133.067075	6983.98	frff
133.107211	11003.12	frf
133.127193	3663.99	flff
133.177364	7981.51	flf
133.227161	8500.66	frffffff
133.347212	6459.40	fr
133.367181	6101.17	fl
133.43718	21400.71	flffffff
133.447263	5473.42	flfffff
133.447342	7180.47	frfffff
133.547069	6448.93	f
133.627093	7301.54	frffff
133.67723	10220.43	flffff
133.817371	11706.30	frfff
133.827309	5650.90	flfff
134.047478	6983.98	frff
134.107194	11003.12	frf
134.1278	3663.99	flff
134.217424	7981.51	flf
134.22725	8500.66	frffffff
134.347118	6459.40	fr
134.358531	6101.17	fl
134.457267	21400.71	flffffff
134.467174	5473.42	flfffff
134.467276	7180.47	frfffff
134.547219	6448.93	f
134.6372	7301.54	frffff
134.687902	10220.43	flffff
134.817183	11706.30	frfff
134.827237	5650.90	flfff
135.057192	6983.98	frff
135.10721	11003.12	frf
135.127087	3663.99	flff
135.197188	7981.51	flf
135.22711	8500.66	frffffff
135.357113	6459.40	fr
135.367089	6101.17	fl
135.427293	21400.71	flffffff
135.447112	5473.42	flfffff
135.467052	7180.47	frfffff
135.547194	6448.93	f
135.6572	7301.54	frffff
135.707131	10220.43	flffff
135.827229	11706.30	frfff
135.837212	5650.90	flfff
136.057168	6983.98	frff
136.176269	11003.12	frf
136.176405	3663.99	flff
136.197156	7981.51	flf
136.227999	8500.66	frffffff
136.357098	6459.40	fr
136.377118	6101.17	fl
136.447171	21400.71	flffffff
136.457072	7180.47	frfffff
136.457153	5473.42	flfffff
136.557244	6448.93	f
136.677084	7301.54	frffff
136.687201	10220.43	flffff
136.827172	11706.30	frfff
136.858417	5650.90	flfff
137.057259	6983.98	frff
137.107056	11003.12	frf
137.147223	3663.99	flff
137.19717	7981.51	flf
137.23725	8500.66	frffffff
137.36834	6444.66	fr
137.37758	6101.17	fl
137.437199	21400.71	flffffff
137.458137	7180.47	frfffff
137.467559	5473.42	flfffff
137.557251	6448.93	f
137.657162	7301.54	frffff
137.697098	10220.43	flffff
137.837177	11706.30	frfff
137.847182	5650.90	flfff
138.057234	6983.98	frff
138.107303	11003.12	frf
138.147159	3663.99	flff
138.20717	7981.51	flf
138.247106	8500.66	frffffff
138.3672	6444.66	fr
138.377209	6101.17	fl
138.457102	7180.47	frfffff
138.467207	21400.71	flffffff
138.477122	5473.42	flfffff
138.557097	6448.93	f
138.657234	7301.54	frffff
138.70711	10220.43	flffff
138.827239	11706.30	frfff
138.847168	5650.90	flfff
139.06722	6983.98	frff
139.10717	9326.48	frf
139.147228	3663.99	flff
139.207986	7981.51	flf
139.237237	8500.66	frffffff
139.368038	6444.66	fr
139.377335	6101.17	fl
139.457301	21400.71	flffffff
139.47727	5473.42	flfffff
139.477352	7180.47	frfffff
139.557282	6448.93	f
139.667162	7292.03	frffff
139.717281	10220.43	flffff
139.827133	11706.30	frfff
139.857256	5650.90	flfff
140.078336	6983.98	frff
140.107296	9326.48	frf
140.147206	3663.99	flff
140.207177	7981.51	flf
140.238487	8500.66	frffffff
140.367171	6444.66	fr
140.37721	6101.17	fl
140.457158	21400.71	flffffff
140.467259	5473.42	flfffff
140.497326	7180.47	frfffff
140.558477	6448.93	f
140.657251	7291.45	frffff
140.718442	10220.43	flffff
140.847141	11706.30	frfff
140.847289	5650.90	flfff
141.067168	6983.98	frff
141.161074	9326.48	frf
141.167286	3663.99	flff
141.207052	7981.51	flf
141.247194	8500.66	frffffff
141.378272	6444.66	fr
141.378419	6101.17	fl
141.457125	21400.71	flffffff
141.487195	7180.47	frfffff
141.487354	5473.42	flfffff
141.567198	6448.93	f
141.667154	7291.45	frffff
141.717276	10220.43	flffff
141.8372	11706.30	frfff
141.867195	5650.90	flfff
142.087174	6983.98	frff
142.137184	9326.48	frf
142.167183	3663.99	flff
142.207335	7981.51	flf
142.247165	8500.66	frffffff
142.377323	6444.66	fr
142.387212	6101.17	fl
142.477278	21400.71	flffffff
142.497211	5473.42	flfffff
142.507169	7180.47	frfffff
142.577162	6448.93	f
142.687509	7291.45	frffff
142.727139	10220.43	flffff
142.838394	11706.30	frfff
142.867301	5650.90	flfff
143.077911	6983.98	frff
143.127186	9326.48	frf
143.167217	3663.99	flff
143.227059	7981.51	flf
143.277189	8500.66	frffffff
143.377073	6444.66	fr
143.387138	6101.17	fl
143.487194	21400.71	flffffff
143.4972	7180.47	frfffff
143.507251	5473.42	flfffff
143.577209	6448.93	f
143.677217	7291.45	frffff
143.74715	10220.43	flffff
143.837119	11706.30	frfff
143.877587	5650.90	flfff
144.077105	6983.98	frff
144.147121	9326.48	frf
144.167063	3663.99	flff
144.227137	7981.51	flf
144.247068	8500.66	frffffff
144.387221	6444.66	fr
144.387292	6101.17	fl
144.497555	7180.47	frfffff
144.507333	5473.42	flfffff
144.517299	21400.71	flffffff
144.578242	6448.93	f
144.697178	6486.41	frffff
144.738026	10220.43	flffff
144.83717	11706.30	frfff
144.877165	5650.90	flfff
145.08718	6983.98	frff
145.147162	9326.48	frf
145.1771	3663.99	flff
145.227246	7981.51	flf
145.257217	8500.66	frffffff
145.397208	6101.17	fl
145.397344	6444.66	fr
145.497093	21400.71	flffffff
145.517644	7180.47	frfffff
145.517724	5473.42	flfffff
145.58717	6448.93	f
145.687248	6486.41	frffff
145.737089	10220.43	flffff
145.847311	11706.30	frfff
145.897178	5650.90	flfff
146.087131	6983.98	frff
146.286154	9326.48	frf
146.286293	3663.99	flff
146.286425	7981.51	flf
146.286583	8500.66	frffffff
146.397118	6101.17	fl
146.40824	6444.66	fr
146.507185	21400.71	flffffff
146.507332	7180.47	frfffff
146.537181	5473.42	flfffff
146.587238	6448.93	f
146.687152	6486.41	frffff
146.737254	10220.43	flffff
146.857136	11706.30	frfff
146.907189	5650.90	flfff
147.087194	6983.98	frff
147.150118	9326.48	frf
147.180996	3663.99	flff
147.230203	7981.51	flf
147.260059	8500.66	frffffff
147.390242	6101.17	fl
147.400212	6444.66	fr
147.511214	7180.47	frfffff
147.511376	21400.71	flffffff
147.530308	5473.42	flfffff
147.590074	6448.93	f
147.690276	6486.41	frffff
147.740066	10220.43	flffff
147.870199	11706.30	frfff
147.900065	5650.90	flfff
148.090291	6983.98	frff
148.150317	9326.48	frf
148.180174	3663.99	flff
148.250279	7980.68	flf
148.27017	8500.66	frffffff
148.400168	6101.17	fl
148.410152	6444.66	fr
148.510133	7180.47	frfffff
148.540712	21400.71	flffffff
148.550233	5473.42	flfffff
148.590223	6448.93	f
148.700965	6486.41	frffff
148.750113	10220.43	flffff
148.861015	11706.30	frfff
148.900247	5650.90	flfff
149.090156	6983.98	frff
149.160121	9326.48	frf
149.210183	3663.99	flff
149.251403	7980.65	flf
149.270258	8500.66	frffffff
149.40006	6101.17	fl
149.410034	6444.66	fr
149.530184	7180.47	frfffff
149.530345	21400.71	flffffff
149.540168	5473.42	flfffff
149.600193	6448.93	f
149.69018	4830.66	frffff
149.750206	10220.43	flffff
149.880093	11706.30	frfff
149.900199	5650.90	flfff
150.090102	6983.98	frff
150.160154	9326.48	frf
150.22028	3663.99	flff
150.260076	7980.65	flf
150.270066	8500.66	frffffff
150.40018	6101.17	fl
150.410192	6444.66	fr
150.520242	7180.47	frfffff
150.530256	21400.71	flffffff
150.55026	5473.42	flfffff
150.600395	6448.93	f
150.710142	4830.66	frffff
150.751563	10220.43	flffff
150.860254	11706.30	frfff
150.910177	5650.90	flfff
151.100132	6983.98	frff
151.170183	9326.48	frf
151.230559	3663.99	flff
151.26021	7977.90	flf
151.280112	8500.66	frffffff
151.410273	6101.17	fl
151.420244	6444.66	fr
151.530122	7180.47	frfffff
151.540106	21400.71	flffffff
151.590248	5473.42	flfffff
151.610087	6448.93	f
151.711111	4830.66	frffff
151.820187	10220.43	flffff
151.870908	11706.30	frfff
151.910123	5650.90	flfff
152.110474	6983.98	frff
152.170126	9326.48	frf
152.240274	3663.99	flff
152.260184	7977.90	flf
152.290143	8500.66	frffffff
152.410205	6101.17	fl
152.420232	6444.66	fr
152.530072	7180.47	frfffff
152.590153	5473.42	flfffff
152.600147	21400.71	flffffff
152.610055	6448.93	f
152.710635	4830.66	frffff
152.830111	10220.43	flffff
152.890291	11706.30	frfff
152.920191	5650.90	flfff
153.10124	6983.98	frff
153.170169	9326.48	frf
153.230109	3663.99	flff
153.270303	7977.90	flf
153.280253	8500.66	frffffff
153.410089	6101.17	fl
153.420092	6444.66	fr
153.530273	7180.47	frfffff
153.550186	21400.71	flffffff
153.590286	5473.42	flfffff
153.610229	6448.93	f
153.710163	4830.66	frffff
153.81008	10220.43	flffff
153.91056	11706.30	frfff
153.920221	5650.90	flfff
154.11013	6983.98	frff
154.170165	9326.48	frf
154.230286	3663.99	flff
154.270148	7977.90	flf
154.290142	8500.66	frffffff
154.410142	6101.17	fl
154.420153	6444.66	fr
154.530142	7180.47	frfffff
154.5902	21400.71	flffffff
154.610184	6448.93	f
154.621521	5473.42	flfffff
154.720208	4830.66	frffff
154.810168	10220.43	flffff
154.900182	11706.30	frfff
154.920218	5650.90	flfff
155.12018	6983.98	frff
155.180638	9326.48	frf
155.250061	3663.99	flff
155.290213	7977.90	flf
155.320191	8500.66	frffffff
155.420421	6101.17	fl
155.450241	6444.66	fr
155.54019	7180.47	frfffff
155.620109	6448.93	f
155.620398	21400.71	flffffff
155.630104	5473.42	flfffff
155.73126	4830.66	frffff
155.810054	10220.43	flffff
155.90033	11706.30	frfff
155.920275	5650.90	flfff
156.131281	6983.98	frff
156.212859	9326.48	frf
156.250179	3663.99	flff
156.270228	7562.55	flf
156.290091	8500.66	frffffff
156.410295	6101.17	fl
156.430128	6444.66	fr
156.540162	7180.47	frfffff
156.590229	21400.71	flffffff
156.600313	5473.42	flfffff
156.630066	6448.93	f
156.730313	4830.66	frffff
156.820197	10220.43	flffff
156.910187	11706.30	frfff
156.93017	5650.90	flfff
157.120307	6983.98	frff
157.18013	9326.48	frf
157.260131	3663.99	flff
157.280215	7562.55	flf
157.290152	8500.66	frffffff
157.420198	6101.17	fl
157.430244	6444.66	fr
157.570204	7180.47	frfffff
157.590226	5473.42	flfffff
157.6002	21400.71	flffffff
157.631003	6448.93	f
157.730315	4830.66	frffff
157.830262	10220.43	flffff
157.910157	11706.30	frfff
157.970268	5650.90	flfff
158.121114	6983.98	frff
158.180223	9326.48	frf
158.250121	3663.99	flff
158.281084	7116.30	flf
158.300275	8500.66	frffffff
158.420082	6101.17	fl
158.430196	6444.66	fr
158.580079	7180.47	frfffff
158.590078	5473.42	flfffff
158.600745	21400.71	flffffff
158.640148	6448.93	f
158.730213	4830.66	frffff
158.810122	10220.43	flffff
158.9102	11706.30	frfff
158.93043	5650.90	flfff
159.120193	6983.98	frff
159.210144	9326.48	frf
159.250251	3663.99	flff
159.300056	7116.30	flf
159.310128	8500.66	frffffff
159.420305	6101.17	fl
159.450068	6444.66	fr
159.570183	7180.47	frfffff
159.600122	5473.42	flfffff
159.620144	21400.71	flffffff
159.640884	6448.93	f
159.750228	4830.66	frffff
159.810213	10220.43	flffff
159.940199	5650.90	flfff
159.940279	11706.30	frfff
160.120338	6983.98	frff
160.190061	1470.39	frf
160.271337	3663.99	flff
160.300258	7116.30	flf
160.330147	8500.66	frffffff
160.43103	6101.17	fl
160.450275	6444.27	fr
160.590897	7180.47	frfffff
160.630178	5473.42	flfffff
160.640241	17832.07	flffffff
160.640388	6448.93	f
160.740063	4830.66	frffff
160.810129	10220.43	flffff
160.920221	11706.30	frfff
160.970082	5650.90	flfff
161.120145	6123.21	frff
161.210107	1470.39	frf
161.280199	3663.99	flff
161.320191	7116.30	flf
161.330341	8500.66	frffffff
161.440176	6101.17	fl
161.45012	6444.27	fr
161.580149	7180.47	frfffff
161.610182	5473.42	flfffff
161.630723	17832.07	flffffff
161.640396	6448.93	f
161.740274	4830.66	frffff
161.820209	10220.43	flffff
161.920085	8858.84	frfff
161.940086	5650.90	flfff
162.120182	872.62	frff
162.201152	1470.39	frf
162.270124	3663.99	flff
162.300255	7116.30	flf
162.320286	8500.66	frffffff
162.440204	6101.17	fl
162.450195	920.67	fr
162.580134	7180.47	frfffff
162.620135	5473.42	flfffff
162.650277	6448.93	f
162.660381	17832.07	flffffff
162.740193	4830.66	frffff
162.810221	10220.43	flffff
162.930101	8858.84	frfff
162.990165	5650.90	flfff
163.130228	872.62	frff
163.210173	1470.39	frf
163.290264	3663.99	flff
163.310189	7116.30	flf
163.320169	8500.66	frffffff
163.450237	6101.17	fl
163.460242	920.67	fr
163.580425	7180.47	frfffff
163.620145	5473.42	flfffff
163.65005	17832.07	flffffff
163.660739	6448.93	f
163.780149	4830.66	frffff
163.810065	10220.43	flffff
163.930206	8858.84	frfff
163.9702	5650.90	flfff
164.140263	872.62	frff
164.211328	1470.39	frf
164.300348	3663.99	flff
164.320184	7116.30	flf
164.320267	8500.66	frffffff
164.451254	6101.17	fl
164.460463	920.67	fr
164.590144	7180.47	frfffff
164.611208	5473.42	flfffff
164.660209	6448.93	f
164.690049	17832.07	flffffff
164.81024	4830.66	frffff
164.840123	10220.43	flffff
164.930864	8858.84	frfff
164.970254	5650.90	flfff
165.1401	872.62	frff
165.22011	1470.39	frf
165.290082	3663.99	flff
165.320846	7116.30	flf
165.320993	8500.66	frffffff
165.460113	920.67	fr
165.470071	6101.17	fl
165.580234	7180.47	frfffff
165.620095	5473.42	flfffff
165.660261	6448.93	f
165.670241	5580.62	flffffff
165.820192	4830.66	frffff
165.840143	10220.43	flffff
165.930156	8858.84	frfff
165.980278	5650.90	flfff
166.140143	872.62	frff
166.22016	1470.39	frf
166.430155	3663.99	flff
166.43031	7116.30	flf
166.430458	8500.66	frffffff
166.470068	920.67	fr
166.470203	6101.17	fl
166.580295	7180.47	frfffff
166.6602	5473.42	flfffff
166.670273	6448.93	f
166.680147	5580.62	flffffff
166.820328	4830.66	frffff
166.830213	10220.43	flffff
166.930183	8858.84	frfff
166.970281	5650.90	flfff
167.140304	872.62	frff
167.220131	1470.39	frf
167.300129	3663.99	flff
167.330214	8500.66	frffffff
167.34027	7116.30	flf
167.470087	920.67	fr
167.470224	6101.17	fl
167.580257	7180.47	frfffff
167.66026	5473.42	flfffff
167.670265	6448.93	f
167.680139	5580.62	flffffff
167.820292	4830.66	frffff
167.830245	10220.43	flffff
167.940272	8858.84	frfff
167.971482	5650.90	flfff
168.150212	872.62	frff
168.220208	1470.39	frf
168.300198	3663.99	flff
168.330143	7116.30	flf
168.330292	8500.66	frffffff
168.470179	920.67	fr
168.490139	6101.17	fl
168.620211	7180.47	frfffff
168.660198	5473.42	flfffff
168.670065	6448.93	f
168.690478	5580.62	flffffff
168.820163	4830.66	frffff
168.850334	10220.43	flffff
168.960193	8858.84	frfff
169.000763	5650.90	flfff
169.18024	872.62	frff
169.230867	1470.39	frf
169.30016	3663.99	flff
169.330233	7116.30	flf
169.370183	8500.66	frffffff
169.470611	920.67	fr
169.490226	6101.17	fl
169.630252	7180.47	frfffff
169.650161	5473.42	flfffff
169.670237	6448.93	f
169.690101	5580.62	flffffff
169.810165	4830.66	frffff
169.861481	10220.43	flffff
169.980218	1265.56	frfff
169.980367	5650.90	flfff
170.200171	872.62	frff
170.24016	1398.67	frf
170.310149	3663.99	flff
170.33109	7116.30	flf
170.390118	8500.66	frffffff
170.490984	920.67	fr
170.491116	6101.17	fl
170.640155	7180.47	frfffff
170.660226	5473.42	flfffff
170.680224	6448.93	f
170.700229	5580.62	flffffff
170.82022	4830.66	frffff
170.860203	10220.43	flffff
170.970385	1265.56	frfff
170.970463	5650.90	flfff
171.190053	872.62	frff
171.230166	1398.67	frf
171.319483	3663.99	flff
171.340029	7116.30	flf
171.390282	8500.66	frffffff
171.480147	920.67	fr
171.490173	6101.17	fl
171.640246	7180.47	frfffff
171.670108	5473.42	flfffff
171.680241	6448.93	f
171.710169	5580.62	flffffff
171.820264	4830.66	frffff
171.880153	10220.43	flffff
171.970098	1265.56	frfff
172.010266	5650.90	flfff
172.210259	872.62	frff
172.240192	1398.67	frf
172.32007	3663.99	flff
172.340888	7116.30	flf
172.380249	8500.66	frffffff
172.48021	920.67	fr
172.510331	6101.17	fl
172.640188	7180.47	frfffff
172.690142	5473.42	flfffff
172.70023	6448.93	f
172.740913	5580.62	flffffff
172.820703	3658.87	frffff
172.880085	10220.43	flffff
172.980432	1265.56	frfff
173.020173	5650.90	flfff
173.200134	872.62	frff
173.240143	1398.67	frf
173.320264	3663.99	flff
173.360092	7116.30	flf
173.380236	8500.66	frffffff
173.510141	920.67	fr
173.530926	6101.17	fl
173.670122	7180.47	frfffff
173.680186	5473.42	flfffff
173.700262	6448.93	f
173.710206	5580.62	flffffff
173.830178	3658.87	frffff
173.87022	10220.43	flffff
173.960188	1265.56	frfff
174.040163	5650.90	flfff
174.210084	872.62	frff
174.240259	1398.67	frf
174.320267	3663.99	flff
174.350219	7116.30	flf
174.380098	8500.66	frffffff
174.50015	920.67	fr
174.510126	6101.17	fl
174.660209	7180.47	frfffff
174.700193	6448.93	f
174.710932	5473.42	flfffff
174.730287	5580.62	flffffff
174.830231	3658.87	frffff
174.870921	10220.43	flffff
174.970202	1265.56	frfff
175.04032	5650.90	flfff
175.200295	872.62	frff
175.240122	1398.67	frf
175.320084	3663.99	flff
175.360203	7116.30	flf
175.380173	8500.66	frffffff
175.500707	920.67	fr
175.520203	6101.17	fl
175.651423	7180.47	frfffff
175.700158	5473.42	flfffff
175.710138	6448.93	f
175.720361	5580.62	flffffff
175.850234	3658.87	frffff
175.891212	10220.43	flffff
175.971156	1265.56	frfff
176.050045	5650.90	flfff
176.210906	872.62	frff
176.250125	1398.67	frf
176.340219	3663.99	flff
176.371564	7116.30	flf
176.410193	8500.66	frffffff
176.510206	920.67	fr
176.530103	6101.17	fl
176.650126	5471.02	frfffff
176.700597	5473.42	flfffff
176.710334	6448.93	f
176.720501	5580.62	flffffff
176.830192	523.11	frffff
176.890208	10220.43	flffff
176.970257	1265.56	frfff
177.050278	5650.90	flfff
177.220215	872.62	frff
177.250193	1398.67	frf
177.32023	3663.99	flff
177.360565	7116.30	flf
177.390139	8500.66	frffffff
177.51012	920.67	fr
177.540153	6101.17	fl
177.650157	5471.02	frfffff
177.720227	5473.42	flfffff
177.720294	6448.93	f
177.740109	5580.62	flffffff
177.840762	523.11	frffff
177.890108	10220.43	flffff
177.970095	1265.56	frfff
178.071366	5650.90	flfff
178.210124	872.62	frff
178.250282	1398.67	frf
178.330166	3663.99	flff
178.360129	7116.30	flf
178.390536	8500.66	frffffff
178.520218	920.67	fr
178.540021	6101.17	fl
178.680192	5471.02	frfffff
178.701054	5473.42	flfffff
178.720222	5580.62	flffffff
178.730352	6448.93	f
178.840089	523.11	frffff
178.890268	10220.43	flffff
178.970305	1265.56	frfff
179.060185	5650.90	flfff
179.210153	872.62	frff
179.260588	1398.67	frf
179.330088	3663.99	flff
179.370139	7116.30	flf
179.390231	8500.66	frffffff
179.530166	920.67	fr
179.54018	6101.17	fl
179.670209	5471.02	frfffff
179.710125	5473.42	flfffff
179.730712	5580.62	flffffff
179.740236	6448.93	f
179.850152	523.11	frffff
179.900224	10220.43	flffff
180.041168	1265.56	frfff
180.070238	5650.90	flfff
180.240138	872.62	frff
180.280626	1398.67	frf
180.350185	3663.99	flff
180.390171	8500.66	frffffff
180.390242	7116.30	flf
180.540234	920.67	fr
180.55011	6101.17	fl
180.670489	5471.02	frfffff
180.740105	5580.62	flffffff
180.740173	6448.93	f
180.750778	5473.42	flfffff
180.840242	523.11	frffff
180.890193	10220.43	flffff
181.010159	1265.56	frfff
181.070311	5650.90	flfff
181.240185	872.62	frff
181.280181	1398.67	frf
181.350283	3663.99	flff
181.390162	7116.30	flf
181.410101	8500.66	frffffff
181.530212	920.67	fr
181.550062	6101.17	fl
181.680243	5471.02	frfffff
181.730344	5580.62	flffffff
181.730425	5473.42	flfffff
181.750281	6448.93	f
181.840145	523.11	frffff
181.890274	10220.43	flffff
182.010149	1265.56	frfff
182.090097	5650.90	flfff
182.223097	872.62	frff
182.2733	1398.67	frf
182.353295	3663.99	flff
182.383169	7116.30	flf
182.453296	8500.66	frffffff
182.563084	920.67	fr
182.584508	6101.17	fl
182.683306	5471.02	frfffff
182.763298	5473.42	flfffff
182.793143	6448.93	f
182.82305	5580.62	flffffff
182.843231	523.11	frffff
182.903067	10220.43	flffff
183.023253	1265.56	frfff
183.093177	5650.90	flfff
183.233263	872.62	frff
183.273083	1398.67	frf
183.353085	3663.99	flff
183.403271	7116.30	flf
183.413355	8500.66	frffffff
183.563169	920.67	fr
183.583103	6101.17	fl
183.683202	5471.02	frfffff
183.743166	5580.62	flffffff
183.743327	5473.42	flfffff
183.803243	6448.93	f
183.863289	523.11	frffff
183.913146	10220.43	flffff
184.033285	1265.56	frfff
184.113184	5650.90	flfff
184.233183	872.62	frff
184.273242	1398.67	frf
184.363235	3663.99	flff
184.423322	8500.66	frffffff
184.423471	7116.30	flf
184.57318	920.67	fr
184.593257	6101.17	fl
184.693106	5471.02	frfffff
184.753142	5580.62	flffffff
184.81321	5473.42	flfffff
184.823244	6448.93	f
184.853166	523.11	frffff
184.933111	10220.43	flffff
185.043208	1265.56	frfff
185.114267	5650.90	flfff
185.253121	872.62	frff
185.303152	1398.67	frf
185.37322	3663.99	flff
185.423102	8500.66	frffffff
185.423175	7116.30	flf
185.593298	920.67	fr
185.603164	6101.17	fl
185.69316	5471.02	frfffff
185.803094	5580.62	flffffff
185.81457	5473.42	flfffff
185.833201	6448.93	f
185.853198	523.11	frffff
185.923244	10220.43	flffff
186.043183	1265.56	frfff
186.09324	5650.90	flfff
186.243224	872.62	frff
186.303279	1398.67	frf
186.488045	3663.99	flff
186.488209	8500.66	frffffff
186.488354	7116.30	flf
186.593133	920.67	fr
186.623277	6101.17	fl
186.713284	5471.02	frfffff
186.813236	5473.42	flfffff
186.82324	5580.62	flffffff
186.833122	6448.93	f
186.863298	523.11	frffff
186.923059	10220.43	flffff
187.043159	1265.56	frfff
187.113162	5650.90	flfff
187.244205	872.62	frff
187.293209	1398.67	frf
187.393199	3663.99	flff
187.433241	7116.30	flf
187.443341	8500.66	frffffff
187.593856	920.67	fr
187.613287	6101.17	fl
187.703281	5471.02	frfffff
187.773302	5580.62	flffffff
187.813132	5473.42	flfffff
187.833036	6448.93	f
187.893224	523.11	frffff
187.943245	10220.43	flffff
188.05316	1265.56	frfff
188.133174	5650.90	flfff
188.253207	872.62	frff
188.313162	1398.67	frf
188.383149	3663.99	flff
188.44324	7116.30	flf
188.443409	6439.59	frffffff
188.613064	920.67	fr
188.62306	6101.17	fl
188.714097	5471.02	frfffff
188.843182	5580.62	flffffff
188.843347	5473.42	flfffff
188.853207	6448.93	f
188.873161	523.11	frffff
188.973254	10220.43	flffff
189.043685	1265.56	frfff
189.113037	5650.90	flfff
189.253089	872.62	frff
189.31312	1398.67	frf
189.38327	3663.99	flff
189.443237	7116.30	flf
189.443386	6439.59	frffffff
189.613203	920.67	fr
189.633147	6101.17	fl
189.713137	5471.02	frfffff
189.803122	5580.62	flffffff
189.824219	5473.42	flfffff
189.853245	6448.93	f
189.893139	523.11	frffff
189.943274	10220.43	flffff
190.064262	1265.55	frfff
190.133072	5650.90	flfff
190.253231	872.62	frff
190.33321	1398.67	frf
190.423215	3663.99	flff
190.443177	7116.30	flf
190.483203	6439.59	frffffff
190.633255	920.67	fr
190.65319	6101.17	fl
190.713256	5468.32	frfffff
190.783248	5580.62	flffffff
190.823329	5473.42	flfffff
190.873199	6448.93	f
190.87348	523.11	frffff
190.963125	10220.43	flffff
191.063112	1265.55	frfff
191.123248	5650.90	flfff
191.253292	872.62	frff
191.32332	1398.67	frf
191.403638	3663.99	flff
191.443254	7116.30	flf
191.45317	6439.59	frffffff
191.623149	920.67	fr
191.643289	6101.17	fl
191.733185	5468.32	frfffff
191.80324	5473.42	flfffff
191.82327	5580.57	flffffff
191.873653	6448.93	f
191.883225	523.11	frffff
191.973184	10220.43	flffff
192.063263	1265.55	frfff
192.143143	5650.90	flfff
192.26333	872.62	frff
192.323205	1332.72	frf
192.414241	3663.99	flff
192.443294	7116.30	flf
192.463135	6439.59	frffffff
192.633209	920.67	fr
192.64314	6101.17	fl
192.723125	5468.32	frfffff
192.843347	5473.42	flfffff
192.853212	5580.57	flffffff
192.883114	6448.93	f
192.89333	523.11	frffff
192.983194	10220.43	flffff
193.083215	1265.55	frfff
193.133106	5650.90	flfff
193.263181	872.62	frff
193.323337	1332.72	frf
193.413181	3663.99	flff
193.44309	7116.30	flf
193.463087	6439.59	frffffff
193.623539	920.67	fr
193.663117	6101.17	fl
193.723165	5468.32	frfffff
193.823236	5473.42	flfffff
193.843208	5580.57	flffffff
193.893152	6448.93	f
193.893435	523.11	frffff
193.963313	10220.43	flffff
194.063127	1265.55	frfff
194.133111	5650.90	flfff
194.273233	872.62	frff
194.33356	1332.72	frf
194.413483	3663.99	flff
194.453097	7116.30	flf
194.463096	6439.59	frffffff
194.633059	920.67	fr
194.663311	6101.17	fl
194.72409	5468.32	frfffff
194.813369	5473.42	flfffff
194.873165	5580.57	flffffff
194.893331	6448.93	f
194.913285	523.11	frffff
194.963065	10220.43	flffff
195.06319	1265.55	frfff
195.143289	5650.90	flfff
195.273138	872.62	frff
195.363321	1332.72	frf
195.43456	3663.99	flff
195.453209	7116.30	flf
195.483114	6439.59	frffffff
195.643167	920.67	fr
195.66311	6101.17	fl
195.723104	5468.32	frfffff
195.843255	5473.42	flfffff
195.893105	6448.93	f
195.904523	5580.57	flffffff
195.904599	523.11	frffff
195.983189	10220.43	flffff
196.083197	1265.55	frfff
196.143128	5650.90	flfff
196.273109	872.62	frff
196.384364	1332.72	frf
196.527083	3663.99	flff
196.527222	7116.30	flf
196.527365	6439.59	frffffff
196.643269	920.67	fr
196.683207	6101.17	fl
196.733155	5468.32	frfffff
196.833125	5473.42	flfffff
196.903168	6448.93	f
196.903455	5580.57	flffffff
196.903527	523.11	frffff
197.003222	10220.43	flffff
197.073127	1265.55	frfff
197.153111	5650.90	flfff
197.273315	872.62	frff
197.403176	1332.72	frf
197.45327	3663.99	flff
197.463144	7116.30	flf
197.483082	6439.59	frffffff
197.64329	920.67	fr
197.694502	6101.17	fl
197.74322	5468.32	frfffff
197.843095	5473.42	flfffff
197.903247	946.57	f
197.903522	523.11	frffff
197.903601	5580.57	flffffff
197.98323	10220.43	flffff
198.073236	1265.55	frfff
198.163117	5650.90	flfff
198.283485	872.62	frff
198.413189	1332.72	frf
198.443288	3663.99	flff
198.463281	7116.30	flf
198.47327	6439.59	frffffff
198.64311	920.67	fr
198.683268	6101.17	fl
198.743186	5468.32	frfffff
198.843569	5473.42	flfffff
198.903065	946.57	f
198.91321	523.11	frffff
198.96325	5580.57	flffffff
199.013331	10220.43	flffff
199.083729	1265.55	frfff
199.163751	5650.90	flfff
199.283247	872.62	frff
199.413232	1332.72	frf
199.453084	3663.99	flff
199.4631	7116.30	flf
199.473077	6439.59	frffffff
199.653272	920.67	fr
199.703157	6101.17	fl
199.743277	5468.32	frfffff
199.853189	5473.42	flfffff
199.903115	946.57	f
199.943154	5580.57	flffffff
199.94323	523.11	frffff
200.053292	10220.43	flffff
200.103047	1265.55	frfff
200.193593	5650.90	flfff
200.303137	872.62	frff
200.433256	1332.72	frf
200.453175	3663.99	flff
200.47309	7116.30	flf
200.493106	6439.59	frffffff
200.653937	920.67	fr
200.703125	6101.17	fl
200.743337	5468.32	frfffff
200.843136	5473.42	flfffff
200.913196	946.57	f
200.923251	5580.57	flffffff
200.923404	523.11	frffff
201.013184	10220.43	flffff
201.093277	1265.55	frfff
201.173138	5650.90	flfff
201.313238	872.62	frff
201.433222	1332.72	frf
201.45351	3663.99	flff
201.473305	7116.30	flf
201.503137	6439.59	frffffff
201.653229	920.67	fr
201.713144	6101.17	fl
201.823175	5468.32	frfffff
201.853297	5473.42	flfffff
201.913158	946.57	f
201.923036	523.11	frffff
201.963225	5580.57	flffffff
202.013741	10220.43	flffff
202.083128	1265.55	frfff
202.173653	5650.90	flfff
202.293124	872.62	frff
202.423224	1332.72	frf
202.453153	3663.99	flff
202.473071	7116.30	flf
202.484446	6439.59	frffffff
202.653186	920.67	fr
202.713185	6101.17	fl
202.803064	5468.32	frfffff
202.883178	5473.42	flfffff
202.913265	946.57	f
202.93317	523.11	frffff
202.963112	5580.57	flffffff
203.033168	10220.43	flffff
203.093249	1265.55	frfff
203.183103	5650.88	flfff
203.294188	872.62	frff
203.42315	1332.72	frf
203.473194	3663.99	flff
203.483172	7116.30	flf
203.503118	6439.59	frffffff
203.653207	920.67	fr
203.72316	6101.17	fl
203.803183	5468.32	frfffff
203.863202	5473.42	flfffff
203.933287	946.57	f
203.953178	523.11	frffff
203.97316	5580.57	flffffff
204.033189	10220.43	flffff
204.09351	1265.55	frfff
204.2232	5650.88	flfff
204.293184	872.62	frff
204.443225	1332.72	frf
204.48346	3663.99	flff
204.493324	7116.30	flf
204.493489	6439.59	frffffff
204.663241	920.67	fr
204.733159	876.12	fl
204.783167	5468.32	frfffff
204.883174	5473.42	flfffff
204.953345	946.57	f
204.963403	523.11	frffff
204.963484	5580.57	flffffff
205.033938	10220.43	flffff
205.093081	1265.55	frfff
205.203252	5650.88	flfff
205.303154	872.62	frff
205.453284	1332.72	frf
205.493077	3663.99	flff
205.493217	7116.30	flf
205.513978	6439.59	frffffff
205.673338	920.67	fr
205.733079	876.12	fl
205.793219	5468.32	frfffff
205.873104	5473.42	flfffff
205.96309	946.57	f
205.973072	523.11	frffff
205.983602	5580.57	flffffff
206.054587	10220.43	flffff
206.10311	1265.55	frfff
206.203076	5650.88	flfff
206.303201	872.62	frff
206.443147	1332.72	frf
206.571004	3663.99	flff
206.571151	1159.61	flf
206.571313	6439.59	frffffff
206.663232	920.67	fr
206.803231	876.12	fl
206.803398	5468.32	frfffff
206.883176	5473.42	flfffff
206.973199	946.57	f
206.973474	523.11	frffff
206.973553	5580.57	flffffff
207.063183	10220.43	flffff
207.103375	1265.55	frfff
207.233078	5650.88	flfff
207.313077	872.62	frff
207.44325	1332.72	frf
207.483097	3663.99	flff
207.503286	6439.59	frffffff
207.503427	1159.61	flf
207.663113	920.67	fr
207.773249	876.12	fl
207.803166	5468.32	frfffff
207.893188	5473.42	flfffff
207.963155	5580.57	flffffff
207.973081	523.11	frffff
207.983085	946.56	f
208.073066	10220.43	flffff
208.103229	1265.55	frfff
208.22309	5650.87	flfff
208.324033	872.62	frff
208.473124	1332.72	frf
208.513189	3663.99	flff
208.51333	1159.61	flf
208.533235	6439.59	frffffff
208.6931	920.67	fr
208.813283	876.12	fl
208.823318	5468.32	frfffff
208.913196	5473.42	flfffff
208.963035	523.11	frffff
208.98323	5580.57	flffffff
209.003197	946.56	f
209.063552	10220.43	flffff
209.103139	1265.55	frfff
209.223373	5650.87	flfff
209.32318	872.62	frff
209.473194	1332.72	frf
209.493174	3663.99	flff
209.503199	1159.61	flf
209.503347	6439.59	frffffff
209.673082	920.67	fr
209.803153	876.12	fl
209.81325	781.19	frfffff
209.903103	5473.42	flfffff
209.973127	523.11	frffff
209.97321	5580.57	flffffff
210.00334	946.56	f
210.074306	10220.43	flffff
210.103152	1265.55	frfff
210.213133	5650.87	flfff
210.323306	872.62	frff
210.473315	1332.72	frf
210.493158	3663.99	flff
210.503218	1159.61	flf
210.523203	6439.59	frffffff
210.673073	920.61	fr
210.803177	876.07	fl
210.823135	781.19	frfffff
210.893277	5473.42	flfffff
210.963175	523.11	frffff
210.993196	5580.57	flffffff
211.014531	946.56	f
211.073129	10220.43	flffff
211.103676	1265.55	frfff
211.233195	5650.87	flfff
211.32314	872.62	frff
211.473239	1332.72	frf
211.728047	3663.99	flff
211.728188	1159.61	flf
211.728331	6439.59	frffffff
211.728468	920.61	fr
211.803194	876.07	fl
211.813304	781.19	frfffff
211.903121	5473.42	flfffff
211.9632	523.11	frffff
212.023342	5580.57	flffffff
212.033224	946.56	f
212.073218	10220.43	flffff
212.113185	1265.55	frfff
212.253938	5650.87	flfff
212.33357	872.62	frff
212.473175	1332.72	frf
212.503291	3663.99	flff
212.513171	1159.61	flf
212.523195	6439.59	frffffff
212.693208	920.61	fr
212.813298	876.07	fl
212.823199	781.19	frfffff
212.92328	5473.42	flfffff
212.97338	523.11	frffff
213.033152	946.56	f
213.043272	4413.36	flffffff
213.073271	10220.43	flffff
213.113073	1265.55	frfff
213.253161	5650.87	flfff
213.32321	872.62	frff
213.483238	1332.72	frf
213.503092	3663.99	flff
213.51305	1159.61	flf
213.56316	6439.59	frffffff
213.693303	920.61	fr
213.803173	876.07	fl
213.813201	781.19	frfffff
213.913234	5473.42	flfffff
213.984406	523.11	frffff
214.013274	4413.36	flffffff
214.033232	946.56	f
214.083332	10220.43	flffff
214.123146	1265.55	frfff
214.253189	5650.87	flfff
214.333187	872.62	frff
214.48322	1332.72	frf
214.503154	3663.99	flff
214.513116	1159.61	flf
214.533101	6439.59	frffffff
214.693152	920.61	fr
214.803146	876.07	fl
214.813182	781.19	frfffff
214.913076	5473.42	flfffff
215.003075	523.11	frffff
215.043254	4413.36	flffffff
215.043319	946.56	f
215.083054	10220.43	flffff
215.1132	1265.55	frfff
215.273182	5650.87	flfff
215.343326	872.62	frff
215.483077	1332.72	frf
215.503193	3663.99	flff
215.513289	1159.61	flf
215.574265	6439.59	frffffff
215.693118	920.61	fr
215.813605	876.07	fl
215.823215	781.19	frfffff
215.913205	5473.42	flfffff
215.993247	523.11	frffff
216.033113	4413.36	flffffff
216.053639	946.56	f
216.09325	10220.43	flffff
216.123124	1265.55	frfff
216.273083	5650.87	flfff
216.383313	872.62	frff
216.493233	1332.72	frf
216.701174	3663.99	flff
216.701313	1159.61	flf
216.701454	6439.59	frffffff
216.703038	920.61	fr
216.81333	876.07	fl
216.823322	781.19	frfffff
216.923142	5473.42	flfffff
217.003145	523.11	frffff
217.023142	4413.36	flffffff
217.063167	946.56	f
217.103179	10220.43	flffff
217.124128	1265.55	frfff
217.273169	5650.87	flfff
217.363539	872.62	frff
217.493208	1332.72	frf
217.514248	3663.99	flff
217.523485	1159.61	flf
217.563108	6439.59	frffffff
217.703564	920.61	fr
217.80326	876.07	fl
217.823135	781.19	frfffff
217.923189	5473.42	flfffff
217.993171	0.00	frffff
218.013074	4413.36	flffffff
218.063155	946.56	f
218.093171	10220.43	flffff
218.13315	1265.55	frfff
