0.367982	26869.25	frf
0.398035	4.50	frflfr
0.408053	19672.61	fff
0.418088	2.73	frfff
0.428121	4.00	frflf
0.428258	4.94	frfl
0.438009	4.50	frfffl
0.438152	4.00	frff
0.457866	4.50	fffr
0.457931	4.75	fffl
0.547947	14859.64	fl
0.62791	5.00	ff
0.627971	5.00	fr
0.777924	4.99	f
1.157979	24217.61	frfl
1.179013	48954.68	frff
1.198097	3.37	frflfrf
1.198245	4.50	frflfr
1.208148	4.00	frflf
1.208216	4.50	frfffl
1.228018	24730.72	fffr
1.22815	17642.04	fffl
1.238023	2.73	frfff
1.387999	4.98	frf
1.437905	5.00	fff
1.597958	5.00	fr
1.598096	14859.64	fl
1.628038	5.00	ff
1.777887	4.99	f
1.988035	13518.27	frfff
2.007922	3.37	frflfrf
2.018091	4.50	frflfr
2.018158	4.50	frfffl
2.0379	5.00	frflf
2.898075	1023371108.56	f
2.898351	5.00	frfl
2.898412	5.00	frff
2.917988	14859.64	fl
2.918062	17642.04	fffl
2.927836	5.00	fffr
2.92797	4.98	frf
2.92815	5.00	fff
2.948018	5.00	fr
2.967965	5.00	ff
2.978093	8224.43	frfffl
2.978233	25552.81	frflfr
2.978375	3.37	frflfrf
3.718779	1093867489.86	fl
3.718859	26380402.01	fr
3.719041	5.00	frfff
3.719117	1160963682.64	ff
3.72834	5.00	frflf
3.728473	5.00	frff
3.728542	17642.04	fffl
3.738193	5.00	fffr
3.738255	5.00	frfl
3.738456	4.98	frf
3.748059	19067.12	frffflf
3.748119	2.94	fff
3.918217	25329.04	f
4.528046	834335888.36	frf
4.538017	5.00	frflfr
4.53816	4.47	frflf
4.538226	5.00	frfffl
4.548069	3.90	frfff
4.548224	1081009074.91	fff
4.557917	3.96	frfl
4.577873	17642.04	fffl
4.577937	5.00	frff
4.597898	5.00	fffr
4.737965	4212566.22	ff
4.738026	5.00	fr
4.738159	16635.14	fl
4.917911	25329.04	f
5.32811	2497575.93	frff
5.328195	839481432.43	frfl
5.338133	5.00	frflfrf
5.338199	5.00	frfffl
5.348018	5.00	frflfr
5.348236	4.47	frflf
5.358009	3.90	frfff
5.358092	265438105.04	fffr
5.358168	5398462.05	fffl
5.547951	150457.20	frf
5.598016	32439.33	fff
5.758058	16635.14	fl
5.787916	4212566.22	ff
5.788024	5.00	fr
5.928074	25329.04	f
6.117979	1792233461.17	frflf
6.128003	5.00	frflfrf
6.137959	1224489186.85	frfff
6.138091	5.00	frflfr
6.157987	5.00	frfffl
6.349141	43657.51	frff
6.368112	15723.53	frfl
6.388096	18051.42	fffl
6.407925	21487.19	fffr
6.55809	150457.20	frf
6.588011	32439.33	fff
6.767931	4212566.22	ff
6.787946	5.00	fr
6.788083	16635.14	fl
6.928106	1656568420.66	frflfr
6.928174	25329.04	f
6.938058	5.00	frflfrf
6.947929	127801769.04	frfffl
7.137915	58623.85	frflf
7.177994	25766.58	frfff
7.377897	43657.51	frff
7.378031	15723.53	frfl
7.40795	21487.19	fffr
7.408089	18051.42	fffl
7.557966	150457.20	frf
7.587905	32439.33	fff
7.757836	16635.14	fl
7.78812	4212566.22	ff
7.788258	452034798.05	frflfrf
7.788394	5.00	fr
7.927927	25329.04	f
7.948454	279570.78	frflfr
7.987961	16367.54	frfffl
8.14799	58623.85	frflf
8.157998	25766.58	frfff
8.378915	43657.51	frff
8.38819	15723.53	frfl
8.398015	18051.42	fffl
8.418056	21487.19	fffr
8.559122	150457.20	frf
8.588089	32439.33	fff
8.768062	16635.14	fl
8.78789	4212566.22	ff
8.797997	86442686.72	frflfrf
8.798058	5.00	fr
8.927993	25329.04	f
8.95795	279570.78	frflfr
8.97793	16367.54	frfffl
9.157896	58623.85	frflf
9.168026	25766.58	frfff
9.368035	15723.53	frfl
9.378001	43657.51	frff
9.407959	18051.42	fffl
9.408098	21487.19	fffr
9.558023	150457.20	frf
9.587989	32439.33	fff
9.757938	16635.14	fl
9.788056	4212566.22	ff
9.788165	5.00	fr
9.798047	86442686.72	frflfrf
9.937926	25329.04	f
9.947953	279570.78	frflfr
9.99793	16367.54	frfffl
10.158065	58623.85	frflf
10.167956	25766.58	frfff
10.377957	43657.51	frff
10.389329	15723.53	frfl
10.40805	18051.42	fffl
10.40819	21487.19	fffr
10.568874	150457.20	frf
10.598022	32439.33	fff
10.788043	5.00	fr
10.798017	16635.14	fl
10.798139	4212566.22	ff
10.79827	86442686.72	frflfrf
10.938043	25329.04	f
10.947954	279570.78	frflfr
10.977921	16367.54	frfffl
11.157986	58623.85	frflf
11.178833	25766.58	frfff
11.378081	43657.51	frff
11.387949	15723.53	frfl
11.417918	18051.42	fffl
11.418057	21487.19	fffr
11.567952	150457.20	frf
11.587929	32439.33	fff
11.767856	16635.14	fl
11.78902	4212566.22	ff
11.798356	5.00	fr
11.798566	86442686.72	frflfrf
11.937945	1.94	f
11.969116	279570.78	frflfr
11.978426	16367.54	frfffl
12.158042	58623.85	frflf
12.178077	25766.58	frfff
12.387882	43657.51	frff
12.397888	15723.53	frfl
12.409175	21487.19	fffr
12.418482	18051.42	fffl
12.577945	3.10	frf
12.608049	32439.33	fff
12.788044	5.00	fr
12.788182	16635.14	fl
12.7883	4212566.22	ff
12.797959	86442686.72	frflfrf
12.948001	1.94	f
12.978029	279570.78	frflfr
12.988025	16367.54	frfffl
13.1579	58623.85	frflf
13.187889	25766.58	frfff
13.377983	15723.53	frfl
13.378058	43657.51	frff
13.408054	18051.42	fffl
13.408193	21487.19	fffr
13.588006	3.10	frf
13.607875	32439.33	fff
13.787987	4212566.22	ff
13.799056	5.00	fr
13.808322	16635.14	fl
13.808453	86442686.72	frflfrf
13.95799	1.94	f
13.967995	279570.78	frflfr
13.9881	16367.54	frfffl
14.158226	58623.85	frflf
14.178032	25766.58	frfff
14.377929	43657.51	frff
14.387972	15723.53	frfl
14.419219	18051.42	fffl
14.419357	21487.19	fffr
14.587852	3.10	frf
14.59933	32439.33	fff
14.798042	5.00	fr
14.807953	16635.14	fl
14.808075	4212566.22	ff
14.818202	86442686.72	frflfrf
14.957831	1.94	f
14.988123	279570.78	frflfr
14.988264	16367.54	frfffl
15.158272	58623.85	frflf
15.177983	25766.58	frfff
15.388021	43657.51	frff
15.388097	15723.53	frfl
15.407883	18051.42	fffl
15.428503	21487.19	fffr
15.587933	3.10	frf
15.608502	32439.33	fff
15.788455	5.00	fr
15.788594	16635.14	fl
15.788711	4212566.22	ff
15.808005	86442686.72	frflfrf
15.968349	1.94	f
15.97809	279570.78	frflfr
16.007983	16367.54	frfffl
16.177974	58623.85	frflf
16.197972	25766.58	frfff
16.397927	43657.51	frff
16.399638	15723.53	frfl
16.437981	18051.42	fffl
16.438144	21487.19	fffr
16.598117	3.10	frf
16.627935	32439.33	fff
16.798107	5.00	fr
16.807991	16635.14	fl
16.808114	4212566.22	ff
16.808246	86442686.72	frflfrf
16.977998	1.94	f
16.997904	279570.78	frflfr
17.017928	16367.54	frfffl
17.177937	58623.85	frflf
17.217997	25766.58	frfff
17.398082	43657.51	frff
17.407935	15723.53	frfl
17.428005	18051.42	fffl
17.428145	21487.19	fffr
17.597964	2.97	frf
17.607861	32439.33	fff
17.787908	4.22	fr
17.788065	86442686.72	frflfrf
17.798843	16635.14	fl
17.808132	4212566.22	ff
17.98798	1.94	f
17.988291	279570.78	frflfr
18.008003	16367.54	frfffl
18.178071	58623.85	frflf
18.208044	25766.58	frfff
18.41809	4.06	frff
18.418229	2.56	frfl
18.437972	18051.42	fffl
18.447975	21487.19	fffr
18.598555	2.72	frf
18.617999	32439.33	fff
18.808022	4.22	fr
18.808164	16635.14	fl
18.818057	86442686.72	frflfrf
18.818132	4212566.22	ff
18.977969	279570.78	frflfr
18.997962	1.94	f
19.007982	16367.54	frfffl
19.177924	58623.85	frflf
19.198004	3.52	frfff
19.39818	4.06	frff
19.40818	2.56	frfl
19.428009	18051.42	fffl
19.438097	21487.19	fffr
19.618017	2.72	frf
19.638001	32439.33	fff
19.817922	4.22	fr
19.818063	16635.14	fl
19.818181	4212566.22	ff
19.828029	86442686.72	frflfrf
19.988032	279570.78	frflfr
19.99798	1.94	f
20.0096	16367.54	frfffl
20.189056	58623.85	frflf
20.207995	3.52	frfff
20.39801	4.06	frff
20.417916	2.56	frfl
20.427912	18051.42	fffl
20.459148	21487.19	fffr
20.617953	2.72	frf
20.618026	32439.33	fff
20.787959	4.22	fr
20.809102	16635.14	fl
20.818435	86442686.72	frflfrf
20.818509	4212566.22	ff
21.00796	1.94	f
21.018032	279570.78	frflfr
21.038056	16367.54	frfffl
21.218009	58623.85	frflf
21.237862	3.52	frfff
21.407931	4.06	frff
21.429062	2.56	frfl
21.458004	18051.42	fffl
21.477952	21487.19	fffr
21.618352	2.72	frf
21.62801	32439.33	fff
21.789345	4.22	fr
21.808119	16635.14	fl
21.828047	86442686.72	frflfrf
21.828198	4212566.22	ff
21.998095	279570.78	frflfr
22.018059	1.94	f
22.037915	16367.54	frfffl
22.197928	58623.85	frflf
22.217942	3.52	frfff
22.409152	4.06	frff
22.428011	2.56	frfl
22.448024	18051.42	fffl
22.468028	21487.19	fffr
22.638034	2.72	frf
22.638108	32439.33	fff
22.798054	4.22	fr
22.818029	16635.14	fl
22.828028	4212566.22	ff
22.838035	86442686.72	frflfrf
22.9979	279570.78	frflfr
23.017982	16367.54	frfffl
23.01804	1.94	f
23.197947	58623.85	frflf
23.218146	3.52	frfff
23.408018	4.06	frff
23.437893	2.56	frfl
23.447933	18051.42	fffl
23.467975	21487.19	fffr
23.627856	2.72	frf
23.648868	32439.33	fff
23.807849	4.22	fr
23.817966	16635.14	fl
23.828711	86442686.72	frflfrf
23.838023	4212566.22	ff
24.008488	279570.78	frflfr
24.01815	16367.54	frfffl
24.028089	1.94	f
24.218077	58623.85	frflf
24.227952	3.52	frfff
24.427914	4.06	frff
24.437952	2.56	frfl
24.449027	18051.42	fffl
24.478047	21487.19	fffr
24.628724	2.72	frf
24.638069	32439.33	fff
24.808743	4.22	fr
24.828085	16635.14	fl
24.828174	86442686.72	frflfrf
24.847974	4212566.22	ff
25.018024	279570.78	frflfr
25.027972	1.94	f
25.02832	16367.54	frfffl
25.197965	2.89	frflf
25.217973	3.52	frfff
25.438022	4.06	frff
25.458072	2.56	frfl
25.458146	18051.42	fffl
25.487954	21487.19	fffr
25.628031	2.72	frf
25.647907	32439.33	fff
31.036196	4.22	fr
31.036348	16635.14	fl
31.036466	4212566.22	ff
31.036597	86442686.72	frflfrf
31.046119	279570.78	frflfr
31.046237	1.94	f
31.046517	16367.54	frfffl
31.04664	2.89	frflf
31.046778	3.52	frfff
31.046914	4.06	frff
31.04706	18051.42	fffl
31.047183	2.56	frfl
31.047344	21487.19	fffr
41.506059	2.56	frfl
41.535975	4.84	fffr
41.575971	18051.42	fffl
41.686014	2.62	frf
41.766034	2.72	fff
41.875977	4.22	fr
41.936055	4.29	fl
42.00609	3.47	ff
42.025933	3.18	frflfrf
42.075913	1.94	f
42.096029	3.75	frfffl
42.116007	3.58	frflfr
42.275998	2.89	frflf
42.315926	3.52	frfff
42.476004	4.06	frff
42.505994	2.56	frfl
42.536206	4.84	fffr
42.585927	1.72	fffl
42.685922	2.62	frf
42.796561	2.72	fff
42.875851	4.22	fr
42.955853	4.29	fl
43.006016	3.47	ff
43.04591	3.18	frflfrf
43.076121	1.94	f
43.096007	3.75	frfffl
43.106133	3.58	frflfr
43.285923	2.89	frflf
43.316001	3.52	frfff
43.485987	4.06	frff
43.506419	2.56	frfl
43.596368	1.72	fffl
43.606123	4.84	fffr
43.696025	2.62	frf
43.806042	2.72	fff
43.886062	4.22	fr
43.966033	4.29	fl
44.005943	3.47	ff
44.046066	3.18	frflfrf
44.085924	1.94	f
44.105931	3.75	frfffl
44.106002	3.58	frflfr
44.27598	2.89	frflf
44.315987	3.52	frfff
44.486062	4.06	frff
44.506021	2.56	frfl
44.576101	4.84	fffr
44.595986	1.72	fffl
44.686015	2.62	frf
44.805874	2.72	fff
44.886032	4.22	fr
44.975988	4.29	fl
45.006044	3.47	ff
45.045914	3.18	frflfrf
45.086723	1.94	f
45.106074	3.75	frfffl
45.135946	3.58	frflfr
45.276098	2.89	frflf
45.385961	3.52	frfff
45.485904	4.06	frff
45.515926	2.56	frfl
45.585965	4.84	fffr
45.605965	1.72	fffl
45.695866	2.62	frf
45.806061	2.72	fff
45.896062	4.22	fr
46.006074	4.29	fl
46.015925	3.47	ff
46.076101	3.18	frflfrf
46.086136	1.94	f
46.115937	3.75	frfffl
46.145913	3.58	frflfr
46.285973	2.89	frflf
46.375915	3.52	frfff
46.495911	4.06	frff
46.516261	2.56	frfl
46.606236	4.84	fffr
46.626016	1.72	fffl
46.696444	2.62	frf
46.806034	2.72	fff
46.895968	4.22	fr
46.985922	4.29	fl
47.046436	3.47	ff
47.076077	3.18	frflfrf
47.085975	1.94	f
47.115897	3.75	frfffl
47.146099	3.58	frflfr
47.285955	2.89	frflf
47.385981	3.52	frfff
47.496109	4.06	frff
47.515999	2.56	frfl
47.625928	4.84	fffr
47.645987	1.72	fffl
47.735831	2.62	frf
47.805936	2.72	fff
47.926635	0.00	fr
47.995859	4.29	fl
48.035995	3.47	ff
48.095891	1.94	f
48.096175	3.18	frflfrf
48.126014	3.75	frfffl
48.165943	3.58	frflfr
48.315936	2.89	frflf
