0.189157	1825.00	frffffff
0.230245	530.33	frffff
0.240181	564.90	frfffff
0.310142	528.90	flff
0.400187	528.90	flffffff
0.400271	528.90	frfff
0.580298	566.33	flfffff
0.660026	566.33	flf
0.790032	528.90	fl
0.801006	528.90	flffff
0.820206	528.90	flfff
0.860072	548.33	f
0.941218	534.55	frff
0.950282	528.90	fr
0.990197	516.16	frf
1.180227	780.00	frffffff
1.230185	528.90	frffff
1.240294	528.90	frfffff
1.310189	528.90	flff
1.400075	495.72	flffffff
1.400149	528.90	frfff
1.580205	528.90	flfffff
1.66012	537.90	flf
1.790481	528.90	fl
1.800491	528.90	flffff
1.820165	528.90	flfff
1.861409	539.33	f
1.940532	534.55	frff
1.950263	528.90	fr
1.990095	491.62	frf
2.190223	430.00	frffffff
2.230025	517.32	frffff
2.250749	528.90	frfffff
2.310004	528.90	flff
2.400257	495.72	flffffff
2.400333	528.90	frfff
2.580048	502.45	flfffff
2.660062	528.90	flf
2.790106	528.90	fl
2.800183	528.90	flffff
2.820259	528.90	flfff
2.87005	528.90	f
2.940069	528.90	frff
2.950182	524.52	fr
2.990111	480.45	frf
3.190269	405.00	frffffff
3.23006	485.98	frffff
3.250057	528.90	frfffff
3.310127	512.73	flff
3.480628	488.29	flffffff
3.480699	528.90	frfff
3.580206	499.44	flfffff
3.67013	528.90	flf
3.790122	528.90	fl
3.800197	524.52	flffff
3.82009	528.90	flfff
3.870194	528.90	f
3.950066	528.90	frff
3.96002	499.44	fr
4.00018	480.45	frf
4.190252	129.00	frffffff
4.240044	485.98	frffff
4.250042	528.90	frfffff
4.320072	497.87	flff
4.400344	488.29	flffffff
4.410257	528.90	frfff
4.5801	491.08	flfffff
4.671009	528.90	flf
4.790072	528.90	fl
4.81057	492.28	flffff
4.820206	528.90	flfff
4.870008	528.90	f
4.951325	528.90	frff
4.960392	490.93	fr
5.000119	480.45	frf
5.190165	70.00	frffffff
5.240713	469.02	frffff
5.250267	528.90	frfffff
5.320101	482.08	flff
5.400486	488.29	flffffff
5.410214	528.90	frfff
5.58018	491.08	flfffff
5.671051	528.90	flf
5.800067	528.90	fl
5.810585	489.07	flffff
5.820215	528.90	flfff
5.870064	528.90	f
5.950523	528.90	frff
5.9602	490.93	fr
6.000042	480.45	frf
6.190235	70.00	frffffff
6.240276	469.02	frffff
6.250256	528.90	frfffff
6.320122	475.93	flff
6.41013	528.90	frfff
6.410212	488.29	flffffff
6.580244	490.93	flfffff
6.670159	528.90	flf
6.800137	528.90	fl
6.810135	487.52	flffff
6.830048	528.90	flfff
6.870093	528.90	f
6.950056	528.90	frff
6.960027	490.93	fr
7.000129	480.45	frf
7.191163	70.00	frffffff
7.241063	454.22	frffff
7.252214	521.73	frfffff
7.321015	475.93	flff
7.411152	488.29	flffffff
7.411226	528.90	frfff
7.591015	488.28	flfffff
7.671936	528.90	flf
7.800999	528.90	fl
7.811496	487.52	flffff
7.831134	528.90	flfff
7.871134	528.90	f
7.951773	528.90	frff
7.961267	490.93	fr
8.001062	480.45	frf
8.191218	70.00	frffffff
8.241166	454.22	frffff
8.251256	506.87	frfffff
8.321141	475.93	flff
8.417293	528.90	frfff
8.417373	488.29	flffffff
8.59129	488.28	flfffff
8.671108	528.90	flf
8.801135	528.90	fl
8.811114	487.52	flffff
8.831061	528.90	flfff
8.871232	525.37	f
8.951238	528.90	frff
8.961088	490.93	fr
9.002048	480.45	frf
9.191066	31.00	frffffff
9.241239	453.58	frffff
9.261135	499.44	frfffff
9.321182	475.93	flff
9.411052	488.29	flffffff
9.411127	528.90	frfff
9.591206	487.52	flfffff
9.671121	475.93	flf
9.801243	515.52	fl
9.811091	487.52	flffff
9.831043	475.93	flfff
9.871132	490.93	f
9.951177	480.45	frff
9.961117	480.45	fr
10.001245	480.45	frf
10.199026	10.00	frffffff
10.249211	453.58	frffff
10.259051	454.22	frfffff
10.329153	475.93	flff
10.41916	485.43	flffffff
10.419236	454.22	frfff
10.589198	487.52	flfffff
10.669155	475.93	flf
10.799157	487.94	fl
10.809254	487.52	flffff
10.829226	475.93	flfff
10.879152	490.93	f
10.949152	480.45	frff
10.969121	480.45	fr
11.009092	480.45	frf
11.199194	10.00	frffffff
11.249056	453.58	frffff
11.259822	446.42	frfffff
11.329777	475.93	flff
11.409192	485.43	flffffff
11.419144	454.22	frfff
11.589081	480.53	flfffff
11.67929	475.93	flf
11.799033	478.65	fl
11.810158	487.52	flffff
11.829341	475.93	flfff
11.880397	490.93	f
11.960169	480.45	frff
11.969447	480.45	fr
12.009124	480.45	frf
12.199391	10.00	frffffff
12.249094	453.58	frffff
12.26933	446.42	frfffff
12.329091	475.93	flff
12.409242	485.24	flffffff
12.419223	454.22	frfff
12.589094	448.02	flfffff
12.679099	475.93	flf
12.799238	466.90	fl
12.819085	487.52	flffff
12.829204	475.93	flfff
12.879215	490.93	f
12.959126	480.45	frff
12.969028	480.45	fr
13.009142	480.45	frf
13.199076	10.00	frffffff
13.249192	452.35	frffff
13.26911	446.42	frfffff
13.329194	475.93	flff
13.478697	454.22	frfff
13.478864	485.24	flffffff
13.589104	448.02	flfffff
13.679165	475.93	flf
13.809147	463.24	fl
13.819155	487.52	flffff
13.839042	475.93	flfff
13.879162	490.93	f
13.959174	480.45	frff
13.969182	480.45	fr
14.009204	480.45	frf
14.199776	10.00	frffffff
14.249136	446.49	frffff
14.270125	445.69	frfffff
14.329127	475.93	flff
14.419268	454.22	frfff
14.419363	485.24	flffffff
14.599117	445.55	flfffff
14.679121	475.93	flf
14.809115	447.89	fl
14.820251	480.53	flffff
14.839152	475.93	flfff
14.879086	490.93	f
14.959056	480.45	frff
14.969356	480.45	fr
15.009152	480.45	frf
15.199136	10.00	frffffff
15.249267	446.49	frffff
15.269293	445.64	frfffff
15.329304	475.93	flff
15.419189	446.42	frfff
15.419274	485.24	flffffff
15.59906	445.55	flfffff
15.679741	475.93	flf
15.809058	447.89	fl
15.819653	452.86	flffff
15.839319	475.93	flfff
15.889977	490.93	f
15.959861	480.45	frff
15.969355	480.45	fr
16.009129	480.45	frf
16.199208	10.00	frffffff
16.259186	446.49	frffff
16.269269	445.64	frfffff
16.329183	475.93	flff
16.419068	485.24	flffffff
16.429033	446.42	frfff
16.599257	441.77	flfffff
16.679282	475.93	flf
16.810201	447.89	fl
16.819357	452.86	flffff
16.839279	475.93	flfff
16.889772	490.93	f
16.969129	480.45	frff
16.979117	480.45	fr
17.019112	480.45	frf
17.199217	0.00	frffffff
17.259145	446.42	frffff
17.269145	445.64	frfffff
17.339096	475.93	flff
17.419159	485.24	flffffff
17.429169	446.42	frfff
17.599272	441.77	flfffff
17.679179	472.93	flf
17.809232	447.89	fl
17.819322	447.06	flffff
17.839164	475.93	flfff
17.889129	488.09	f
17.969072	480.45	frff
17.979168	480.45	fr
18.019214	480.45	frf
